[2.370s] Invoking command in '/home/rishiraj/GSOC_Playmotion2_plugin_based_system/ros2_ws/src/rqt_chat': PYTHONPATH=/home/rishiraj/GSOC_Playmotion2_plugin_based_system/ros2_ws/build/rqt_chat/prefix_override:/usr/lib/python3/dist-packages/colcon_core/task/python/colcon_distutils_commands:/home/rishiraj/GSOC_Playmotion2_plugin_based_system/ros2_ws/install/rqt_chat/lib/python3.10/site-packages:${PYTHONPATH} /usr/bin/python3 -W ignore:setup.py install is deprecated -W ignore:easy_install command is deprecated setup.py egg_info --egg-base ../../build/rqt_chat build --build-base /home/rishiraj/GSOC_Playmotion2_plugin_based_system/ros2_ws/build/rqt_chat/build install --record /home/rishiraj/GSOC_Playmotion2_plugin_based_system/ros2_ws/build/rqt_chat/install.log --single-version-externally-managed install_data
[3.051s] running egg_info
[3.057s] writing ../../build/rqt_chat/rqt_chat.egg-info/PKG-INFO
[3.057s] writing dependency_links to ../../build/rqt_chat/rqt_chat.egg-info/dependency_links.txt
[3.057s] writing entry points to ../../build/rqt_chat/rqt_chat.egg-info/entry_points.txt
[3.057s] writing requirements to ../../build/rqt_chat/rqt_chat.egg-info/requires.txt
[3.058s] writing top-level names to ../../build/rqt_chat/rqt_chat.egg-info/top_level.txt
[3.059s] reading manifest file '../../build/rqt_chat/rqt_chat.egg-info/SOURCES.txt'
[3.059s] adding license file 'LICENSE'
[3.063s] writing manifest file '../../build/rqt_chat/rqt_chat.egg-info/SOURCES.txt'
[3.063s] running build
[3.063s] running build_py
[3.064s] running install
[3.064s] running install_lib
[3.069s] running install_data
[3.069s] running install_egg_info
[3.075s] removing '/home/rishiraj/GSOC_Playmotion2_plugin_based_system/ros2_ws/install/rqt_chat/lib/python3.10/site-packages/rqt_chat-1.4.0-py3.10.egg-info' (and everything under it)
[3.076s] Copying ../../build/rqt_chat/rqt_chat.egg-info to /home/rishiraj/GSOC_Playmotion2_plugin_based_system/ros2_ws/install/rqt_chat/lib/python3.10/site-packages/rqt_chat-1.4.0-py3.10.egg-info
[3.078s] running install_scripts
[3.132s] writing list of installed files to '/home/rishiraj/GSOC_Playmotion2_plugin_based_system/ros2_ws/build/rqt_chat/install.log'
[3.209s] Invoked command in '/home/rishiraj/GSOC_Playmotion2_plugin_based_system/ros2_ws/src/rqt_chat' returned '0': PYTHONPATH=/home/rishiraj/GSOC_Playmotion2_plugin_based_system/ros2_ws/build/rqt_chat/prefix_override:/usr/lib/python3/dist-packages/colcon_core/task/python/colcon_distutils_commands:/home/rishiraj/GSOC_Playmotion2_plugin_based_system/ros2_ws/install/rqt_chat/lib/python3.10/site-packages:${PYTHONPATH} /usr/bin/python3 -W ignore:setup.py install is deprecated -W ignore:easy_install command is deprecated setup.py egg_info --egg-base ../../build/rqt_chat build --build-base /home/rishiraj/GSOC_Playmotion2_plugin_based_system/ros2_ws/build/rqt_chat/build install --record /home/rishiraj/GSOC_Playmotion2_plugin_based_system/ros2_ws/build/rqt_chat/install.log --single-version-externally-managed install_data
