[0.082s] DEBUG:colcon:Command line arguments: ['/usr/bin/colcon', 'build', '--symlink-install']
[0.083s] DEBUG:colcon:Parsed command line arguments: Namespace(log_base=None, log_level=None, verb_name='build', build_base='build', install_base='install', merge_install=False, symlink_install=True, test_result_base=None, continue_on_error=False, executor='parallel', parallel_workers=8, event_handlers=None, ignore_user_meta=False, metas=['./colcon.meta'], base_paths=['.'], packages_ignore=None, packages_ignore_regex=None, paths=None, packages_up_to=None, packages_up_to_regex=None, packages_above=None, packages_above_and_dependencies=None, packages_above_depth=None, packages_select_by_dep=None, packages_skip_by_dep=None, packages_skip_up_to=None, packages_select_build_failed=False, packages_skip_build_finished=False, packages_select_test_failures=False, packages_skip_test_passed=False, packages_select=None, packages_skip=None, packages_select_regex=None, packages_skip_regex=None, packages_start=None, packages_end=None, allow_overriding=[], cmake_args=None, cmake_target=None, cmake_target_skip_unavailable=False, cmake_clean_cache=False, cmake_clean_first=False, cmake_force_configure=False, ament_cmake_args=None, catkin_cmake_args=None, catkin_skip_building_tests=False, verb_parser=<colcon_defaults.argument_parser.defaults.DefaultArgumentsDecorator object at 0x7fc437f666b0>, verb_extension=<colcon_core.verb.build.BuildVerb object at 0x7fc437f66140>, main=<bound method BuildVerb.main of <colcon_core.verb.build.BuildVerb object at 0x7fc437f66140>>)
[0.200s] Level 1:colcon.colcon_core.package_discovery:discover_packages(colcon_meta) check parameters
[0.200s] Level 1:colcon.colcon_core.package_discovery:discover_packages(recursive) check parameters
[0.200s] Level 1:colcon.colcon_core.package_discovery:discover_packages(ignore) check parameters
[0.200s] Level 1:colcon.colcon_core.package_discovery:discover_packages(path) check parameters
[0.200s] Level 1:colcon.colcon_core.package_discovery:discover_packages(colcon_meta) discover
[0.200s] Level 1:colcon.colcon_core.package_discovery:discover_packages(recursive) discover
[0.200s] INFO:colcon.colcon_core.package_discovery:Crawling recursively for packages in '/home/rishiraj/GSOC_Playmotion2_plugin_based_system/ros2_ws'
[0.200s] Level 1:colcon.colcon_core.package_identification:_identify(.) by extensions ['ignore', 'ignore_ament_install']
[0.201s] Level 1:colcon.colcon_core.package_identification:_identify(.) by extension 'ignore'
[0.201s] Level 1:colcon.colcon_core.package_identification:_identify(.) by extension 'ignore_ament_install'
[0.201s] Level 1:colcon.colcon_core.package_identification:_identify(.) by extensions ['colcon_pkg']
[0.201s] Level 1:colcon.colcon_core.package_identification:_identify(.) by extension 'colcon_pkg'
[0.201s] Level 1:colcon.colcon_core.package_identification:_identify(.) by extensions ['colcon_meta']
[0.201s] Level 1:colcon.colcon_core.package_identification:_identify(.) by extension 'colcon_meta'
[0.201s] Level 1:colcon.colcon_core.package_identification:_identify(.) by extensions ['ros']
[0.201s] Level 1:colcon.colcon_core.package_identification:_identify(.) by extension 'ros'
[0.208s] Level 1:colcon.colcon_core.package_identification:_identify(.) by extensions ['cmake', 'python']
[0.208s] Level 1:colcon.colcon_core.package_identification:_identify(.) by extension 'cmake'
[0.208s] Level 1:colcon.colcon_core.package_identification:_identify(.) by extension 'python'
[0.208s] Level 1:colcon.colcon_core.package_identification:_identify(.) by extensions ['python_setup_py']
[0.208s] Level 1:colcon.colcon_core.package_identification:_identify(.) by extension 'python_setup_py'
[0.208s] Level 1:colcon.colcon_core.package_identification:_identify(build) by extensions ['ignore', 'ignore_ament_install']
[0.208s] Level 1:colcon.colcon_core.package_identification:_identify(build) by extension 'ignore'
[0.208s] Level 1:colcon.colcon_core.package_identification:_identify(build) ignored
[0.208s] Level 1:colcon.colcon_core.package_identification:_identify(install) by extensions ['ignore', 'ignore_ament_install']
[0.209s] Level 1:colcon.colcon_core.package_identification:_identify(install) by extension 'ignore'
[0.209s] Level 1:colcon.colcon_core.package_identification:_identify(install) ignored
[0.209s] Level 1:colcon.colcon_core.package_identification:_identify(log) by extensions ['ignore', 'ignore_ament_install']
[0.209s] Level 1:colcon.colcon_core.package_identification:_identify(log) by extension 'ignore'
[0.209s] Level 1:colcon.colcon_core.package_identification:_identify(log) ignored
[0.209s] Level 1:colcon.colcon_core.package_identification:_identify(src) by extensions ['ignore', 'ignore_ament_install']
[0.209s] Level 1:colcon.colcon_core.package_identification:_identify(src) by extension 'ignore'
[0.209s] Level 1:colcon.colcon_core.package_identification:_identify(src) by extension 'ignore_ament_install'
[0.209s] Level 1:colcon.colcon_core.package_identification:_identify(src) by extensions ['colcon_pkg']
[0.209s] Level 1:colcon.colcon_core.package_identification:_identify(src) by extension 'colcon_pkg'
[0.209s] Level 1:colcon.colcon_core.package_identification:_identify(src) by extensions ['colcon_meta']
[0.209s] Level 1:colcon.colcon_core.package_identification:_identify(src) by extension 'colcon_meta'
[0.209s] Level 1:colcon.colcon_core.package_identification:_identify(src) by extensions ['ros']
[0.209s] Level 1:colcon.colcon_core.package_identification:_identify(src) by extension 'ros'
[0.209s] Level 1:colcon.colcon_core.package_identification:_identify(src) by extensions ['cmake', 'python']
[0.209s] Level 1:colcon.colcon_core.package_identification:_identify(src) by extension 'cmake'
[0.209s] Level 1:colcon.colcon_core.package_identification:_identify(src) by extension 'python'
[0.209s] Level 1:colcon.colcon_core.package_identification:_identify(src) by extensions ['python_setup_py']
[0.209s] Level 1:colcon.colcon_core.package_identification:_identify(src) by extension 'python_setup_py'
[0.209s] Level 1:colcon.colcon_core.package_identification:_identify(src/build) by extensions ['ignore', 'ignore_ament_install']
[0.209s] Level 1:colcon.colcon_core.package_identification:_identify(src/build) by extension 'ignore'
[0.209s] Level 1:colcon.colcon_core.package_identification:_identify(src/build) ignored
[0.209s] Level 1:colcon.colcon_core.package_identification:_identify(src/install) by extensions ['ignore', 'ignore_ament_install']
[0.209s] Level 1:colcon.colcon_core.package_identification:_identify(src/install) by extension 'ignore'
[0.209s] Level 1:colcon.colcon_core.package_identification:_identify(src/install) ignored
[0.210s] Level 1:colcon.colcon_core.package_identification:_identify(src/log) by extensions ['ignore', 'ignore_ament_install']
[0.210s] Level 1:colcon.colcon_core.package_identification:_identify(src/log) by extension 'ignore'
[0.210s] Level 1:colcon.colcon_core.package_identification:_identify(src/log) ignored
[0.210s] Level 1:colcon.colcon_core.package_identification:_identify(src/my_robot_contoller) by extensions ['ignore', 'ignore_ament_install']
[0.210s] Level 1:colcon.colcon_core.package_identification:_identify(src/my_robot_contoller) by extension 'ignore'
[0.210s] Level 1:colcon.colcon_core.package_identification:_identify(src/my_robot_contoller) by extension 'ignore_ament_install'
[0.210s] Level 1:colcon.colcon_core.package_identification:_identify(src/my_robot_contoller) by extensions ['colcon_pkg']
[0.210s] Level 1:colcon.colcon_core.package_identification:_identify(src/my_robot_contoller) by extension 'colcon_pkg'
[0.210s] Level 1:colcon.colcon_core.package_identification:_identify(src/my_robot_contoller) by extensions ['colcon_meta']
[0.210s] Level 1:colcon.colcon_core.package_identification:_identify(src/my_robot_contoller) by extension 'colcon_meta'
[0.210s] Level 1:colcon.colcon_core.package_identification:_identify(src/my_robot_contoller) by extensions ['ros']
[0.210s] Level 1:colcon.colcon_core.package_identification:_identify(src/my_robot_contoller) by extension 'ros'
[0.212s] DEBUG:colcon.colcon_core.package_identification:Package 'src/my_robot_contoller' with type 'ros.ament_python' and name 'my_robot_contoller'
[0.212s] Level 1:colcon.colcon_core.package_identification:_identify(src/ros4hri) by extensions ['ignore', 'ignore_ament_install']
[0.212s] Level 1:colcon.colcon_core.package_identification:_identify(src/ros4hri) by extension 'ignore'
[0.212s] Level 1:colcon.colcon_core.package_identification:_identify(src/ros4hri) by extension 'ignore_ament_install'
[0.212s] Level 1:colcon.colcon_core.package_identification:_identify(src/ros4hri) by extensions ['colcon_pkg']
[0.212s] Level 1:colcon.colcon_core.package_identification:_identify(src/ros4hri) by extension 'colcon_pkg'
[0.212s] Level 1:colcon.colcon_core.package_identification:_identify(src/ros4hri) by extensions ['colcon_meta']
[0.212s] Level 1:colcon.colcon_core.package_identification:_identify(src/ros4hri) by extension 'colcon_meta'
[0.212s] Level 1:colcon.colcon_core.package_identification:_identify(src/ros4hri) by extensions ['ros']
[0.212s] Level 1:colcon.colcon_core.package_identification:_identify(src/ros4hri) by extension 'ros'
[0.212s] Level 1:colcon.colcon_core.package_identification:_identify(src/ros4hri) by extensions ['cmake', 'python']
[0.212s] Level 1:colcon.colcon_core.package_identification:_identify(src/ros4hri) by extension 'cmake'
[0.212s] Level 1:colcon.colcon_core.package_identification:_identify(src/ros4hri) by extension 'python'
[0.212s] Level 1:colcon.colcon_core.package_identification:_identify(src/ros4hri) by extensions ['python_setup_py']
[0.212s] Level 1:colcon.colcon_core.package_identification:_identify(src/ros4hri) by extension 'python_setup_py'
[0.212s] Level 1:colcon.colcon_core.package_identification:_identify(src/ros4hri/doc) by extensions ['ignore', 'ignore_ament_install']
[0.212s] Level 1:colcon.colcon_core.package_identification:_identify(src/ros4hri/doc) by extension 'ignore'
[0.212s] Level 1:colcon.colcon_core.package_identification:_identify(src/ros4hri/doc) by extension 'ignore_ament_install'
[0.212s] Level 1:colcon.colcon_core.package_identification:_identify(src/ros4hri/doc) by extensions ['colcon_pkg']
[0.212s] Level 1:colcon.colcon_core.package_identification:_identify(src/ros4hri/doc) by extension 'colcon_pkg'
[0.212s] Level 1:colcon.colcon_core.package_identification:_identify(src/ros4hri/doc) by extensions ['colcon_meta']
[0.212s] Level 1:colcon.colcon_core.package_identification:_identify(src/ros4hri/doc) by extension 'colcon_meta'
[0.213s] Level 1:colcon.colcon_core.package_identification:_identify(src/ros4hri/doc) by extensions ['ros']
[0.213s] Level 1:colcon.colcon_core.package_identification:_identify(src/ros4hri/doc) by extension 'ros'
[0.213s] Level 1:colcon.colcon_core.package_identification:_identify(src/ros4hri/doc) by extensions ['cmake', 'python']
[0.213s] Level 1:colcon.colcon_core.package_identification:_identify(src/ros4hri/doc) by extension 'cmake'
[0.213s] Level 1:colcon.colcon_core.package_identification:_identify(src/ros4hri/doc) by extension 'python'
[0.213s] Level 1:colcon.colcon_core.package_identification:_identify(src/ros4hri/doc) by extensions ['python_setup_py']
[0.213s] Level 1:colcon.colcon_core.package_identification:_identify(src/ros4hri/doc) by extension 'python_setup_py'
[0.213s] Level 1:colcon.colcon_core.package_identification:_identify(src/rqt_chat) by extensions ['ignore', 'ignore_ament_install']
[0.213s] Level 1:colcon.colcon_core.package_identification:_identify(src/rqt_chat) by extension 'ignore'
[0.213s] Level 1:colcon.colcon_core.package_identification:_identify(src/rqt_chat) by extension 'ignore_ament_install'
[0.213s] Level 1:colcon.colcon_core.package_identification:_identify(src/rqt_chat) by extensions ['colcon_pkg']
[0.213s] Level 1:colcon.colcon_core.package_identification:_identify(src/rqt_chat) by extension 'colcon_pkg'
[0.213s] Level 1:colcon.colcon_core.package_identification:_identify(src/rqt_chat) by extensions ['colcon_meta']
[0.213s] Level 1:colcon.colcon_core.package_identification:_identify(src/rqt_chat) by extension 'colcon_meta'
[0.213s] Level 1:colcon.colcon_core.package_identification:_identify(src/rqt_chat) by extensions ['ros']
[0.213s] Level 1:colcon.colcon_core.package_identification:_identify(src/rqt_chat) by extension 'ros'
[0.251s] DEBUG:colcon.colcon_core.package_identification:Package 'src/rqt_chat' with type 'ros.ament_python' and name 'rqt_chat'
[0.251s] Level 1:colcon.colcon_core.package_identification:_identify(src/string_plugin_system) by extensions ['ignore', 'ignore_ament_install']
[0.251s] Level 1:colcon.colcon_core.package_identification:_identify(src/string_plugin_system) by extension 'ignore'
[0.251s] Level 1:colcon.colcon_core.package_identification:_identify(src/string_plugin_system) by extension 'ignore_ament_install'
[0.251s] Level 1:colcon.colcon_core.package_identification:_identify(src/string_plugin_system) by extensions ['colcon_pkg']
[0.251s] Level 1:colcon.colcon_core.package_identification:_identify(src/string_plugin_system) by extension 'colcon_pkg'
[0.251s] Level 1:colcon.colcon_core.package_identification:_identify(src/string_plugin_system) by extensions ['colcon_meta']
[0.251s] Level 1:colcon.colcon_core.package_identification:_identify(src/string_plugin_system) by extension 'colcon_meta'
[0.251s] Level 1:colcon.colcon_core.package_identification:_identify(src/string_plugin_system) by extensions ['ros']
[0.251s] Level 1:colcon.colcon_core.package_identification:_identify(src/string_plugin_system) by extension 'ros'
[0.252s] DEBUG:colcon.colcon_core.package_identification:Package 'src/string_plugin_system' with type 'ros.ament_cmake' and name 'string_plugin_system'
[0.252s] Level 1:colcon.colcon_core.package_identification:_identify(src/tiago_arm_trajectory) by extensions ['ignore', 'ignore_ament_install']
[0.252s] Level 1:colcon.colcon_core.package_identification:_identify(src/tiago_arm_trajectory) by extension 'ignore'
[0.252s] Level 1:colcon.colcon_core.package_identification:_identify(src/tiago_arm_trajectory) by extension 'ignore_ament_install'
[0.252s] Level 1:colcon.colcon_core.package_identification:_identify(src/tiago_arm_trajectory) by extensions ['colcon_pkg']
[0.252s] Level 1:colcon.colcon_core.package_identification:_identify(src/tiago_arm_trajectory) by extension 'colcon_pkg'
[0.252s] Level 1:colcon.colcon_core.package_identification:_identify(src/tiago_arm_trajectory) by extensions ['colcon_meta']
[0.252s] Level 1:colcon.colcon_core.package_identification:_identify(src/tiago_arm_trajectory) by extension 'colcon_meta'
[0.252s] Level 1:colcon.colcon_core.package_identification:_identify(src/tiago_arm_trajectory) by extensions ['ros']
[0.252s] Level 1:colcon.colcon_core.package_identification:_identify(src/tiago_arm_trajectory) by extension 'ros'
[0.253s] DEBUG:colcon.colcon_core.package_identification:Package 'src/tiago_arm_trajectory' with type 'ros.ament_cmake' and name 'tiago_arm_trajectory'
[0.253s] Level 1:colcon.colcon_core.package_discovery:discover_packages(recursive) using defaults
[0.253s] Level 1:colcon.colcon_core.package_discovery:discover_packages(ignore) discover
[0.253s] Level 1:colcon.colcon_core.package_discovery:discover_packages(ignore) using defaults
[0.253s] Level 1:colcon.colcon_core.package_discovery:discover_packages(path) discover
[0.253s] Level 1:colcon.colcon_core.package_discovery:discover_packages(path) using defaults
[0.275s] Level 1:colcon.colcon_core.package_discovery:discover_packages(prefix_path) check parameters
[0.275s] Level 1:colcon.colcon_core.package_discovery:discover_packages(prefix_path) discover
[0.277s] DEBUG:colcon.colcon_installed_package_information.package_discovery:Found 38 installed packages in /home/rishiraj/tiago_public_ws/install
[0.278s] DEBUG:colcon.colcon_installed_package_information.package_discovery:Found 4 installed packages in /home/rishiraj/ros2_ws/install
[0.279s] DEBUG:colcon.colcon_installed_package_information.package_discovery:Found 432 installed packages in /opt/ros/humble
[0.281s] Level 1:colcon.colcon_core.package_discovery:discover_packages(prefix_path) using defaults
[0.316s] Level 5:colcon.colcon_core.verb:set package 'my_robot_contoller' build argument 'cmake_args' from command line to 'None'
[0.316s] Level 5:colcon.colcon_core.verb:set package 'my_robot_contoller' build argument 'cmake_target' from command line to 'None'
[0.316s] Level 5:colcon.colcon_core.verb:set package 'my_robot_contoller' build argument 'cmake_target_skip_unavailable' from command line to 'False'
[0.316s] Level 5:colcon.colcon_core.verb:set package 'my_robot_contoller' build argument 'cmake_clean_cache' from command line to 'False'
[0.316s] Level 5:colcon.colcon_core.verb:set package 'my_robot_contoller' build argument 'cmake_clean_first' from command line to 'False'
[0.316s] Level 5:colcon.colcon_core.verb:set package 'my_robot_contoller' build argument 'cmake_force_configure' from command line to 'False'
[0.316s] Level 5:colcon.colcon_core.verb:set package 'my_robot_contoller' build argument 'ament_cmake_args' from command line to 'None'
[0.316s] Level 5:colcon.colcon_core.verb:set package 'my_robot_contoller' build argument 'catkin_cmake_args' from command line to 'None'
[0.316s] Level 5:colcon.colcon_core.verb:set package 'my_robot_contoller' build argument 'catkin_skip_building_tests' from command line to 'False'
[0.316s] DEBUG:colcon.colcon_core.verb:Building package 'my_robot_contoller' with the following arguments: {'ament_cmake_args': None, 'build_base': '/home/rishiraj/GSOC_Playmotion2_plugin_based_system/ros2_ws/build/my_robot_contoller', 'catkin_cmake_args': None, 'catkin_skip_building_tests': False, 'cmake_args': None, 'cmake_clean_cache': False, 'cmake_clean_first': False, 'cmake_force_configure': False, 'cmake_target': None, 'cmake_target_skip_unavailable': False, 'install_base': '/home/rishiraj/GSOC_Playmotion2_plugin_based_system/ros2_ws/install/my_robot_contoller', 'merge_install': False, 'path': '/home/rishiraj/GSOC_Playmotion2_plugin_based_system/ros2_ws/src/my_robot_contoller', 'symlink_install': True, 'test_result_base': None}
[0.316s] Level 5:colcon.colcon_core.verb:set package 'rqt_chat' build argument 'cmake_args' from command line to 'None'
[0.316s] Level 5:colcon.colcon_core.verb:set package 'rqt_chat' build argument 'cmake_target' from command line to 'None'
[0.316s] Level 5:colcon.colcon_core.verb:set package 'rqt_chat' build argument 'cmake_target_skip_unavailable' from command line to 'False'
[0.316s] Level 5:colcon.colcon_core.verb:set package 'rqt_chat' build argument 'cmake_clean_cache' from command line to 'False'
[0.316s] Level 5:colcon.colcon_core.verb:set package 'rqt_chat' build argument 'cmake_clean_first' from command line to 'False'
[0.316s] Level 5:colcon.colcon_core.verb:set package 'rqt_chat' build argument 'cmake_force_configure' from command line to 'False'
[0.316s] Level 5:colcon.colcon_core.verb:set package 'rqt_chat' build argument 'ament_cmake_args' from command line to 'None'
[0.316s] Level 5:colcon.colcon_core.verb:set package 'rqt_chat' build argument 'catkin_cmake_args' from command line to 'None'
[0.316s] Level 5:colcon.colcon_core.verb:set package 'rqt_chat' build argument 'catkin_skip_building_tests' from command line to 'False'
[0.316s] DEBUG:colcon.colcon_core.verb:Building package 'rqt_chat' with the following arguments: {'ament_cmake_args': None, 'build_base': '/home/rishiraj/GSOC_Playmotion2_plugin_based_system/ros2_ws/build/rqt_chat', 'catkin_cmake_args': None, 'catkin_skip_building_tests': False, 'cmake_args': None, 'cmake_clean_cache': False, 'cmake_clean_first': False, 'cmake_force_configure': False, 'cmake_target': None, 'cmake_target_skip_unavailable': False, 'install_base': '/home/rishiraj/GSOC_Playmotion2_plugin_based_system/ros2_ws/install/rqt_chat', 'merge_install': False, 'path': '/home/rishiraj/GSOC_Playmotion2_plugin_based_system/ros2_ws/src/rqt_chat', 'symlink_install': True, 'test_result_base': None}
[0.317s] Level 5:colcon.colcon_core.verb:set package 'string_plugin_system' build argument 'cmake_args' from command line to 'None'
[0.317s] Level 5:colcon.colcon_core.verb:set package 'string_plugin_system' build argument 'cmake_target' from command line to 'None'
[0.317s] Level 5:colcon.colcon_core.verb:set package 'string_plugin_system' build argument 'cmake_target_skip_unavailable' from command line to 'False'
[0.317s] Level 5:colcon.colcon_core.verb:set package 'string_plugin_system' build argument 'cmake_clean_cache' from command line to 'False'
[0.317s] Level 5:colcon.colcon_core.verb:set package 'string_plugin_system' build argument 'cmake_clean_first' from command line to 'False'
[0.317s] Level 5:colcon.colcon_core.verb:set package 'string_plugin_system' build argument 'cmake_force_configure' from command line to 'False'
[0.317s] Level 5:colcon.colcon_core.verb:set package 'string_plugin_system' build argument 'ament_cmake_args' from command line to 'None'
[0.317s] Level 5:colcon.colcon_core.verb:set package 'string_plugin_system' build argument 'catkin_cmake_args' from command line to 'None'
[0.317s] Level 5:colcon.colcon_core.verb:set package 'string_plugin_system' build argument 'catkin_skip_building_tests' from command line to 'False'
[0.317s] DEBUG:colcon.colcon_core.verb:Building package 'string_plugin_system' with the following arguments: {'ament_cmake_args': None, 'build_base': '/home/rishiraj/GSOC_Playmotion2_plugin_based_system/ros2_ws/build/string_plugin_system', 'catkin_cmake_args': None, 'catkin_skip_building_tests': False, 'cmake_args': None, 'cmake_clean_cache': False, 'cmake_clean_first': False, 'cmake_force_configure': False, 'cmake_target': None, 'cmake_target_skip_unavailable': False, 'install_base': '/home/rishiraj/GSOC_Playmotion2_plugin_based_system/ros2_ws/install/string_plugin_system', 'merge_install': False, 'path': '/home/rishiraj/GSOC_Playmotion2_plugin_based_system/ros2_ws/src/string_plugin_system', 'symlink_install': True, 'test_result_base': None}
[0.317s] Level 5:colcon.colcon_core.verb:set package 'tiago_arm_trajectory' build argument 'cmake_args' from command line to 'None'
[0.317s] Level 5:colcon.colcon_core.verb:set package 'tiago_arm_trajectory' build argument 'cmake_target' from command line to 'None'
[0.317s] Level 5:colcon.colcon_core.verb:set package 'tiago_arm_trajectory' build argument 'cmake_target_skip_unavailable' from command line to 'False'
[0.317s] Level 5:colcon.colcon_core.verb:set package 'tiago_arm_trajectory' build argument 'cmake_clean_cache' from command line to 'False'
[0.317s] Level 5:colcon.colcon_core.verb:set package 'tiago_arm_trajectory' build argument 'cmake_clean_first' from command line to 'False'
[0.317s] Level 5:colcon.colcon_core.verb:set package 'tiago_arm_trajectory' build argument 'cmake_force_configure' from command line to 'False'
[0.317s] Level 5:colcon.colcon_core.verb:set package 'tiago_arm_trajectory' build argument 'ament_cmake_args' from command line to 'None'
[0.317s] Level 5:colcon.colcon_core.verb:set package 'tiago_arm_trajectory' build argument 'catkin_cmake_args' from command line to 'None'
[0.317s] Level 5:colcon.colcon_core.verb:set package 'tiago_arm_trajectory' build argument 'catkin_skip_building_tests' from command line to 'False'
[0.317s] DEBUG:colcon.colcon_core.verb:Building package 'tiago_arm_trajectory' with the following arguments: {'ament_cmake_args': None, 'build_base': '/home/rishiraj/GSOC_Playmotion2_plugin_based_system/ros2_ws/build/tiago_arm_trajectory', 'catkin_cmake_args': None, 'catkin_skip_building_tests': False, 'cmake_args': None, 'cmake_clean_cache': False, 'cmake_clean_first': False, 'cmake_force_configure': False, 'cmake_target': None, 'cmake_target_skip_unavailable': False, 'install_base': '/home/rishiraj/GSOC_Playmotion2_plugin_based_system/ros2_ws/install/tiago_arm_trajectory', 'merge_install': False, 'path': '/home/rishiraj/GSOC_Playmotion2_plugin_based_system/ros2_ws/src/tiago_arm_trajectory', 'symlink_install': True, 'test_result_base': None}
[0.317s] INFO:colcon.colcon_core.executor:Executing jobs using 'parallel' executor
[0.318s] DEBUG:colcon.colcon_parallel_executor.executor.parallel:run_until_complete
[0.318s] INFO:colcon.colcon_ros.task.ament_python.build:Building ROS package in '/home/rishiraj/GSOC_Playmotion2_plugin_based_system/ros2_ws/src/my_robot_contoller' with build type 'ament_python'
[0.319s] Level 1:colcon.colcon_core.shell:create_environment_hook('my_robot_contoller', 'ament_prefix_path')
[0.320s] INFO:colcon.colcon_core.plugin_system:Skipping extension 'colcon_core.shell.bat': Not used on non-Windows systems
[0.320s] INFO:colcon.colcon_core.shell:Creating environment hook '/home/rishiraj/GSOC_Playmotion2_plugin_based_system/ros2_ws/install/my_robot_contoller/share/my_robot_contoller/hook/ament_prefix_path.ps1'
[0.321s] INFO:colcon.colcon_core.shell:Creating environment descriptor '/home/rishiraj/GSOC_Playmotion2_plugin_based_system/ros2_ws/install/my_robot_contoller/share/my_robot_contoller/hook/ament_prefix_path.dsv'
[0.321s] INFO:colcon.colcon_core.shell:Creating environment hook '/home/rishiraj/GSOC_Playmotion2_plugin_based_system/ros2_ws/install/my_robot_contoller/share/my_robot_contoller/hook/ament_prefix_path.sh'
[0.321s] INFO:colcon.colcon_core.shell:Skip shell extension 'powershell' for command environment: Not usable outside of PowerShell
[0.321s] DEBUG:colcon.colcon_core.shell:Skip shell extension 'dsv' for command environment
[0.326s] INFO:colcon.colcon_ros.task.ament_python.build:Building ROS package in '/home/rishiraj/GSOC_Playmotion2_plugin_based_system/ros2_ws/src/rqt_chat' with build type 'ament_python'
[0.326s] Level 1:colcon.colcon_core.shell:create_environment_hook('rqt_chat', 'ament_prefix_path')
[0.326s] INFO:colcon.colcon_core.shell:Creating environment hook '/home/rishiraj/GSOC_Playmotion2_plugin_based_system/ros2_ws/install/rqt_chat/share/rqt_chat/hook/ament_prefix_path.ps1'
[0.326s] INFO:colcon.colcon_core.shell:Creating environment descriptor '/home/rishiraj/GSOC_Playmotion2_plugin_based_system/ros2_ws/install/rqt_chat/share/rqt_chat/hook/ament_prefix_path.dsv'
[0.327s] INFO:colcon.colcon_core.shell:Creating environment hook '/home/rishiraj/GSOC_Playmotion2_plugin_based_system/ros2_ws/install/rqt_chat/share/rqt_chat/hook/ament_prefix_path.sh'
[0.327s] INFO:colcon.colcon_core.shell:Skip shell extension 'powershell' for command environment: Not usable outside of PowerShell
[0.327s] DEBUG:colcon.colcon_core.shell:Skip shell extension 'dsv' for command environment
[0.331s] INFO:colcon.colcon_ros.task.ament_cmake.build:Building ROS package in '/home/rishiraj/GSOC_Playmotion2_plugin_based_system/ros2_ws/src/string_plugin_system' with build type 'ament_cmake'
[0.331s] INFO:colcon.colcon_cmake.task.cmake.build:Building CMake package in '/home/rishiraj/GSOC_Playmotion2_plugin_based_system/ros2_ws/src/string_plugin_system'
[0.331s] INFO:colcon.colcon_core.shell:Skip shell extension 'powershell' for command environment: Not usable outside of PowerShell
[0.331s] DEBUG:colcon.colcon_core.shell:Skip shell extension 'dsv' for command environment
[0.335s] INFO:colcon.colcon_ros.task.ament_cmake.build:Building ROS package in '/home/rishiraj/GSOC_Playmotion2_plugin_based_system/ros2_ws/src/tiago_arm_trajectory' with build type 'ament_cmake'
[0.335s] INFO:colcon.colcon_cmake.task.cmake.build:Building CMake package in '/home/rishiraj/GSOC_Playmotion2_plugin_based_system/ros2_ws/src/tiago_arm_trajectory'
[0.336s] INFO:colcon.colcon_core.shell:Skip shell extension 'powershell' for command environment: Not usable outside of PowerShell
[0.336s] DEBUG:colcon.colcon_core.shell:Skip shell extension 'dsv' for command environment
[0.581s] INFO:colcon.colcon_core.task.python.build:Building Python package in '/home/rishiraj/GSOC_Playmotion2_plugin_based_system/ros2_ws/src/my_robot_contoller'
[0.581s] INFO:colcon.colcon_core.shell:Skip shell extension 'powershell' for command environment: Not usable outside of PowerShell
[0.581s] DEBUG:colcon.colcon_core.shell:Skip shell extension 'dsv' for command environment
[0.825s] INFO:colcon.colcon_core.task.python.build:Building Python package in '/home/rishiraj/GSOC_Playmotion2_plugin_based_system/ros2_ws/src/rqt_chat'
[0.825s] INFO:colcon.colcon_core.shell:Skip shell extension 'powershell' for command environment: Not usable outside of PowerShell
[0.825s] DEBUG:colcon.colcon_core.shell:Skip shell extension 'dsv' for command environment
[0.832s] DEBUG:colcon.colcon_core.event_handler.log_command:Invoking command in '/home/rishiraj/GSOC_Playmotion2_plugin_based_system/ros2_ws/build/string_plugin_system': CMAKE_PREFIX_PATH=${CMAKE_PREFIX_PATH}:/home/rishiraj/ros2_ws/install/rqt_chat:/home/rishiraj/ros2_ws/install/tiago_arm_trajectory:/home/rishiraj/ros2_ws/install/my_robot_contoller:/home/rishiraj/tiago_public_ws/install/launch_pal:/opt/ros/humble /usr/bin/cmake /home/rishiraj/GSOC_Playmotion2_plugin_based_system/ros2_ws/src/string_plugin_system -DAMENT_CMAKE_SYMLINK_INSTALL=1 -DCMAKE_INSTALL_PREFIX=/home/rishiraj/GSOC_Playmotion2_plugin_based_system/ros2_ws/install/string_plugin_system
[0.835s] DEBUG:colcon.colcon_core.event_handler.log_command:Invoking command in '/home/rishiraj/GSOC_Playmotion2_plugin_based_system/ros2_ws/build/tiago_arm_trajectory': CMAKE_PREFIX_PATH=${CMAKE_PREFIX_PATH}:/home/rishiraj/ros2_ws/install/rqt_chat:/home/rishiraj/ros2_ws/install/tiago_arm_trajectory:/home/rishiraj/ros2_ws/install/my_robot_contoller:/home/rishiraj/tiago_public_ws/install/launch_pal:/opt/ros/humble /usr/bin/cmake /home/rishiraj/GSOC_Playmotion2_plugin_based_system/ros2_ws/src/tiago_arm_trajectory -DAMENT_CMAKE_SYMLINK_INSTALL=1 -DCMAKE_INSTALL_PREFIX=/home/rishiraj/GSOC_Playmotion2_plugin_based_system/ros2_ws/install/tiago_arm_trajectory
[1.192s] DEBUG:colcon.colcon_core.event_handler.log_command:Invoking command in '/home/rishiraj/GSOC_Playmotion2_plugin_based_system/ros2_ws/build/my_robot_contoller': PYTHONPATH=/home/rishiraj/GSOC_Playmotion2_plugin_based_system/ros2_ws/build/my_robot_contoller/prefix_override:/usr/lib/python3/dist-packages/colcon_core/task/python/colcon_distutils_commands:/home/rishiraj/GSOC_Playmotion2_plugin_based_system/ros2_ws/install/my_robot_contoller/lib/python3.10/site-packages:${PYTHONPATH} /usr/bin/python3 -W ignore:setup.py install is deprecated -W ignore:easy_install command is deprecated setup.py develop --editable --build-directory /home/rishiraj/GSOC_Playmotion2_plugin_based_system/ros2_ws/build/my_robot_contoller/build --no-deps symlink_data
[1.203s] DEBUG:colcon.colcon_core.event_handler.log_command:Invoking command in '/home/rishiraj/GSOC_Playmotion2_plugin_based_system/ros2_ws/build/rqt_chat': PYTHONPATH=/home/rishiraj/GSOC_Playmotion2_plugin_based_system/ros2_ws/build/rqt_chat/prefix_override:/usr/lib/python3/dist-packages/colcon_core/task/python/colcon_distutils_commands:/home/rishiraj/GSOC_Playmotion2_plugin_based_system/ros2_ws/install/rqt_chat/lib/python3.10/site-packages:${PYTHONPATH} /usr/bin/python3 -W ignore:setup.py install is deprecated -W ignore:easy_install command is deprecated setup.py develop --editable --build-directory /home/rishiraj/GSOC_Playmotion2_plugin_based_system/ros2_ws/build/rqt_chat/build --no-deps symlink_data
[1.515s] DEBUG:colcon.colcon_core.event_handler.log_command:Invoked command in '/home/rishiraj/GSOC_Playmotion2_plugin_based_system/ros2_ws/build/string_plugin_system' returned '0': CMAKE_PREFIX_PATH=${CMAKE_PREFIX_PATH}:/home/rishiraj/ros2_ws/install/rqt_chat:/home/rishiraj/ros2_ws/install/tiago_arm_trajectory:/home/rishiraj/ros2_ws/install/my_robot_contoller:/home/rishiraj/tiago_public_ws/install/launch_pal:/opt/ros/humble /usr/bin/cmake /home/rishiraj/GSOC_Playmotion2_plugin_based_system/ros2_ws/src/string_plugin_system -DAMENT_CMAKE_SYMLINK_INSTALL=1 -DCMAKE_INSTALL_PREFIX=/home/rishiraj/GSOC_Playmotion2_plugin_based_system/ros2_ws/install/string_plugin_system
[1.515s] DEBUG:colcon.colcon_core.event_handler.log_command:Invoking command in '/home/rishiraj/GSOC_Playmotion2_plugin_based_system/ros2_ws/build/string_plugin_system': CMAKE_PREFIX_PATH=${CMAKE_PREFIX_PATH}:/home/rishiraj/ros2_ws/install/rqt_chat:/home/rishiraj/ros2_ws/install/tiago_arm_trajectory:/home/rishiraj/ros2_ws/install/my_robot_contoller:/home/rishiraj/tiago_public_ws/install/launch_pal:/opt/ros/humble /usr/bin/cmake --build /home/rishiraj/GSOC_Playmotion2_plugin_based_system/ros2_ws/build/string_plugin_system -- -j8 -l8
[1.792s] Level 1:colcon.colcon_core.shell:create_environment_hook('rqt_chat', 'pythonpath_develop')
[1.792s] INFO:colcon.colcon_core.shell:Creating environment hook '/home/rishiraj/GSOC_Playmotion2_plugin_based_system/ros2_ws/build/rqt_chat/share/rqt_chat/hook/pythonpath_develop.ps1'
[1.792s] DEBUG:colcon.colcon_core.event_handler.log_command:Invoked command in '/home/rishiraj/GSOC_Playmotion2_plugin_based_system/ros2_ws/build/rqt_chat' returned '0': PYTHONPATH=/home/rishiraj/GSOC_Playmotion2_plugin_based_system/ros2_ws/build/rqt_chat/prefix_override:/usr/lib/python3/dist-packages/colcon_core/task/python/colcon_distutils_commands:/home/rishiraj/GSOC_Playmotion2_plugin_based_system/ros2_ws/install/rqt_chat/lib/python3.10/site-packages:${PYTHONPATH} /usr/bin/python3 -W ignore:setup.py install is deprecated -W ignore:easy_install command is deprecated setup.py develop --editable --build-directory /home/rishiraj/GSOC_Playmotion2_plugin_based_system/ros2_ws/build/rqt_chat/build --no-deps symlink_data
[1.793s] INFO:colcon.colcon_core.shell:Creating environment descriptor '/home/rishiraj/GSOC_Playmotion2_plugin_based_system/ros2_ws/build/rqt_chat/share/rqt_chat/hook/pythonpath_develop.dsv'
[1.793s] INFO:colcon.colcon_core.shell:Creating environment hook '/home/rishiraj/GSOC_Playmotion2_plugin_based_system/ros2_ws/build/rqt_chat/share/rqt_chat/hook/pythonpath_develop.sh'
[1.802s] Level 1:colcon.colcon_core.environment:checking '/home/rishiraj/GSOC_Playmotion2_plugin_based_system/ros2_ws/install/rqt_chat' for CMake module files
[1.802s] Level 1:colcon.colcon_core.environment:checking '/home/rishiraj/GSOC_Playmotion2_plugin_based_system/ros2_ws/install/rqt_chat' for CMake config files
[1.804s] Level 1:colcon.colcon_core.environment:checking '/home/rishiraj/GSOC_Playmotion2_plugin_based_system/ros2_ws/install/rqt_chat/lib'
[1.804s] Level 1:colcon.colcon_core.environment:checking '/home/rishiraj/GSOC_Playmotion2_plugin_based_system/ros2_ws/install/rqt_chat/bin'
[1.804s] Level 1:colcon.colcon_core.environment:checking '/home/rishiraj/GSOC_Playmotion2_plugin_based_system/ros2_ws/install/rqt_chat/lib/pkgconfig/rqt_chat.pc'
[1.804s] Level 1:colcon.colcon_core.environment:checking '/home/rishiraj/GSOC_Playmotion2_plugin_based_system/ros2_ws/install/rqt_chat/lib/python3.10/site-packages'
[1.804s] Level 1:colcon.colcon_core.shell:create_environment_hook('rqt_chat', 'pythonpath')
[1.804s] INFO:colcon.colcon_core.shell:Creating environment hook '/home/rishiraj/GSOC_Playmotion2_plugin_based_system/ros2_ws/install/rqt_chat/share/rqt_chat/hook/pythonpath.ps1'
[1.805s] INFO:colcon.colcon_core.shell:Creating environment descriptor '/home/rishiraj/GSOC_Playmotion2_plugin_based_system/ros2_ws/install/rqt_chat/share/rqt_chat/hook/pythonpath.dsv'
[1.805s] INFO:colcon.colcon_core.shell:Creating environment hook '/home/rishiraj/GSOC_Playmotion2_plugin_based_system/ros2_ws/install/rqt_chat/share/rqt_chat/hook/pythonpath.sh'
[1.805s] Level 1:colcon.colcon_core.environment:checking '/home/rishiraj/GSOC_Playmotion2_plugin_based_system/ros2_ws/install/rqt_chat/bin'
[1.805s] Level 1:colcon.colcon_core.environment:create_environment_scripts_only(rqt_chat)
[1.806s] INFO:colcon.colcon_core.shell:Creating package script '/home/rishiraj/GSOC_Playmotion2_plugin_based_system/ros2_ws/install/rqt_chat/share/rqt_chat/package.ps1'
[1.813s] INFO:colcon.colcon_core.shell:Creating package descriptor '/home/rishiraj/GSOC_Playmotion2_plugin_based_system/ros2_ws/install/rqt_chat/share/rqt_chat/package.dsv'
[1.814s] INFO:colcon.colcon_core.shell:Creating package script '/home/rishiraj/GSOC_Playmotion2_plugin_based_system/ros2_ws/install/rqt_chat/share/rqt_chat/package.sh'
[1.814s] INFO:colcon.colcon_core.shell:Creating package script '/home/rishiraj/GSOC_Playmotion2_plugin_based_system/ros2_ws/install/rqt_chat/share/rqt_chat/package.bash'
[1.816s] INFO:colcon.colcon_core.shell:Creating package script '/home/rishiraj/GSOC_Playmotion2_plugin_based_system/ros2_ws/install/rqt_chat/share/rqt_chat/package.zsh'
[1.816s] Level 1:colcon.colcon_core.environment:create_file_with_runtime_dependencies(/home/rishiraj/GSOC_Playmotion2_plugin_based_system/ros2_ws/install/rqt_chat/share/colcon-core/packages/rqt_chat)
[1.866s] Level 1:colcon.colcon_core.shell:create_environment_hook('my_robot_contoller', 'pythonpath_develop')
[1.867s] INFO:colcon.colcon_core.shell:Creating environment hook '/home/rishiraj/GSOC_Playmotion2_plugin_based_system/ros2_ws/build/my_robot_contoller/share/my_robot_contoller/hook/pythonpath_develop.ps1'
[1.867s] DEBUG:colcon.colcon_core.event_handler.log_command:Invoked command in '/home/rishiraj/GSOC_Playmotion2_plugin_based_system/ros2_ws/build/my_robot_contoller' returned '0': PYTHONPATH=/home/rishiraj/GSOC_Playmotion2_plugin_based_system/ros2_ws/build/my_robot_contoller/prefix_override:/usr/lib/python3/dist-packages/colcon_core/task/python/colcon_distutils_commands:/home/rishiraj/GSOC_Playmotion2_plugin_based_system/ros2_ws/install/my_robot_contoller/lib/python3.10/site-packages:${PYTHONPATH} /usr/bin/python3 -W ignore:setup.py install is deprecated -W ignore:easy_install command is deprecated setup.py develop --editable --build-directory /home/rishiraj/GSOC_Playmotion2_plugin_based_system/ros2_ws/build/my_robot_contoller/build --no-deps symlink_data
[1.868s] INFO:colcon.colcon_core.shell:Creating environment descriptor '/home/rishiraj/GSOC_Playmotion2_plugin_based_system/ros2_ws/build/my_robot_contoller/share/my_robot_contoller/hook/pythonpath_develop.dsv'
[1.868s] INFO:colcon.colcon_core.shell:Creating environment hook '/home/rishiraj/GSOC_Playmotion2_plugin_based_system/ros2_ws/build/my_robot_contoller/share/my_robot_contoller/hook/pythonpath_develop.sh'
[1.869s] Level 1:colcon.colcon_core.environment:checking '/home/rishiraj/GSOC_Playmotion2_plugin_based_system/ros2_ws/install/my_robot_contoller' for CMake module files
[1.869s] Level 1:colcon.colcon_core.environment:checking '/home/rishiraj/GSOC_Playmotion2_plugin_based_system/ros2_ws/install/my_robot_contoller' for CMake config files
[1.870s] Level 1:colcon.colcon_core.environment:checking '/home/rishiraj/GSOC_Playmotion2_plugin_based_system/ros2_ws/install/my_robot_contoller/lib'
[1.870s] Level 1:colcon.colcon_core.environment:checking '/home/rishiraj/GSOC_Playmotion2_plugin_based_system/ros2_ws/install/my_robot_contoller/bin'
[1.870s] Level 1:colcon.colcon_core.environment:checking '/home/rishiraj/GSOC_Playmotion2_plugin_based_system/ros2_ws/install/my_robot_contoller/lib/pkgconfig/my_robot_contoller.pc'
[1.870s] Level 1:colcon.colcon_core.environment:checking '/home/rishiraj/GSOC_Playmotion2_plugin_based_system/ros2_ws/install/my_robot_contoller/lib/python3.10/site-packages'
[1.870s] Level 1:colcon.colcon_core.shell:create_environment_hook('my_robot_contoller', 'pythonpath')
[1.870s] INFO:colcon.colcon_core.shell:Creating environment hook '/home/rishiraj/GSOC_Playmotion2_plugin_based_system/ros2_ws/install/my_robot_contoller/share/my_robot_contoller/hook/pythonpath.ps1'
[1.871s] INFO:colcon.colcon_core.shell:Creating environment descriptor '/home/rishiraj/GSOC_Playmotion2_plugin_based_system/ros2_ws/install/my_robot_contoller/share/my_robot_contoller/hook/pythonpath.dsv'
[1.871s] INFO:colcon.colcon_core.shell:Creating environment hook '/home/rishiraj/GSOC_Playmotion2_plugin_based_system/ros2_ws/install/my_robot_contoller/share/my_robot_contoller/hook/pythonpath.sh'
[1.873s] Level 1:colcon.colcon_core.environment:checking '/home/rishiraj/GSOC_Playmotion2_plugin_based_system/ros2_ws/install/my_robot_contoller/bin'
[1.873s] Level 1:colcon.colcon_core.environment:create_environment_scripts_only(my_robot_contoller)
[1.874s] INFO:colcon.colcon_core.shell:Creating package script '/home/rishiraj/GSOC_Playmotion2_plugin_based_system/ros2_ws/install/my_robot_contoller/share/my_robot_contoller/package.ps1'
[1.876s] INFO:colcon.colcon_core.shell:Creating package descriptor '/home/rishiraj/GSOC_Playmotion2_plugin_based_system/ros2_ws/install/my_robot_contoller/share/my_robot_contoller/package.dsv'
[1.876s] INFO:colcon.colcon_core.shell:Creating package script '/home/rishiraj/GSOC_Playmotion2_plugin_based_system/ros2_ws/install/my_robot_contoller/share/my_robot_contoller/package.sh'
[1.876s] INFO:colcon.colcon_core.shell:Creating package script '/home/rishiraj/GSOC_Playmotion2_plugin_based_system/ros2_ws/install/my_robot_contoller/share/my_robot_contoller/package.bash'
[1.876s] INFO:colcon.colcon_core.shell:Creating package script '/home/rishiraj/GSOC_Playmotion2_plugin_based_system/ros2_ws/install/my_robot_contoller/share/my_robot_contoller/package.zsh'
[1.877s] Level 1:colcon.colcon_core.environment:create_file_with_runtime_dependencies(/home/rishiraj/GSOC_Playmotion2_plugin_based_system/ros2_ws/install/my_robot_contoller/share/colcon-core/packages/my_robot_contoller)
[1.998s] DEBUG:colcon.colcon_core.event_handler.log_command:Invoked command in '/home/rishiraj/GSOC_Playmotion2_plugin_based_system/ros2_ws/build/string_plugin_system' returned '2': CMAKE_PREFIX_PATH=${CMAKE_PREFIX_PATH}:/home/rishiraj/ros2_ws/install/rqt_chat:/home/rishiraj/ros2_ws/install/tiago_arm_trajectory:/home/rishiraj/ros2_ws/install/my_robot_contoller:/home/rishiraj/tiago_public_ws/install/launch_pal:/opt/ros/humble /usr/bin/cmake --build /home/rishiraj/GSOC_Playmotion2_plugin_based_system/ros2_ws/build/string_plugin_system -- -j8 -l8
[1.998s] Level 1:colcon.colcon_core.environment:create_environment_scripts_only(string_plugin_system)
[1.999s] Level 1:colcon.colcon_core.environment:checking '/home/rishiraj/GSOC_Playmotion2_plugin_based_system/ros2_ws/install/string_plugin_system' for CMake module files
[1.999s] Level 1:colcon.colcon_core.environment:checking '/home/rishiraj/GSOC_Playmotion2_plugin_based_system/ros2_ws/install/string_plugin_system' for CMake config files
[1.999s] Level 1:colcon.colcon_core.environment:checking '/home/rishiraj/GSOC_Playmotion2_plugin_based_system/ros2_ws/install/string_plugin_system/bin'
[2.000s] Level 1:colcon.colcon_core.environment:checking '/home/rishiraj/GSOC_Playmotion2_plugin_based_system/ros2_ws/install/string_plugin_system/lib/pkgconfig/string_plugin_system.pc'
[2.000s] Level 1:colcon.colcon_core.environment:checking '/home/rishiraj/GSOC_Playmotion2_plugin_based_system/ros2_ws/install/string_plugin_system/lib/python3.10/site-packages'
[2.000s] Level 1:colcon.colcon_core.environment:checking '/home/rishiraj/GSOC_Playmotion2_plugin_based_system/ros2_ws/install/string_plugin_system/bin'
[2.000s] INFO:colcon.colcon_core.shell:Creating package script '/home/rishiraj/GSOC_Playmotion2_plugin_based_system/ros2_ws/install/string_plugin_system/share/string_plugin_system/package.ps1'
[2.001s] INFO:colcon.colcon_core.shell:Creating package descriptor '/home/rishiraj/GSOC_Playmotion2_plugin_based_system/ros2_ws/install/string_plugin_system/share/string_plugin_system/package.dsv'
[2.005s] INFO:colcon.colcon_core.shell:Creating package script '/home/rishiraj/GSOC_Playmotion2_plugin_based_system/ros2_ws/install/string_plugin_system/share/string_plugin_system/package.sh'
[2.005s] INFO:colcon.colcon_core.shell:Creating package script '/home/rishiraj/GSOC_Playmotion2_plugin_based_system/ros2_ws/install/string_plugin_system/share/string_plugin_system/package.bash'
[2.005s] INFO:colcon.colcon_core.shell:Creating package script '/home/rishiraj/GSOC_Playmotion2_plugin_based_system/ros2_ws/install/string_plugin_system/share/string_plugin_system/package.zsh'
[2.005s] Level 1:colcon.colcon_core.environment:create_file_with_runtime_dependencies(/home/rishiraj/GSOC_Playmotion2_plugin_based_system/ros2_ws/install/string_plugin_system/share/colcon-core/packages/string_plugin_system)
[2.464s] DEBUG:colcon.colcon_parallel_executor.executor.parallel:closing loop
[2.464s] DEBUG:colcon.colcon_parallel_executor.executor.parallel:loop closed
[2.464s] DEBUG:colcon.colcon_parallel_executor.executor.parallel:run_until_complete finished with '2'
[2.464s] DEBUG:colcon.colcon_core.event_reactor:joining thread
[2.479s] INFO:colcon.colcon_core.plugin_system:Skipping extension 'colcon_notification.desktop_notification.terminal_notifier': Not used on non-Darwin systems
[2.480s] INFO:colcon.colcon_core.plugin_system:Skipping extension 'colcon_notification.desktop_notification.win32': Not used on non-Windows systems
[2.480s] INFO:colcon.colcon_notification.desktop_notification:Sending desktop notification using 'notify2'
[2.525s] DEBUG:colcon.colcon_core.event_reactor:joined thread
[2.526s] INFO:colcon.colcon_core.shell:Creating prefix script '/home/rishiraj/GSOC_Playmotion2_plugin_based_system/ros2_ws/install/local_setup.ps1'
[2.529s] INFO:colcon.colcon_core.shell:Creating prefix util module '/home/rishiraj/GSOC_Playmotion2_plugin_based_system/ros2_ws/install/_local_setup_util_ps1.py'
[2.535s] INFO:colcon.colcon_core.shell:Creating prefix chain script '/home/rishiraj/GSOC_Playmotion2_plugin_based_system/ros2_ws/install/setup.ps1'
[2.538s] INFO:colcon.colcon_core.shell:Creating prefix script '/home/rishiraj/GSOC_Playmotion2_plugin_based_system/ros2_ws/install/local_setup.sh'
[2.541s] INFO:colcon.colcon_core.shell:Creating prefix util module '/home/rishiraj/GSOC_Playmotion2_plugin_based_system/ros2_ws/install/_local_setup_util_sh.py'
[2.543s] INFO:colcon.colcon_core.shell:Creating prefix chain script '/home/rishiraj/GSOC_Playmotion2_plugin_based_system/ros2_ws/install/setup.sh'
[2.550s] INFO:colcon.colcon_core.shell:Creating prefix script '/home/rishiraj/GSOC_Playmotion2_plugin_based_system/ros2_ws/install/local_setup.bash'
[2.551s] INFO:colcon.colcon_core.shell:Creating prefix chain script '/home/rishiraj/GSOC_Playmotion2_plugin_based_system/ros2_ws/install/setup.bash'
[2.554s] INFO:colcon.colcon_core.shell:Creating prefix script '/home/rishiraj/GSOC_Playmotion2_plugin_based_system/ros2_ws/install/local_setup.zsh'
[2.555s] INFO:colcon.colcon_core.shell:Creating prefix chain script '/home/rishiraj/GSOC_Playmotion2_plugin_based_system/ros2_ws/install/setup.zsh'
