running develop
running egg_info
writing rqt_chat.egg-info/PKG-INFO
writing dependency_links to rqt_chat.egg-info/dependency_links.txt
writing entry points to rqt_chat.egg-info/entry_points.txt
writing requirements to rqt_chat.egg-info/requires.txt
writing top-level names to rqt_chat.egg-info/top_level.txt
reading manifest file 'rqt_chat.egg-info/SOURCES.txt'
writing manifest file 'rqt_chat.egg-info/SOURCES.txt'
running build_ext
Creating /home/rishiraj/ros2_ws/install/rqt_chat/lib/python3.10/site-packages/rqt-chat.egg-link (link to .)

Installed /home/rishiraj/ros2_ws/build/rqt_chat
running symlink_data
symbolically linking /home/rishiraj/ros2_ws/build/rqt_chat/resource/rqt_chat -> /home/rishiraj/ros2_ws/install/rqt_chat/share/ament_index/resource_index/packages
symbolically linking /home/rishiraj/ros2_ws/build/rqt_chat/package.xml -> /home/rishiraj/ros2_ws/install/rqt_chat/share/rqt_chat
symbolically linking /home/rishiraj/ros2_ws/build/rqt_chat/plugin.xml -> /home/rishiraj/ros2_ws/install/rqt_chat/share/rqt_chat
symbolically linking /home/rishiraj/ros2_ws/build/rqt_chat/resource/chat.ui -> /home/rishiraj/ros2_ws/install/rqt_chat/share/rqt_chat/resource
symbolically linking /home/rishiraj/ros2_ws/build/rqt_chat/resource/send-circle.svg -> /home/rishiraj/ros2_ws/install/rqt_chat/share/rqt_chat/resource
symbolically linking /home/rishiraj/ros2_ws/build/rqt_chat/resource/robot.svg -> /home/rishiraj/ros2_ws/install/rqt_chat/share/rqt_chat/resource
symbolically linking /home/rishiraj/ros2_ws/build/rqt_chat/resource/face.svg -> /home/rishiraj/ros2_ws/install/rqt_chat/share/rqt_chat/resource
symbolically linking /home/rishiraj/ros2_ws/build/rqt_chat/resource/intent.svg -> /home/rishiraj/ros2_ws/install/rqt_chat/share/rqt_chat/resource
symbolically linking /home/rishiraj/ros2_ws/build/rqt_chat/resource/spinner.gif -> /home/rishiraj/ros2_ws/install/rqt_chat/share/rqt_chat/resource
symbolically linking /home/rishiraj/ros2_ws/build/rqt_chat/resource/waiting-icon.svg -> /home/rishiraj/ros2_ws/install/rqt_chat/share/rqt_chat/resource
