[0.076s] DEBUG:colcon:Command line arguments: ['/usr/bin/colcon', 'build', '--packages-select', 'string_plugin_system']
[0.076s] DEBUG:colcon:Parsed command line arguments: Namespace(log_base=None, log_level=None, verb_name='build', build_base='build', install_base='install', merge_install=False, symlink_install=False, test_result_base=None, continue_on_error=False, executor='parallel', parallel_workers=8, event_handlers=None, ignore_user_meta=False, metas=['./colcon.meta'], base_paths=['.'], packages_ignore=None, packages_ignore_regex=None, paths=None, packages_up_to=None, packages_up_to_regex=None, packages_above=None, packages_above_and_dependencies=None, packages_above_depth=None, packages_select_by_dep=None, packages_skip_by_dep=None, packages_skip_up_to=None, packages_select_build_failed=False, packages_skip_build_finished=False, packages_select_test_failures=False, packages_skip_test_passed=False, packages_select=['string_plugin_system'], packages_skip=None, packages_select_regex=None, packages_skip_regex=None, packages_start=None, packages_end=None, allow_overriding=[], cmake_args=None, cmake_target=None, cmake_target_skip_unavailable=False, cmake_clean_cache=False, cmake_clean_first=False, cmake_force_configure=False, ament_cmake_args=None, catkin_cmake_args=None, catkin_skip_building_tests=False, verb_parser=<colcon_defaults.argument_parser.defaults.DefaultArgumentsDecorator object at 0x7badc454e680>, verb_extension=<colcon_core.verb.build.BuildVerb object at 0x7badc454e110>, main=<bound method BuildVerb.main of <colcon_core.verb.build.BuildVerb object at 0x7badc454e110>>)
[0.201s] Level 1:colcon.colcon_core.package_discovery:discover_packages(colcon_meta) check parameters
[0.201s] Level 1:colcon.colcon_core.package_discovery:discover_packages(recursive) check parameters
[0.201s] Level 1:colcon.colcon_core.package_discovery:discover_packages(ignore) check parameters
[0.201s] Level 1:colcon.colcon_core.package_discovery:discover_packages(path) check parameters
[0.201s] Level 1:colcon.colcon_core.package_discovery:discover_packages(colcon_meta) discover
[0.201s] Level 1:colcon.colcon_core.package_discovery:discover_packages(recursive) discover
[0.201s] INFO:colcon.colcon_core.package_discovery:Crawling recursively for packages in '/home/rishiraj/GSOC_Playmotion2_plugin_based_system/ros2_ws'
[0.201s] Level 1:colcon.colcon_core.package_identification:_identify(.) by extensions ['ignore', 'ignore_ament_install']
[0.201s] Level 1:colcon.colcon_core.package_identification:_identify(.) by extension 'ignore'
[0.201s] Level 1:colcon.colcon_core.package_identification:_identify(.) by extension 'ignore_ament_install'
[0.201s] Level 1:colcon.colcon_core.package_identification:_identify(.) by extensions ['colcon_pkg']
[0.201s] Level 1:colcon.colcon_core.package_identification:_identify(.) by extension 'colcon_pkg'
[0.201s] Level 1:colcon.colcon_core.package_identification:_identify(.) by extensions ['colcon_meta']
[0.201s] Level 1:colcon.colcon_core.package_identification:_identify(.) by extension 'colcon_meta'
[0.201s] Level 1:colcon.colcon_core.package_identification:_identify(.) by extensions ['ros']
[0.202s] Level 1:colcon.colcon_core.package_identification:_identify(.) by extension 'ros'
[0.210s] Level 1:colcon.colcon_core.package_identification:_identify(.) by extensions ['cmake', 'python']
[0.210s] Level 1:colcon.colcon_core.package_identification:_identify(.) by extension 'cmake'
[0.210s] Level 1:colcon.colcon_core.package_identification:_identify(.) by extension 'python'
[0.210s] Level 1:colcon.colcon_core.package_identification:_identify(.) by extensions ['python_setup_py']
[0.210s] Level 1:colcon.colcon_core.package_identification:_identify(.) by extension 'python_setup_py'
[0.210s] Level 1:colcon.colcon_core.package_identification:_identify(build) by extensions ['ignore', 'ignore_ament_install']
[0.210s] Level 1:colcon.colcon_core.package_identification:_identify(build) by extension 'ignore'
[0.210s] Level 1:colcon.colcon_core.package_identification:_identify(build) ignored
[0.210s] Level 1:colcon.colcon_core.package_identification:_identify(install) by extensions ['ignore', 'ignore_ament_install']
[0.210s] Level 1:colcon.colcon_core.package_identification:_identify(install) by extension 'ignore'
[0.210s] Level 1:colcon.colcon_core.package_identification:_identify(install) ignored
[0.210s] Level 1:colcon.colcon_core.package_identification:_identify(log) by extensions ['ignore', 'ignore_ament_install']
[0.210s] Level 1:colcon.colcon_core.package_identification:_identify(log) by extension 'ignore'
[0.210s] Level 1:colcon.colcon_core.package_identification:_identify(log) ignored
[0.210s] Level 1:colcon.colcon_core.package_identification:_identify(src) by extensions ['ignore', 'ignore_ament_install']
[0.210s] Level 1:colcon.colcon_core.package_identification:_identify(src) by extension 'ignore'
[0.211s] Level 1:colcon.colcon_core.package_identification:_identify(src) by extension 'ignore_ament_install'
[0.211s] Level 1:colcon.colcon_core.package_identification:_identify(src) by extensions ['colcon_pkg']
[0.211s] Level 1:colcon.colcon_core.package_identification:_identify(src) by extension 'colcon_pkg'
[0.211s] Level 1:colcon.colcon_core.package_identification:_identify(src) by extensions ['colcon_meta']
[0.211s] Level 1:colcon.colcon_core.package_identification:_identify(src) by extension 'colcon_meta'
[0.211s] Level 1:colcon.colcon_core.package_identification:_identify(src) by extensions ['ros']
[0.211s] Level 1:colcon.colcon_core.package_identification:_identify(src) by extension 'ros'
[0.211s] Level 1:colcon.colcon_core.package_identification:_identify(src) by extensions ['cmake', 'python']
[0.211s] Level 1:colcon.colcon_core.package_identification:_identify(src) by extension 'cmake'
[0.211s] Level 1:colcon.colcon_core.package_identification:_identify(src) by extension 'python'
[0.211s] Level 1:colcon.colcon_core.package_identification:_identify(src) by extensions ['python_setup_py']
[0.211s] Level 1:colcon.colcon_core.package_identification:_identify(src) by extension 'python_setup_py'
[0.211s] Level 1:colcon.colcon_core.package_identification:_identify(src/build) by extensions ['ignore', 'ignore_ament_install']
[0.211s] Level 1:colcon.colcon_core.package_identification:_identify(src/build) by extension 'ignore'
[0.211s] Level 1:colcon.colcon_core.package_identification:_identify(src/build) ignored
[0.211s] Level 1:colcon.colcon_core.package_identification:_identify(src/install) by extensions ['ignore', 'ignore_ament_install']
[0.211s] Level 1:colcon.colcon_core.package_identification:_identify(src/install) by extension 'ignore'
[0.211s] Level 1:colcon.colcon_core.package_identification:_identify(src/install) ignored
[0.211s] Level 1:colcon.colcon_core.package_identification:_identify(src/log) by extensions ['ignore', 'ignore_ament_install']
[0.211s] Level 1:colcon.colcon_core.package_identification:_identify(src/log) by extension 'ignore'
[0.211s] Level 1:colcon.colcon_core.package_identification:_identify(src/log) ignored
[0.211s] Level 1:colcon.colcon_core.package_identification:_identify(src/my_robot_contoller) by extensions ['ignore', 'ignore_ament_install']
[0.211s] Level 1:colcon.colcon_core.package_identification:_identify(src/my_robot_contoller) by extension 'ignore'
[0.211s] Level 1:colcon.colcon_core.package_identification:_identify(src/my_robot_contoller) by extension 'ignore_ament_install'
[0.211s] Level 1:colcon.colcon_core.package_identification:_identify(src/my_robot_contoller) by extensions ['colcon_pkg']
[0.211s] Level 1:colcon.colcon_core.package_identification:_identify(src/my_robot_contoller) by extension 'colcon_pkg'
[0.211s] Level 1:colcon.colcon_core.package_identification:_identify(src/my_robot_contoller) by extensions ['colcon_meta']
[0.211s] Level 1:colcon.colcon_core.package_identification:_identify(src/my_robot_contoller) by extension 'colcon_meta'
[0.211s] Level 1:colcon.colcon_core.package_identification:_identify(src/my_robot_contoller) by extensions ['ros']
[0.211s] Level 1:colcon.colcon_core.package_identification:_identify(src/my_robot_contoller) by extension 'ros'
[0.214s] DEBUG:colcon.colcon_core.package_identification:Package 'src/my_robot_contoller' with type 'ros.ament_python' and name 'my_robot_contoller'
[0.214s] Level 1:colcon.colcon_core.package_identification:_identify(src/ros4hri) by extensions ['ignore', 'ignore_ament_install']
[0.214s] Level 1:colcon.colcon_core.package_identification:_identify(src/ros4hri) by extension 'ignore'
[0.214s] Level 1:colcon.colcon_core.package_identification:_identify(src/ros4hri) by extension 'ignore_ament_install'
[0.214s] Level 1:colcon.colcon_core.package_identification:_identify(src/ros4hri) by extensions ['colcon_pkg']
[0.214s] Level 1:colcon.colcon_core.package_identification:_identify(src/ros4hri) by extension 'colcon_pkg'
[0.214s] Level 1:colcon.colcon_core.package_identification:_identify(src/ros4hri) by extensions ['colcon_meta']
[0.214s] Level 1:colcon.colcon_core.package_identification:_identify(src/ros4hri) by extension 'colcon_meta'
[0.214s] Level 1:colcon.colcon_core.package_identification:_identify(src/ros4hri) by extensions ['ros']
[0.214s] Level 1:colcon.colcon_core.package_identification:_identify(src/ros4hri) by extension 'ros'
[0.214s] Level 1:colcon.colcon_core.package_identification:_identify(src/ros4hri) by extensions ['cmake', 'python']
[0.214s] Level 1:colcon.colcon_core.package_identification:_identify(src/ros4hri) by extension 'cmake'
[0.214s] Level 1:colcon.colcon_core.package_identification:_identify(src/ros4hri) by extension 'python'
[0.214s] Level 1:colcon.colcon_core.package_identification:_identify(src/ros4hri) by extensions ['python_setup_py']
[0.214s] Level 1:colcon.colcon_core.package_identification:_identify(src/ros4hri) by extension 'python_setup_py'
[0.214s] Level 1:colcon.colcon_core.package_identification:_identify(src/ros4hri/doc) by extensions ['ignore', 'ignore_ament_install']
[0.215s] Level 1:colcon.colcon_core.package_identification:_identify(src/ros4hri/doc) by extension 'ignore'
[0.215s] Level 1:colcon.colcon_core.package_identification:_identify(src/ros4hri/doc) by extension 'ignore_ament_install'
[0.215s] Level 1:colcon.colcon_core.package_identification:_identify(src/ros4hri/doc) by extensions ['colcon_pkg']
[0.215s] Level 1:colcon.colcon_core.package_identification:_identify(src/ros4hri/doc) by extension 'colcon_pkg'
[0.215s] Level 1:colcon.colcon_core.package_identification:_identify(src/ros4hri/doc) by extensions ['colcon_meta']
[0.215s] Level 1:colcon.colcon_core.package_identification:_identify(src/ros4hri/doc) by extension 'colcon_meta'
[0.215s] Level 1:colcon.colcon_core.package_identification:_identify(src/ros4hri/doc) by extensions ['ros']
[0.215s] Level 1:colcon.colcon_core.package_identification:_identify(src/ros4hri/doc) by extension 'ros'
[0.215s] Level 1:colcon.colcon_core.package_identification:_identify(src/ros4hri/doc) by extensions ['cmake', 'python']
[0.215s] Level 1:colcon.colcon_core.package_identification:_identify(src/ros4hri/doc) by extension 'cmake'
[0.215s] Level 1:colcon.colcon_core.package_identification:_identify(src/ros4hri/doc) by extension 'python'
[0.215s] Level 1:colcon.colcon_core.package_identification:_identify(src/ros4hri/doc) by extensions ['python_setup_py']
[0.215s] Level 1:colcon.colcon_core.package_identification:_identify(src/ros4hri/doc) by extension 'python_setup_py'
[0.215s] Level 1:colcon.colcon_core.package_identification:_identify(src/rqt_chat) by extensions ['ignore', 'ignore_ament_install']
[0.215s] Level 1:colcon.colcon_core.package_identification:_identify(src/rqt_chat) by extension 'ignore'
[0.215s] Level 1:colcon.colcon_core.package_identification:_identify(src/rqt_chat) by extension 'ignore_ament_install'
[0.215s] Level 1:colcon.colcon_core.package_identification:_identify(src/rqt_chat) by extensions ['colcon_pkg']
[0.215s] Level 1:colcon.colcon_core.package_identification:_identify(src/rqt_chat) by extension 'colcon_pkg'
[0.215s] Level 1:colcon.colcon_core.package_identification:_identify(src/rqt_chat) by extensions ['colcon_meta']
[0.215s] Level 1:colcon.colcon_core.package_identification:_identify(src/rqt_chat) by extension 'colcon_meta'
[0.215s] Level 1:colcon.colcon_core.package_identification:_identify(src/rqt_chat) by extensions ['ros']
[0.215s] Level 1:colcon.colcon_core.package_identification:_identify(src/rqt_chat) by extension 'ros'
[0.216s] DEBUG:colcon.colcon_core.package_identification:Package 'src/rqt_chat' with type 'ros.ament_python' and name 'rqt_chat'
[0.216s] Level 1:colcon.colcon_core.package_identification:_identify(src/string_plugin_system) by extensions ['ignore', 'ignore_ament_install']
[0.216s] Level 1:colcon.colcon_core.package_identification:_identify(src/string_plugin_system) by extension 'ignore'
[0.216s] Level 1:colcon.colcon_core.package_identification:_identify(src/string_plugin_system) by extension 'ignore_ament_install'
[0.216s] Level 1:colcon.colcon_core.package_identification:_identify(src/string_plugin_system) by extensions ['colcon_pkg']
[0.216s] Level 1:colcon.colcon_core.package_identification:_identify(src/string_plugin_system) by extension 'colcon_pkg'
[0.216s] Level 1:colcon.colcon_core.package_identification:_identify(src/string_plugin_system) by extensions ['colcon_meta']
[0.216s] Level 1:colcon.colcon_core.package_identification:_identify(src/string_plugin_system) by extension 'colcon_meta'
[0.216s] Level 1:colcon.colcon_core.package_identification:_identify(src/string_plugin_system) by extensions ['ros']
[0.216s] Level 1:colcon.colcon_core.package_identification:_identify(src/string_plugin_system) by extension 'ros'
[0.217s] DEBUG:colcon.colcon_core.package_identification:Package 'src/string_plugin_system' with type 'ros.ament_cmake' and name 'string_plugin_system'
[0.217s] Level 1:colcon.colcon_core.package_identification:_identify(src/tiago_arm_trajectory) by extensions ['ignore', 'ignore_ament_install']
[0.217s] Level 1:colcon.colcon_core.package_identification:_identify(src/tiago_arm_trajectory) by extension 'ignore'
[0.217s] Level 1:colcon.colcon_core.package_identification:_identify(src/tiago_arm_trajectory) by extension 'ignore_ament_install'
[0.217s] Level 1:colcon.colcon_core.package_identification:_identify(src/tiago_arm_trajectory) by extensions ['colcon_pkg']
[0.217s] Level 1:colcon.colcon_core.package_identification:_identify(src/tiago_arm_trajectory) by extension 'colcon_pkg'
[0.217s] Level 1:colcon.colcon_core.package_identification:_identify(src/tiago_arm_trajectory) by extensions ['colcon_meta']
[0.217s] Level 1:colcon.colcon_core.package_identification:_identify(src/tiago_arm_trajectory) by extension 'colcon_meta'
[0.217s] Level 1:colcon.colcon_core.package_identification:_identify(src/tiago_arm_trajectory) by extensions ['ros']
[0.217s] Level 1:colcon.colcon_core.package_identification:_identify(src/tiago_arm_trajectory) by extension 'ros'
[0.217s] DEBUG:colcon.colcon_core.package_identification:Package 'src/tiago_arm_trajectory' with type 'ros.ament_cmake' and name 'tiago_arm_trajectory'
[0.217s] Level 1:colcon.colcon_core.package_discovery:discover_packages(recursive) using defaults
[0.217s] Level 1:colcon.colcon_core.package_discovery:discover_packages(ignore) discover
[0.218s] Level 1:colcon.colcon_core.package_discovery:discover_packages(ignore) using defaults
[0.218s] Level 1:colcon.colcon_core.package_discovery:discover_packages(path) discover
[0.218s] Level 1:colcon.colcon_core.package_discovery:discover_packages(path) using defaults
[0.240s] INFO:colcon.colcon_core.package_selection:Skipping not selected package 'my_robot_contoller' in 'src/my_robot_contoller'
[0.240s] INFO:colcon.colcon_core.package_selection:Skipping not selected package 'rqt_chat' in 'src/rqt_chat'
[0.240s] INFO:colcon.colcon_core.package_selection:Skipping not selected package 'tiago_arm_trajectory' in 'src/tiago_arm_trajectory'
[0.241s] Level 1:colcon.colcon_core.package_discovery:discover_packages(prefix_path) check parameters
[0.241s] Level 1:colcon.colcon_core.package_discovery:discover_packages(prefix_path) discover
[0.243s] DEBUG:colcon.colcon_installed_package_information.package_discovery:Found 0 installed packages in /home/rishiraj/GSOC_Playmotion2_plugin_based_system/ros2_ws/src/string_plugin_system/include/install
[0.244s] DEBUG:colcon.colcon_installed_package_information.package_discovery:Found 38 installed packages in /home/rishiraj/tiago_public_ws/install
[0.244s] DEBUG:colcon.colcon_installed_package_information.package_discovery:Found 3 installed packages in /home/rishiraj/ros2_ws/install
[0.246s] DEBUG:colcon.colcon_installed_package_information.package_discovery:Found 432 installed packages in /opt/ros/humble
[0.248s] Level 1:colcon.colcon_core.package_discovery:discover_packages(prefix_path) using defaults
[0.286s] Level 5:colcon.colcon_core.verb:set package 'string_plugin_system' build argument 'cmake_args' from command line to 'None'
[0.286s] Level 5:colcon.colcon_core.verb:set package 'string_plugin_system' build argument 'cmake_target' from command line to 'None'
[0.286s] Level 5:colcon.colcon_core.verb:set package 'string_plugin_system' build argument 'cmake_target_skip_unavailable' from command line to 'False'
[0.286s] Level 5:colcon.colcon_core.verb:set package 'string_plugin_system' build argument 'cmake_clean_cache' from command line to 'False'
[0.286s] Level 5:colcon.colcon_core.verb:set package 'string_plugin_system' build argument 'cmake_clean_first' from command line to 'False'
[0.286s] Level 5:colcon.colcon_core.verb:set package 'string_plugin_system' build argument 'cmake_force_configure' from command line to 'False'
[0.286s] Level 5:colcon.colcon_core.verb:set package 'string_plugin_system' build argument 'ament_cmake_args' from command line to 'None'
[0.286s] Level 5:colcon.colcon_core.verb:set package 'string_plugin_system' build argument 'catkin_cmake_args' from command line to 'None'
[0.286s] Level 5:colcon.colcon_core.verb:set package 'string_plugin_system' build argument 'catkin_skip_building_tests' from command line to 'False'
[0.286s] DEBUG:colcon.colcon_core.verb:Building package 'string_plugin_system' with the following arguments: {'ament_cmake_args': None, 'build_base': '/home/rishiraj/GSOC_Playmotion2_plugin_based_system/ros2_ws/build/string_plugin_system', 'catkin_cmake_args': None, 'catkin_skip_building_tests': False, 'cmake_args': None, 'cmake_clean_cache': False, 'cmake_clean_first': False, 'cmake_force_configure': False, 'cmake_target': None, 'cmake_target_skip_unavailable': False, 'install_base': '/home/rishiraj/GSOC_Playmotion2_plugin_based_system/ros2_ws/install/string_plugin_system', 'merge_install': False, 'path': '/home/rishiraj/GSOC_Playmotion2_plugin_based_system/ros2_ws/src/string_plugin_system', 'symlink_install': False, 'test_result_base': None}
[0.286s] INFO:colcon.colcon_core.executor:Executing jobs using 'parallel' executor
[0.287s] DEBUG:colcon.colcon_parallel_executor.executor.parallel:run_until_complete
[0.287s] INFO:colcon.colcon_ros.task.ament_cmake.build:Building ROS package in '/home/rishiraj/GSOC_Playmotion2_plugin_based_system/ros2_ws/src/string_plugin_system' with build type 'ament_cmake'
[0.287s] INFO:colcon.colcon_cmake.task.cmake.build:Building CMake package in '/home/rishiraj/GSOC_Playmotion2_plugin_based_system/ros2_ws/src/string_plugin_system'
[0.289s] INFO:colcon.colcon_core.plugin_system:Skipping extension 'colcon_core.shell.bat': Not used on non-Windows systems
[0.289s] INFO:colcon.colcon_core.shell:Skip shell extension 'powershell' for command environment: Not usable outside of PowerShell
[0.289s] DEBUG:colcon.colcon_core.shell:Skip shell extension 'dsv' for command environment
[0.297s] DEBUG:colcon.colcon_core.event_handler.log_command:Invoking command in '/home/rishiraj/GSOC_Playmotion2_plugin_based_system/ros2_ws/build/string_plugin_system': CMAKE_PREFIX_PATH=${CMAKE_PREFIX_PATH}:/home/rishiraj/ros2_ws/install/rqt_chat:/home/rishiraj/ros2_ws/install/my_robot_contoller:/home/rishiraj/tiago_public_ws/install/launch_pal:/opt/ros/humble /usr/bin/cmake /home/rishiraj/GSOC_Playmotion2_plugin_based_system/ros2_ws/src/string_plugin_system -DCMAKE_INSTALL_PREFIX=/home/rishiraj/GSOC_Playmotion2_plugin_based_system/ros2_ws/install/string_plugin_system
[1.506s] DEBUG:colcon.colcon_core.event_handler.log_command:Invoked command in '/home/rishiraj/GSOC_Playmotion2_plugin_based_system/ros2_ws/build/string_plugin_system' returned '0': CMAKE_PREFIX_PATH=${CMAKE_PREFIX_PATH}:/home/rishiraj/ros2_ws/install/rqt_chat:/home/rishiraj/ros2_ws/install/my_robot_contoller:/home/rishiraj/tiago_public_ws/install/launch_pal:/opt/ros/humble /usr/bin/cmake /home/rishiraj/GSOC_Playmotion2_plugin_based_system/ros2_ws/src/string_plugin_system -DCMAKE_INSTALL_PREFIX=/home/rishiraj/GSOC_Playmotion2_plugin_based_system/ros2_ws/install/string_plugin_system
[1.507s] DEBUG:colcon.colcon_core.event_handler.log_command:Invoking command in '/home/rishiraj/GSOC_Playmotion2_plugin_based_system/ros2_ws/build/string_plugin_system': CMAKE_PREFIX_PATH=${CMAKE_PREFIX_PATH}:/home/rishiraj/ros2_ws/install/rqt_chat:/home/rishiraj/ros2_ws/install/my_robot_contoller:/home/rishiraj/tiago_public_ws/install/launch_pal:/opt/ros/humble /usr/bin/cmake --build /home/rishiraj/GSOC_Playmotion2_plugin_based_system/ros2_ws/build/string_plugin_system -- -j8 -l8
[1.736s] DEBUG:colcon.colcon_core.event_handler.log_command:Invoked command in '/home/rishiraj/GSOC_Playmotion2_plugin_based_system/ros2_ws/build/string_plugin_system' returned '2': CMAKE_PREFIX_PATH=${CMAKE_PREFIX_PATH}:/home/rishiraj/ros2_ws/install/rqt_chat:/home/rishiraj/ros2_ws/install/my_robot_contoller:/home/rishiraj/tiago_public_ws/install/launch_pal:/opt/ros/humble /usr/bin/cmake --build /home/rishiraj/GSOC_Playmotion2_plugin_based_system/ros2_ws/build/string_plugin_system -- -j8 -l8
[1.737s] Level 1:colcon.colcon_core.environment:create_environment_scripts_only(string_plugin_system)
[1.739s] Level 1:colcon.colcon_core.environment:checking '/home/rishiraj/GSOC_Playmotion2_plugin_based_system/ros2_ws/install/string_plugin_system' for CMake module files
[1.739s] Level 1:colcon.colcon_core.environment:checking '/home/rishiraj/GSOC_Playmotion2_plugin_based_system/ros2_ws/install/string_plugin_system' for CMake config files
[1.739s] Level 1:colcon.colcon_core.environment:checking '/home/rishiraj/GSOC_Playmotion2_plugin_based_system/ros2_ws/install/string_plugin_system/bin'
[1.739s] Level 1:colcon.colcon_core.environment:checking '/home/rishiraj/GSOC_Playmotion2_plugin_based_system/ros2_ws/install/string_plugin_system/lib/pkgconfig/string_plugin_system.pc'
[1.739s] Level 1:colcon.colcon_core.environment:checking '/home/rishiraj/GSOC_Playmotion2_plugin_based_system/ros2_ws/install/string_plugin_system/lib/python3.10/site-packages'
[1.739s] Level 1:colcon.colcon_core.environment:checking '/home/rishiraj/GSOC_Playmotion2_plugin_based_system/ros2_ws/install/string_plugin_system/bin'
[1.740s] INFO:colcon.colcon_core.shell:Creating package script '/home/rishiraj/GSOC_Playmotion2_plugin_based_system/ros2_ws/install/string_plugin_system/share/string_plugin_system/package.ps1'
[1.740s] INFO:colcon.colcon_core.shell:Creating package descriptor '/home/rishiraj/GSOC_Playmotion2_plugin_based_system/ros2_ws/install/string_plugin_system/share/string_plugin_system/package.dsv'
[1.741s] INFO:colcon.colcon_core.shell:Creating package script '/home/rishiraj/GSOC_Playmotion2_plugin_based_system/ros2_ws/install/string_plugin_system/share/string_plugin_system/package.sh'
[1.741s] INFO:colcon.colcon_core.shell:Creating package script '/home/rishiraj/GSOC_Playmotion2_plugin_based_system/ros2_ws/install/string_plugin_system/share/string_plugin_system/package.bash'
[1.742s] INFO:colcon.colcon_core.shell:Creating package script '/home/rishiraj/GSOC_Playmotion2_plugin_based_system/ros2_ws/install/string_plugin_system/share/string_plugin_system/package.zsh'
[1.742s] Level 1:colcon.colcon_core.environment:create_file_with_runtime_dependencies(/home/rishiraj/GSOC_Playmotion2_plugin_based_system/ros2_ws/install/string_plugin_system/share/colcon-core/packages/string_plugin_system)
[1.753s] DEBUG:colcon.colcon_parallel_executor.executor.parallel:closing loop
[1.753s] DEBUG:colcon.colcon_parallel_executor.executor.parallel:loop closed
[1.753s] DEBUG:colcon.colcon_parallel_executor.executor.parallel:run_until_complete finished with '2'
[1.753s] DEBUG:colcon.colcon_core.event_reactor:joining thread
[1.759s] INFO:colcon.colcon_core.plugin_system:Skipping extension 'colcon_notification.desktop_notification.terminal_notifier': Not used on non-Darwin systems
[1.759s] INFO:colcon.colcon_core.plugin_system:Skipping extension 'colcon_notification.desktop_notification.win32': Not used on non-Windows systems
[1.759s] INFO:colcon.colcon_notification.desktop_notification:Sending desktop notification using 'notify2'
[1.772s] DEBUG:colcon.colcon_core.event_reactor:joined thread
[1.773s] INFO:colcon.colcon_core.shell:Creating prefix script '/home/rishiraj/GSOC_Playmotion2_plugin_based_system/ros2_ws/install/local_setup.ps1'
[1.773s] INFO:colcon.colcon_core.shell:Creating prefix util module '/home/rishiraj/GSOC_Playmotion2_plugin_based_system/ros2_ws/install/_local_setup_util_ps1.py'
[1.774s] INFO:colcon.colcon_core.shell:Creating prefix chain script '/home/rishiraj/GSOC_Playmotion2_plugin_based_system/ros2_ws/install/setup.ps1'
[1.776s] INFO:colcon.colcon_core.shell:Creating prefix script '/home/rishiraj/GSOC_Playmotion2_plugin_based_system/ros2_ws/install/local_setup.sh'
[1.777s] INFO:colcon.colcon_core.shell:Creating prefix util module '/home/rishiraj/GSOC_Playmotion2_plugin_based_system/ros2_ws/install/_local_setup_util_sh.py'
[1.777s] INFO:colcon.colcon_core.shell:Creating prefix chain script '/home/rishiraj/GSOC_Playmotion2_plugin_based_system/ros2_ws/install/setup.sh'
[1.778s] INFO:colcon.colcon_core.shell:Creating prefix script '/home/rishiraj/GSOC_Playmotion2_plugin_based_system/ros2_ws/install/local_setup.bash'
[1.779s] INFO:colcon.colcon_core.shell:Creating prefix chain script '/home/rishiraj/GSOC_Playmotion2_plugin_based_system/ros2_ws/install/setup.bash'
[1.780s] INFO:colcon.colcon_core.shell:Creating prefix script '/home/rishiraj/GSOC_Playmotion2_plugin_based_system/ros2_ws/install/local_setup.zsh'
[1.781s] INFO:colcon.colcon_core.shell:Creating prefix chain script '/home/rishiraj/GSOC_Playmotion2_plugin_based_system/ros2_ws/install/setup.zsh'
