running egg_info
creating ../../build/my_robot_contoller/my_robot_contoller.egg-info
writing ../../build/my_robot_contoller/my_robot_contoller.egg-info/PKG-INFO
writing dependency_links to ../../build/my_robot_contoller/my_robot_contoller.egg-info/dependency_links.txt
writing entry points to ../../build/my_robot_contoller/my_robot_contoller.egg-info/entry_points.txt
writing requirements to ../../build/my_robot_contoller/my_robot_contoller.egg-info/requires.txt
writing top-level names to ../../build/my_robot_contoller/my_robot_contoller.egg-info/top_level.txt
writing manifest file '../../build/my_robot_contoller/my_robot_contoller.egg-info/SOURCES.txt'
reading manifest file '../../build/my_robot_contoller/my_robot_contoller.egg-info/SOURCES.txt'
writing manifest file '../../build/my_robot_contoller/my_robot_contoller.egg-info/SOURCES.txt'
running build
running build_py
creating /home/rishiraj/ros2_ws/build/my_robot_contoller/build
creating /home/rishiraj/ros2_ws/build/my_robot_contoller/build/lib
creating /home/rishiraj/ros2_ws/build/my_robot_contoller/build/lib/my_robot_contoller
copying my_robot_contoller/__init__.py -> /home/rishiraj/ros2_ws/build/my_robot_contoller/build/lib/my_robot_contoller
running install
running install_lib
creating /home/rishiraj/ros2_ws/install/my_robot_contoller/lib/python3.10/site-packages/my_robot_contoller
copying /home/rishiraj/ros2_ws/build/my_robot_contoller/build/lib/my_robot_contoller/__init__.py -> /home/rishiraj/ros2_ws/install/my_robot_contoller/lib/python3.10/site-packages/my_robot_contoller
byte-compiling /home/rishiraj/ros2_ws/install/my_robot_contoller/lib/python3.10/site-packages/my_robot_contoller/__init__.py to __init__.cpython-310.pyc
running install_data
creating /home/rishiraj/ros2_ws/install/my_robot_contoller/share/ament_index
creating /home/rishiraj/ros2_ws/install/my_robot_contoller/share/ament_index/resource_index
creating /home/rishiraj/ros2_ws/install/my_robot_contoller/share/ament_index/resource_index/packages
copying resource/my_robot_contoller -> /home/rishiraj/ros2_ws/install/my_robot_contoller/share/ament_index/resource_index/packages
copying package.xml -> /home/rishiraj/ros2_ws/install/my_robot_contoller/share/my_robot_contoller
running install_egg_info
Copying ../../build/my_robot_contoller/my_robot_contoller.egg-info to /home/rishiraj/ros2_ws/install/my_robot_contoller/lib/python3.10/site-packages/my_robot_contoller-0.0.0-py3.10.egg-info
running install_scripts
writing list of installed files to '/home/rishiraj/ros2_ws/build/my_robot_contoller/install.log'
