[0.381s] Invoking command in '/home/rishiraj/ros2_ws/src/my_robot_contoller': PYTHONPATH=/home/rishiraj/ros2_ws/build/my_robot_contoller/prefix_override:/usr/lib/python3/dist-packages/colcon_core/task/python/colcon_distutils_commands:/home/rishiraj/ros2_ws/install/my_robot_contoller/lib/python3.10/site-packages:${PYTHONPATH} /usr/bin/python3 -W ignore:setup.py install is deprecated -W ignore:easy_install command is deprecated setup.py egg_info --egg-base ../../build/my_robot_contoller build --build-base /home/rishiraj/ros2_ws/build/my_robot_contoller/build install --record /home/rishiraj/ros2_ws/build/my_robot_contoller/install.log --single-version-externally-managed install_data
[0.528s] running egg_info
[0.528s] writing ../../build/my_robot_contoller/my_robot_contoller.egg-info/PKG-INFO
[0.528s] writing dependency_links to ../../build/my_robot_contoller/my_robot_contoller.egg-info/dependency_links.txt
[0.528s] writing entry points to ../../build/my_robot_contoller/my_robot_contoller.egg-info/entry_points.txt
[0.528s] writing requirements to ../../build/my_robot_contoller/my_robot_contoller.egg-info/requires.txt
[0.528s] writing top-level names to ../../build/my_robot_contoller/my_robot_contoller.egg-info/top_level.txt
[0.530s] reading manifest file '../../build/my_robot_contoller/my_robot_contoller.egg-info/SOURCES.txt'
[0.530s] writing manifest file '../../build/my_robot_contoller/my_robot_contoller.egg-info/SOURCES.txt'
[0.530s] running build
[0.530s] running build_py
[0.531s] running install
[0.531s] running install_lib
[0.532s] running install_data
[0.532s] running install_egg_info
[0.533s] removing '/home/rishiraj/ros2_ws/install/my_robot_contoller/lib/python3.10/site-packages/my_robot_contoller-0.0.0-py3.10.egg-info' (and everything under it)
[0.533s] Copying ../../build/my_robot_contoller/my_robot_contoller.egg-info to /home/rishiraj/ros2_ws/install/my_robot_contoller/lib/python3.10/site-packages/my_robot_contoller-0.0.0-py3.10.egg-info
[0.533s] running install_scripts
[0.548s] Installing test_node script to /home/rishiraj/ros2_ws/install/my_robot_contoller/lib/my_robot_contoller
[0.548s] writing list of installed files to '/home/rishiraj/ros2_ws/build/my_robot_contoller/install.log'
[0.565s] Invoked command in '/home/rishiraj/ros2_ws/src/my_robot_contoller' returned '0': PYTHONPATH=/home/rishiraj/ros2_ws/build/my_robot_contoller/prefix_override:/usr/lib/python3/dist-packages/colcon_core/task/python/colcon_distutils_commands:/home/rishiraj/ros2_ws/install/my_robot_contoller/lib/python3.10/site-packages:${PYTHONPATH} /usr/bin/python3 -W ignore:setup.py install is deprecated -W ignore:easy_install command is deprecated setup.py egg_info --egg-base ../../build/my_robot_contoller build --build-base /home/rishiraj/ros2_ws/build/my_robot_contoller/build install --record /home/rishiraj/ros2_ws/build/my_robot_contoller/install.log --single-version-externally-managed install_data
