[0.083s] DEBUG:colcon:Command line arguments: ['/usr/bin/colcon', 'build', '--symlink-install']
[0.083s] DEBUG:colcon:Parsed command line arguments: Namespace(log_base=None, log_level=None, verb_name='build', build_base='build', install_base='install', merge_install=False, symlink_install=True, test_result_base=None, continue_on_error=False, executor='parallel', parallel_workers=8, event_handlers=None, ignore_user_meta=False, metas=['./colcon.meta'], base_paths=['.'], packages_ignore=None, packages_ignore_regex=None, paths=None, packages_up_to=None, packages_up_to_regex=None, packages_above=None, packages_above_and_dependencies=None, packages_above_depth=None, packages_select_by_dep=None, packages_skip_by_dep=None, packages_skip_up_to=None, packages_select_build_failed=False, packages_skip_build_finished=False, packages_select_test_failures=False, packages_skip_test_passed=False, packages_select=None, packages_skip=None, packages_select_regex=None, packages_skip_regex=None, packages_start=None, packages_end=None, allow_overriding=[], cmake_args=None, cmake_target=None, cmake_target_skip_unavailable=False, cmake_clean_cache=False, cmake_clean_first=False, cmake_force_configure=False, ament_cmake_args=None, catkin_cmake_args=None, catkin_skip_building_tests=False, verb_parser=<colcon_defaults.argument_parser.defaults.DefaultArgumentsDecorator object at 0x7a68cca12950>, verb_extension=<colcon_core.verb.build.BuildVerb object at 0x7a68cca123e0>, main=<bound method BuildVerb.main of <colcon_core.verb.build.BuildVerb object at 0x7a68cca123e0>>)
[0.208s] Level 1:colcon.colcon_core.package_discovery:discover_packages(colcon_meta) check parameters
[0.208s] Level 1:colcon.colcon_core.package_discovery:discover_packages(recursive) check parameters
[0.208s] Level 1:colcon.colcon_core.package_discovery:discover_packages(ignore) check parameters
[0.208s] Level 1:colcon.colcon_core.package_discovery:discover_packages(path) check parameters
[0.208s] Level 1:colcon.colcon_core.package_discovery:discover_packages(colcon_meta) discover
[0.208s] Level 1:colcon.colcon_core.package_discovery:discover_packages(recursive) discover
[0.209s] INFO:colcon.colcon_core.package_discovery:Crawling recursively for packages in '/home/rishiraj/GSOC_Playmotion2_plugin_based_system/ros2_ws'
[0.209s] Level 1:colcon.colcon_core.package_identification:_identify(.) by extensions ['ignore', 'ignore_ament_install']
[0.209s] Level 1:colcon.colcon_core.package_identification:_identify(.) by extension 'ignore'
[0.209s] Level 1:colcon.colcon_core.package_identification:_identify(.) by extension 'ignore_ament_install'
[0.209s] Level 1:colcon.colcon_core.package_identification:_identify(.) by extensions ['colcon_pkg']
[0.209s] Level 1:colcon.colcon_core.package_identification:_identify(.) by extension 'colcon_pkg'
[0.209s] Level 1:colcon.colcon_core.package_identification:_identify(.) by extensions ['colcon_meta']
[0.209s] Level 1:colcon.colcon_core.package_identification:_identify(.) by extension 'colcon_meta'
[0.209s] Level 1:colcon.colcon_core.package_identification:_identify(.) by extensions ['ros']
[0.209s] Level 1:colcon.colcon_core.package_identification:_identify(.) by extension 'ros'
[0.216s] Level 1:colcon.colcon_core.package_identification:_identify(.) by extensions ['cmake', 'python']
[0.217s] Level 1:colcon.colcon_core.package_identification:_identify(.) by extension 'cmake'
[0.217s] Level 1:colcon.colcon_core.package_identification:_identify(.) by extension 'python'
[0.217s] Level 1:colcon.colcon_core.package_identification:_identify(.) by extensions ['python_setup_py']
[0.217s] Level 1:colcon.colcon_core.package_identification:_identify(.) by extension 'python_setup_py'
[0.217s] Level 1:colcon.colcon_core.package_identification:_identify(build) by extensions ['ignore', 'ignore_ament_install']
[0.217s] Level 1:colcon.colcon_core.package_identification:_identify(build) by extension 'ignore'
[0.217s] Level 1:colcon.colcon_core.package_identification:_identify(build) ignored
[0.217s] Level 1:colcon.colcon_core.package_identification:_identify(install) by extensions ['ignore', 'ignore_ament_install']
[0.217s] Level 1:colcon.colcon_core.package_identification:_identify(install) by extension 'ignore'
[0.217s] Level 1:colcon.colcon_core.package_identification:_identify(install) ignored
[0.217s] Level 1:colcon.colcon_core.package_identification:_identify(log) by extensions ['ignore', 'ignore_ament_install']
[0.217s] Level 1:colcon.colcon_core.package_identification:_identify(log) by extension 'ignore'
[0.217s] Level 1:colcon.colcon_core.package_identification:_identify(log) ignored
[0.217s] Level 1:colcon.colcon_core.package_identification:_identify(src) by extensions ['ignore', 'ignore_ament_install']
[0.217s] Level 1:colcon.colcon_core.package_identification:_identify(src) by extension 'ignore'
[0.217s] Level 1:colcon.colcon_core.package_identification:_identify(src) by extension 'ignore_ament_install'
[0.217s] Level 1:colcon.colcon_core.package_identification:_identify(src) by extensions ['colcon_pkg']
[0.217s] Level 1:colcon.colcon_core.package_identification:_identify(src) by extension 'colcon_pkg'
[0.217s] Level 1:colcon.colcon_core.package_identification:_identify(src) by extensions ['colcon_meta']
[0.217s] Level 1:colcon.colcon_core.package_identification:_identify(src) by extension 'colcon_meta'
[0.217s] Level 1:colcon.colcon_core.package_identification:_identify(src) by extensions ['ros']
[0.217s] Level 1:colcon.colcon_core.package_identification:_identify(src) by extension 'ros'
[0.217s] Level 1:colcon.colcon_core.package_identification:_identify(src) by extensions ['cmake', 'python']
[0.218s] Level 1:colcon.colcon_core.package_identification:_identify(src) by extension 'cmake'
[0.218s] Level 1:colcon.colcon_core.package_identification:_identify(src) by extension 'python'
[0.218s] Level 1:colcon.colcon_core.package_identification:_identify(src) by extensions ['python_setup_py']
[0.218s] Level 1:colcon.colcon_core.package_identification:_identify(src) by extension 'python_setup_py'
[0.218s] Level 1:colcon.colcon_core.package_identification:_identify(src/my_robot_contoller) by extensions ['ignore', 'ignore_ament_install']
[0.218s] Level 1:colcon.colcon_core.package_identification:_identify(src/my_robot_contoller) by extension 'ignore'
[0.218s] Level 1:colcon.colcon_core.package_identification:_identify(src/my_robot_contoller) by extension 'ignore_ament_install'
[0.218s] Level 1:colcon.colcon_core.package_identification:_identify(src/my_robot_contoller) by extensions ['colcon_pkg']
[0.218s] Level 1:colcon.colcon_core.package_identification:_identify(src/my_robot_contoller) by extension 'colcon_pkg'
[0.218s] Level 1:colcon.colcon_core.package_identification:_identify(src/my_robot_contoller) by extensions ['colcon_meta']
[0.218s] Level 1:colcon.colcon_core.package_identification:_identify(src/my_robot_contoller) by extension 'colcon_meta'
[0.218s] Level 1:colcon.colcon_core.package_identification:_identify(src/my_robot_contoller) by extensions ['ros']
[0.218s] Level 1:colcon.colcon_core.package_identification:_identify(src/my_robot_contoller) by extension 'ros'
[0.220s] DEBUG:colcon.colcon_core.package_identification:Package 'src/my_robot_contoller' with type 'ros.ament_python' and name 'my_robot_contoller'
[0.220s] Level 1:colcon.colcon_core.package_identification:_identify(src/ros4hri) by extensions ['ignore', 'ignore_ament_install']
[0.220s] Level 1:colcon.colcon_core.package_identification:_identify(src/ros4hri) by extension 'ignore'
[0.220s] Level 1:colcon.colcon_core.package_identification:_identify(src/ros4hri) by extension 'ignore_ament_install'
[0.220s] Level 1:colcon.colcon_core.package_identification:_identify(src/ros4hri) by extensions ['colcon_pkg']
[0.220s] Level 1:colcon.colcon_core.package_identification:_identify(src/ros4hri) by extension 'colcon_pkg'
[0.220s] Level 1:colcon.colcon_core.package_identification:_identify(src/ros4hri) by extensions ['colcon_meta']
[0.220s] Level 1:colcon.colcon_core.package_identification:_identify(src/ros4hri) by extension 'colcon_meta'
[0.220s] Level 1:colcon.colcon_core.package_identification:_identify(src/ros4hri) by extensions ['ros']
[0.220s] Level 1:colcon.colcon_core.package_identification:_identify(src/ros4hri) by extension 'ros'
[0.220s] Level 1:colcon.colcon_core.package_identification:_identify(src/ros4hri) by extensions ['cmake', 'python']
[0.220s] Level 1:colcon.colcon_core.package_identification:_identify(src/ros4hri) by extension 'cmake'
[0.220s] Level 1:colcon.colcon_core.package_identification:_identify(src/ros4hri) by extension 'python'
[0.220s] Level 1:colcon.colcon_core.package_identification:_identify(src/ros4hri) by extensions ['python_setup_py']
[0.220s] Level 1:colcon.colcon_core.package_identification:_identify(src/ros4hri) by extension 'python_setup_py'
[0.220s] Level 1:colcon.colcon_core.package_identification:_identify(src/ros4hri/doc) by extensions ['ignore', 'ignore_ament_install']
[0.220s] Level 1:colcon.colcon_core.package_identification:_identify(src/ros4hri/doc) by extension 'ignore'
[0.220s] Level 1:colcon.colcon_core.package_identification:_identify(src/ros4hri/doc) by extension 'ignore_ament_install'
[0.220s] Level 1:colcon.colcon_core.package_identification:_identify(src/ros4hri/doc) by extensions ['colcon_pkg']
[0.220s] Level 1:colcon.colcon_core.package_identification:_identify(src/ros4hri/doc) by extension 'colcon_pkg'
[0.220s] Level 1:colcon.colcon_core.package_identification:_identify(src/ros4hri/doc) by extensions ['colcon_meta']
[0.220s] Level 1:colcon.colcon_core.package_identification:_identify(src/ros4hri/doc) by extension 'colcon_meta'
[0.220s] Level 1:colcon.colcon_core.package_identification:_identify(src/ros4hri/doc) by extensions ['ros']
[0.220s] Level 1:colcon.colcon_core.package_identification:_identify(src/ros4hri/doc) by extension 'ros'
[0.221s] Level 1:colcon.colcon_core.package_identification:_identify(src/ros4hri/doc) by extensions ['cmake', 'python']
[0.221s] Level 1:colcon.colcon_core.package_identification:_identify(src/ros4hri/doc) by extension 'cmake'
[0.221s] Level 1:colcon.colcon_core.package_identification:_identify(src/ros4hri/doc) by extension 'python'
[0.221s] Level 1:colcon.colcon_core.package_identification:_identify(src/ros4hri/doc) by extensions ['python_setup_py']
[0.221s] Level 1:colcon.colcon_core.package_identification:_identify(src/ros4hri/doc) by extension 'python_setup_py'
[0.221s] Level 1:colcon.colcon_core.package_identification:_identify(src/rqt_chat) by extensions ['ignore', 'ignore_ament_install']
[0.221s] Level 1:colcon.colcon_core.package_identification:_identify(src/rqt_chat) by extension 'ignore'
[0.221s] Level 1:colcon.colcon_core.package_identification:_identify(src/rqt_chat) by extension 'ignore_ament_install'
[0.221s] Level 1:colcon.colcon_core.package_identification:_identify(src/rqt_chat) by extensions ['colcon_pkg']
[0.221s] Level 1:colcon.colcon_core.package_identification:_identify(src/rqt_chat) by extension 'colcon_pkg'
[0.221s] Level 1:colcon.colcon_core.package_identification:_identify(src/rqt_chat) by extensions ['colcon_meta']
[0.221s] Level 1:colcon.colcon_core.package_identification:_identify(src/rqt_chat) by extension 'colcon_meta'
[0.221s] Level 1:colcon.colcon_core.package_identification:_identify(src/rqt_chat) by extensions ['ros']
[0.221s] Level 1:colcon.colcon_core.package_identification:_identify(src/rqt_chat) by extension 'ros'
[0.222s] DEBUG:colcon.colcon_core.package_identification:Package 'src/rqt_chat' with type 'ros.ament_python' and name 'rqt_chat'
[0.222s] Level 1:colcon.colcon_core.package_identification:_identify(src/tiago_arm_trajectory) by extensions ['ignore', 'ignore_ament_install']
[0.222s] Level 1:colcon.colcon_core.package_identification:_identify(src/tiago_arm_trajectory) by extension 'ignore'
[0.222s] Level 1:colcon.colcon_core.package_identification:_identify(src/tiago_arm_trajectory) by extension 'ignore_ament_install'
[0.222s] Level 1:colcon.colcon_core.package_identification:_identify(src/tiago_arm_trajectory) by extensions ['colcon_pkg']
[0.222s] Level 1:colcon.colcon_core.package_identification:_identify(src/tiago_arm_trajectory) by extension 'colcon_pkg'
[0.222s] Level 1:colcon.colcon_core.package_identification:_identify(src/tiago_arm_trajectory) by extensions ['colcon_meta']
[0.222s] Level 1:colcon.colcon_core.package_identification:_identify(src/tiago_arm_trajectory) by extension 'colcon_meta'
[0.222s] Level 1:colcon.colcon_core.package_identification:_identify(src/tiago_arm_trajectory) by extensions ['ros']
[0.222s] Level 1:colcon.colcon_core.package_identification:_identify(src/tiago_arm_trajectory) by extension 'ros'
[0.222s] DEBUG:colcon.colcon_core.package_identification:Package 'src/tiago_arm_trajectory' with type 'ros.ament_cmake' and name 'tiago_arm_trajectory'
[0.222s] Level 1:colcon.colcon_core.package_discovery:discover_packages(recursive) using defaults
[0.222s] Level 1:colcon.colcon_core.package_discovery:discover_packages(ignore) discover
[0.222s] Level 1:colcon.colcon_core.package_discovery:discover_packages(ignore) using defaults
[0.222s] Level 1:colcon.colcon_core.package_discovery:discover_packages(path) discover
[0.222s] Level 1:colcon.colcon_core.package_discovery:discover_packages(path) using defaults
[0.246s] Level 1:colcon.colcon_core.package_discovery:discover_packages(prefix_path) check parameters
[0.246s] Level 1:colcon.colcon_core.package_discovery:discover_packages(prefix_path) discover
[0.249s] DEBUG:colcon.colcon_installed_package_information.package_discovery:Found 38 installed packages in /home/rishiraj/tiago_public_ws/install
[0.249s] DEBUG:colcon.colcon_installed_package_information.package_discovery:Found 3 installed packages in /home/rishiraj/ros2_ws/install
[0.250s] DEBUG:colcon.colcon_installed_package_information.package_discovery:Found 428 installed packages in /opt/ros/humble
[0.252s] Level 1:colcon.colcon_core.package_discovery:discover_packages(prefix_path) using defaults
[0.289s] Level 5:colcon.colcon_core.verb:set package 'my_robot_contoller' build argument 'cmake_args' from command line to 'None'
[0.289s] Level 5:colcon.colcon_core.verb:set package 'my_robot_contoller' build argument 'cmake_target' from command line to 'None'
[0.289s] Level 5:colcon.colcon_core.verb:set package 'my_robot_contoller' build argument 'cmake_target_skip_unavailable' from command line to 'False'
[0.289s] Level 5:colcon.colcon_core.verb:set package 'my_robot_contoller' build argument 'cmake_clean_cache' from command line to 'False'
[0.289s] Level 5:colcon.colcon_core.verb:set package 'my_robot_contoller' build argument 'cmake_clean_first' from command line to 'False'
[0.289s] Level 5:colcon.colcon_core.verb:set package 'my_robot_contoller' build argument 'cmake_force_configure' from command line to 'False'
[0.289s] Level 5:colcon.colcon_core.verb:set package 'my_robot_contoller' build argument 'ament_cmake_args' from command line to 'None'
[0.289s] Level 5:colcon.colcon_core.verb:set package 'my_robot_contoller' build argument 'catkin_cmake_args' from command line to 'None'
[0.289s] Level 5:colcon.colcon_core.verb:set package 'my_robot_contoller' build argument 'catkin_skip_building_tests' from command line to 'False'
[0.289s] DEBUG:colcon.colcon_core.verb:Building package 'my_robot_contoller' with the following arguments: {'ament_cmake_args': None, 'build_base': '/home/rishiraj/GSOC_Playmotion2_plugin_based_system/ros2_ws/build/my_robot_contoller', 'catkin_cmake_args': None, 'catkin_skip_building_tests': False, 'cmake_args': None, 'cmake_clean_cache': False, 'cmake_clean_first': False, 'cmake_force_configure': False, 'cmake_target': None, 'cmake_target_skip_unavailable': False, 'install_base': '/home/rishiraj/GSOC_Playmotion2_plugin_based_system/ros2_ws/install/my_robot_contoller', 'merge_install': False, 'path': '/home/rishiraj/GSOC_Playmotion2_plugin_based_system/ros2_ws/src/my_robot_contoller', 'symlink_install': True, 'test_result_base': None}
[0.290s] Level 5:colcon.colcon_core.verb:set package 'rqt_chat' build argument 'cmake_args' from command line to 'None'
[0.290s] Level 5:colcon.colcon_core.verb:set package 'rqt_chat' build argument 'cmake_target' from command line to 'None'
[0.290s] Level 5:colcon.colcon_core.verb:set package 'rqt_chat' build argument 'cmake_target_skip_unavailable' from command line to 'False'
[0.290s] Level 5:colcon.colcon_core.verb:set package 'rqt_chat' build argument 'cmake_clean_cache' from command line to 'False'
[0.290s] Level 5:colcon.colcon_core.verb:set package 'rqt_chat' build argument 'cmake_clean_first' from command line to 'False'
[0.290s] Level 5:colcon.colcon_core.verb:set package 'rqt_chat' build argument 'cmake_force_configure' from command line to 'False'
[0.290s] Level 5:colcon.colcon_core.verb:set package 'rqt_chat' build argument 'ament_cmake_args' from command line to 'None'
[0.290s] Level 5:colcon.colcon_core.verb:set package 'rqt_chat' build argument 'catkin_cmake_args' from command line to 'None'
[0.290s] Level 5:colcon.colcon_core.verb:set package 'rqt_chat' build argument 'catkin_skip_building_tests' from command line to 'False'
[0.290s] DEBUG:colcon.colcon_core.verb:Building package 'rqt_chat' with the following arguments: {'ament_cmake_args': None, 'build_base': '/home/rishiraj/GSOC_Playmotion2_plugin_based_system/ros2_ws/build/rqt_chat', 'catkin_cmake_args': None, 'catkin_skip_building_tests': False, 'cmake_args': None, 'cmake_clean_cache': False, 'cmake_clean_first': False, 'cmake_force_configure': False, 'cmake_target': None, 'cmake_target_skip_unavailable': False, 'install_base': '/home/rishiraj/GSOC_Playmotion2_plugin_based_system/ros2_ws/install/rqt_chat', 'merge_install': False, 'path': '/home/rishiraj/GSOC_Playmotion2_plugin_based_system/ros2_ws/src/rqt_chat', 'symlink_install': True, 'test_result_base': None}
[0.290s] Level 5:colcon.colcon_core.verb:set package 'tiago_arm_trajectory' build argument 'cmake_args' from command line to 'None'
[0.290s] Level 5:colcon.colcon_core.verb:set package 'tiago_arm_trajectory' build argument 'cmake_target' from command line to 'None'
[0.290s] Level 5:colcon.colcon_core.verb:set package 'tiago_arm_trajectory' build argument 'cmake_target_skip_unavailable' from command line to 'False'
[0.290s] Level 5:colcon.colcon_core.verb:set package 'tiago_arm_trajectory' build argument 'cmake_clean_cache' from command line to 'False'
[0.290s] Level 5:colcon.colcon_core.verb:set package 'tiago_arm_trajectory' build argument 'cmake_clean_first' from command line to 'False'
[0.290s] Level 5:colcon.colcon_core.verb:set package 'tiago_arm_trajectory' build argument 'cmake_force_configure' from command line to 'False'
[0.290s] Level 5:colcon.colcon_core.verb:set package 'tiago_arm_trajectory' build argument 'ament_cmake_args' from command line to 'None'
[0.290s] Level 5:colcon.colcon_core.verb:set package 'tiago_arm_trajectory' build argument 'catkin_cmake_args' from command line to 'None'
[0.290s] Level 5:colcon.colcon_core.verb:set package 'tiago_arm_trajectory' build argument 'catkin_skip_building_tests' from command line to 'False'
[0.290s] DEBUG:colcon.colcon_core.verb:Building package 'tiago_arm_trajectory' with the following arguments: {'ament_cmake_args': None, 'build_base': '/home/rishiraj/GSOC_Playmotion2_plugin_based_system/ros2_ws/build/tiago_arm_trajectory', 'catkin_cmake_args': None, 'catkin_skip_building_tests': False, 'cmake_args': None, 'cmake_clean_cache': False, 'cmake_clean_first': False, 'cmake_force_configure': False, 'cmake_target': None, 'cmake_target_skip_unavailable': False, 'install_base': '/home/rishiraj/GSOC_Playmotion2_plugin_based_system/ros2_ws/install/tiago_arm_trajectory', 'merge_install': False, 'path': '/home/rishiraj/GSOC_Playmotion2_plugin_based_system/ros2_ws/src/tiago_arm_trajectory', 'symlink_install': True, 'test_result_base': None}
[0.290s] INFO:colcon.colcon_core.executor:Executing jobs using 'parallel' executor
[0.291s] DEBUG:colcon.colcon_parallel_executor.executor.parallel:run_until_complete
[0.291s] INFO:colcon.colcon_ros.task.ament_python.build:Building ROS package in '/home/rishiraj/GSOC_Playmotion2_plugin_based_system/ros2_ws/src/my_robot_contoller' with build type 'ament_python'
[0.292s] Level 1:colcon.colcon_core.shell:create_environment_hook('my_robot_contoller', 'ament_prefix_path')
[0.293s] INFO:colcon.colcon_core.plugin_system:Skipping extension 'colcon_core.shell.bat': Not used on non-Windows systems
[0.293s] INFO:colcon.colcon_core.shell:Creating environment hook '/home/rishiraj/GSOC_Playmotion2_plugin_based_system/ros2_ws/install/my_robot_contoller/share/my_robot_contoller/hook/ament_prefix_path.ps1'
[0.294s] INFO:colcon.colcon_core.shell:Creating environment descriptor '/home/rishiraj/GSOC_Playmotion2_plugin_based_system/ros2_ws/install/my_robot_contoller/share/my_robot_contoller/hook/ament_prefix_path.dsv'
[0.294s] INFO:colcon.colcon_core.shell:Creating environment hook '/home/rishiraj/GSOC_Playmotion2_plugin_based_system/ros2_ws/install/my_robot_contoller/share/my_robot_contoller/hook/ament_prefix_path.sh'
[0.295s] INFO:colcon.colcon_core.shell:Skip shell extension 'powershell' for command environment: Not usable outside of PowerShell
[0.295s] DEBUG:colcon.colcon_core.shell:Skip shell extension 'dsv' for command environment
[0.301s] INFO:colcon.colcon_ros.task.ament_python.build:Building ROS package in '/home/rishiraj/GSOC_Playmotion2_plugin_based_system/ros2_ws/src/rqt_chat' with build type 'ament_python'
[0.301s] Level 1:colcon.colcon_core.shell:create_environment_hook('rqt_chat', 'ament_prefix_path')
[0.301s] INFO:colcon.colcon_core.shell:Creating environment hook '/home/rishiraj/GSOC_Playmotion2_plugin_based_system/ros2_ws/install/rqt_chat/share/rqt_chat/hook/ament_prefix_path.ps1'
[0.302s] INFO:colcon.colcon_core.shell:Creating environment descriptor '/home/rishiraj/GSOC_Playmotion2_plugin_based_system/ros2_ws/install/rqt_chat/share/rqt_chat/hook/ament_prefix_path.dsv'
[0.302s] INFO:colcon.colcon_core.shell:Creating environment hook '/home/rishiraj/GSOC_Playmotion2_plugin_based_system/ros2_ws/install/rqt_chat/share/rqt_chat/hook/ament_prefix_path.sh'
[0.303s] INFO:colcon.colcon_core.shell:Skip shell extension 'powershell' for command environment: Not usable outside of PowerShell
[0.303s] DEBUG:colcon.colcon_core.shell:Skip shell extension 'dsv' for command environment
[0.309s] INFO:colcon.colcon_ros.task.ament_cmake.build:Building ROS package in '/home/rishiraj/GSOC_Playmotion2_plugin_based_system/ros2_ws/src/tiago_arm_trajectory' with build type 'ament_cmake'
[0.309s] INFO:colcon.colcon_cmake.task.cmake.build:Building CMake package in '/home/rishiraj/GSOC_Playmotion2_plugin_based_system/ros2_ws/src/tiago_arm_trajectory'
[0.309s] INFO:colcon.colcon_core.shell:Skip shell extension 'powershell' for command environment: Not usable outside of PowerShell
[0.309s] DEBUG:colcon.colcon_core.shell:Skip shell extension 'dsv' for command environment
[0.521s] INFO:colcon.colcon_core.task.python.build:Building Python package in '/home/rishiraj/GSOC_Playmotion2_plugin_based_system/ros2_ws/src/my_robot_contoller'
[0.521s] INFO:colcon.colcon_core.shell:Skip shell extension 'powershell' for command environment: Not usable outside of PowerShell
[0.521s] DEBUG:colcon.colcon_core.shell:Skip shell extension 'dsv' for command environment
[0.722s] INFO:colcon.colcon_core.task.python.build:Building Python package in '/home/rishiraj/GSOC_Playmotion2_plugin_based_system/ros2_ws/src/rqt_chat'
[0.722s] INFO:colcon.colcon_core.shell:Skip shell extension 'powershell' for command environment: Not usable outside of PowerShell
[0.722s] DEBUG:colcon.colcon_core.shell:Skip shell extension 'dsv' for command environment
[0.730s] DEBUG:colcon.colcon_core.event_handler.log_command:Invoking command in '/home/rishiraj/GSOC_Playmotion2_plugin_based_system/ros2_ws/build/tiago_arm_trajectory': CMAKE_PREFIX_PATH=${CMAKE_PREFIX_PATH}:/home/rishiraj/ros2_ws/install/rqt_chat:/home/rishiraj/ros2_ws/install/my_robot_contoller:/home/rishiraj/tiago_public_ws/install/launch_pal:/opt/ros/humble /usr/bin/cmake --build /home/rishiraj/GSOC_Playmotion2_plugin_based_system/ros2_ws/build/tiago_arm_trajectory -- -j8 -l8
[0.783s] DEBUG:colcon.colcon_core.event_handler.log_command:Invoked command in '/home/rishiraj/GSOC_Playmotion2_plugin_based_system/ros2_ws/build/tiago_arm_trajectory' returned '0': CMAKE_PREFIX_PATH=${CMAKE_PREFIX_PATH}:/home/rishiraj/ros2_ws/install/rqt_chat:/home/rishiraj/ros2_ws/install/my_robot_contoller:/home/rishiraj/tiago_public_ws/install/launch_pal:/opt/ros/humble /usr/bin/cmake --build /home/rishiraj/GSOC_Playmotion2_plugin_based_system/ros2_ws/build/tiago_arm_trajectory -- -j8 -l8
[0.791s] DEBUG:colcon.colcon_core.event_handler.log_command:Invoking command in '/home/rishiraj/GSOC_Playmotion2_plugin_based_system/ros2_ws/build/tiago_arm_trajectory': CMAKE_PREFIX_PATH=${CMAKE_PREFIX_PATH}:/home/rishiraj/ros2_ws/install/rqt_chat:/home/rishiraj/ros2_ws/install/my_robot_contoller:/home/rishiraj/tiago_public_ws/install/launch_pal:/opt/ros/humble /usr/bin/cmake --install /home/rishiraj/GSOC_Playmotion2_plugin_based_system/ros2_ws/build/tiago_arm_trajectory
[0.810s] Level 1:colcon.colcon_core.environment:create_environment_scripts_only(tiago_arm_trajectory)
[0.811s] DEBUG:colcon.colcon_core.event_handler.log_command:Invoked command in '/home/rishiraj/GSOC_Playmotion2_plugin_based_system/ros2_ws/build/tiago_arm_trajectory' returned '0': CMAKE_PREFIX_PATH=${CMAKE_PREFIX_PATH}:/home/rishiraj/ros2_ws/install/rqt_chat:/home/rishiraj/ros2_ws/install/my_robot_contoller:/home/rishiraj/tiago_public_ws/install/launch_pal:/opt/ros/humble /usr/bin/cmake --install /home/rishiraj/GSOC_Playmotion2_plugin_based_system/ros2_ws/build/tiago_arm_trajectory
[0.813s] Level 1:colcon.colcon_core.environment:checking '/home/rishiraj/GSOC_Playmotion2_plugin_based_system/ros2_ws/install/tiago_arm_trajectory' for CMake module files
[0.813s] Level 1:colcon.colcon_core.environment:checking '/home/rishiraj/GSOC_Playmotion2_plugin_based_system/ros2_ws/install/tiago_arm_trajectory' for CMake config files
[0.814s] Level 1:colcon.colcon_core.shell:create_environment_hook('tiago_arm_trajectory', 'cmake_prefix_path')
[0.814s] INFO:colcon.colcon_core.shell:Creating environment hook '/home/rishiraj/GSOC_Playmotion2_plugin_based_system/ros2_ws/install/tiago_arm_trajectory/share/tiago_arm_trajectory/hook/cmake_prefix_path.ps1'
[0.814s] INFO:colcon.colcon_core.shell:Creating environment descriptor '/home/rishiraj/GSOC_Playmotion2_plugin_based_system/ros2_ws/install/tiago_arm_trajectory/share/tiago_arm_trajectory/hook/cmake_prefix_path.dsv'
[0.814s] INFO:colcon.colcon_core.shell:Creating environment hook '/home/rishiraj/GSOC_Playmotion2_plugin_based_system/ros2_ws/install/tiago_arm_trajectory/share/tiago_arm_trajectory/hook/cmake_prefix_path.sh'
[0.815s] Level 1:colcon.colcon_core.environment:checking '/home/rishiraj/GSOC_Playmotion2_plugin_based_system/ros2_ws/install/tiago_arm_trajectory/lib'
[0.815s] Level 1:colcon.colcon_core.environment:checking '/home/rishiraj/GSOC_Playmotion2_plugin_based_system/ros2_ws/install/tiago_arm_trajectory/bin'
[0.815s] Level 1:colcon.colcon_core.environment:checking '/home/rishiraj/GSOC_Playmotion2_plugin_based_system/ros2_ws/install/tiago_arm_trajectory/lib/pkgconfig/tiago_arm_trajectory.pc'
[0.815s] Level 1:colcon.colcon_core.environment:checking '/home/rishiraj/GSOC_Playmotion2_plugin_based_system/ros2_ws/install/tiago_arm_trajectory/lib/python3.10/site-packages'
[0.815s] Level 1:colcon.colcon_core.environment:checking '/home/rishiraj/GSOC_Playmotion2_plugin_based_system/ros2_ws/install/tiago_arm_trajectory/bin'
[0.816s] INFO:colcon.colcon_core.shell:Creating package script '/home/rishiraj/GSOC_Playmotion2_plugin_based_system/ros2_ws/install/tiago_arm_trajectory/share/tiago_arm_trajectory/package.ps1'
[0.816s] INFO:colcon.colcon_core.shell:Creating package descriptor '/home/rishiraj/GSOC_Playmotion2_plugin_based_system/ros2_ws/install/tiago_arm_trajectory/share/tiago_arm_trajectory/package.dsv'
[0.817s] INFO:colcon.colcon_core.shell:Creating package script '/home/rishiraj/GSOC_Playmotion2_plugin_based_system/ros2_ws/install/tiago_arm_trajectory/share/tiago_arm_trajectory/package.sh'
[0.817s] INFO:colcon.colcon_core.shell:Creating package script '/home/rishiraj/GSOC_Playmotion2_plugin_based_system/ros2_ws/install/tiago_arm_trajectory/share/tiago_arm_trajectory/package.bash'
[0.817s] INFO:colcon.colcon_core.shell:Creating package script '/home/rishiraj/GSOC_Playmotion2_plugin_based_system/ros2_ws/install/tiago_arm_trajectory/share/tiago_arm_trajectory/package.zsh'
[0.818s] Level 1:colcon.colcon_core.environment:create_file_with_runtime_dependencies(/home/rishiraj/GSOC_Playmotion2_plugin_based_system/ros2_ws/install/tiago_arm_trajectory/share/colcon-core/packages/tiago_arm_trajectory)
[0.818s] Level 1:colcon.colcon_core.environment:create_environment_scripts_only(tiago_arm_trajectory)
[0.818s] Level 1:colcon.colcon_core.environment:checking '/home/rishiraj/GSOC_Playmotion2_plugin_based_system/ros2_ws/install/tiago_arm_trajectory' for CMake module files
[0.819s] Level 1:colcon.colcon_core.environment:checking '/home/rishiraj/GSOC_Playmotion2_plugin_based_system/ros2_ws/install/tiago_arm_trajectory' for CMake config files
[0.819s] Level 1:colcon.colcon_core.shell:create_environment_hook('tiago_arm_trajectory', 'cmake_prefix_path')
[0.819s] INFO:colcon.colcon_core.shell:Creating environment hook '/home/rishiraj/GSOC_Playmotion2_plugin_based_system/ros2_ws/install/tiago_arm_trajectory/share/tiago_arm_trajectory/hook/cmake_prefix_path.ps1'
[0.820s] INFO:colcon.colcon_core.shell:Creating environment descriptor '/home/rishiraj/GSOC_Playmotion2_plugin_based_system/ros2_ws/install/tiago_arm_trajectory/share/tiago_arm_trajectory/hook/cmake_prefix_path.dsv'
[0.820s] INFO:colcon.colcon_core.shell:Creating environment hook '/home/rishiraj/GSOC_Playmotion2_plugin_based_system/ros2_ws/install/tiago_arm_trajectory/share/tiago_arm_trajectory/hook/cmake_prefix_path.sh'
[0.820s] Level 1:colcon.colcon_core.environment:checking '/home/rishiraj/GSOC_Playmotion2_plugin_based_system/ros2_ws/install/tiago_arm_trajectory/lib'
[0.820s] Level 1:colcon.colcon_core.environment:checking '/home/rishiraj/GSOC_Playmotion2_plugin_based_system/ros2_ws/install/tiago_arm_trajectory/bin'
[0.820s] Level 1:colcon.colcon_core.environment:checking '/home/rishiraj/GSOC_Playmotion2_plugin_based_system/ros2_ws/install/tiago_arm_trajectory/lib/pkgconfig/tiago_arm_trajectory.pc'
[0.821s] Level 1:colcon.colcon_core.environment:checking '/home/rishiraj/GSOC_Playmotion2_plugin_based_system/ros2_ws/install/tiago_arm_trajectory/lib/python3.10/site-packages'
[0.821s] Level 1:colcon.colcon_core.environment:checking '/home/rishiraj/GSOC_Playmotion2_plugin_based_system/ros2_ws/install/tiago_arm_trajectory/bin'
[0.821s] INFO:colcon.colcon_core.shell:Creating package script '/home/rishiraj/GSOC_Playmotion2_plugin_based_system/ros2_ws/install/tiago_arm_trajectory/share/tiago_arm_trajectory/package.ps1'
[0.821s] INFO:colcon.colcon_core.shell:Creating package descriptor '/home/rishiraj/GSOC_Playmotion2_plugin_based_system/ros2_ws/install/tiago_arm_trajectory/share/tiago_arm_trajectory/package.dsv'
[0.822s] INFO:colcon.colcon_core.shell:Creating package script '/home/rishiraj/GSOC_Playmotion2_plugin_based_system/ros2_ws/install/tiago_arm_trajectory/share/tiago_arm_trajectory/package.sh'
[0.822s] INFO:colcon.colcon_core.shell:Creating package script '/home/rishiraj/GSOC_Playmotion2_plugin_based_system/ros2_ws/install/tiago_arm_trajectory/share/tiago_arm_trajectory/package.bash'
[0.823s] INFO:colcon.colcon_core.shell:Creating package script '/home/rishiraj/GSOC_Playmotion2_plugin_based_system/ros2_ws/install/tiago_arm_trajectory/share/tiago_arm_trajectory/package.zsh'
[0.823s] Level 1:colcon.colcon_core.environment:create_file_with_runtime_dependencies(/home/rishiraj/GSOC_Playmotion2_plugin_based_system/ros2_ws/install/tiago_arm_trajectory/share/colcon-core/packages/tiago_arm_trajectory)
[1.049s] DEBUG:colcon.colcon_core.event_handler.log_command:Invoking command in '/home/rishiraj/GSOC_Playmotion2_plugin_based_system/ros2_ws/build/rqt_chat': PYTHONPATH=/home/rishiraj/GSOC_Playmotion2_plugin_based_system/ros2_ws/build/rqt_chat/prefix_override:/usr/lib/python3/dist-packages/colcon_core/task/python/colcon_distutils_commands:/home/rishiraj/GSOC_Playmotion2_plugin_based_system/ros2_ws/install/rqt_chat/lib/python3.10/site-packages:${PYTHONPATH} /usr/bin/python3 -W ignore:setup.py install is deprecated -W ignore:easy_install command is deprecated setup.py develop --editable --build-directory /home/rishiraj/GSOC_Playmotion2_plugin_based_system/ros2_ws/build/rqt_chat/build --no-deps symlink_data
[1.059s] DEBUG:colcon.colcon_core.event_handler.log_command:Invoking command in '/home/rishiraj/GSOC_Playmotion2_plugin_based_system/ros2_ws/build/my_robot_contoller': PYTHONPATH=/home/rishiraj/GSOC_Playmotion2_plugin_based_system/ros2_ws/build/my_robot_contoller/prefix_override:/usr/lib/python3/dist-packages/colcon_core/task/python/colcon_distutils_commands:/home/rishiraj/GSOC_Playmotion2_plugin_based_system/ros2_ws/install/my_robot_contoller/lib/python3.10/site-packages:${PYTHONPATH} /usr/bin/python3 -W ignore:setup.py install is deprecated -W ignore:easy_install command is deprecated setup.py develop --editable --build-directory /home/rishiraj/GSOC_Playmotion2_plugin_based_system/ros2_ws/build/my_robot_contoller/build --no-deps symlink_data
[1.469s] Level 1:colcon.colcon_core.shell:create_environment_hook('my_robot_contoller', 'pythonpath_develop')
[1.470s] INFO:colcon.colcon_core.shell:Creating environment hook '/home/rishiraj/GSOC_Playmotion2_plugin_based_system/ros2_ws/build/my_robot_contoller/share/my_robot_contoller/hook/pythonpath_develop.ps1'
[1.470s] DEBUG:colcon.colcon_core.event_handler.log_command:Invoked command in '/home/rishiraj/GSOC_Playmotion2_plugin_based_system/ros2_ws/build/my_robot_contoller' returned '0': PYTHONPATH=/home/rishiraj/GSOC_Playmotion2_plugin_based_system/ros2_ws/build/my_robot_contoller/prefix_override:/usr/lib/python3/dist-packages/colcon_core/task/python/colcon_distutils_commands:/home/rishiraj/GSOC_Playmotion2_plugin_based_system/ros2_ws/install/my_robot_contoller/lib/python3.10/site-packages:${PYTHONPATH} /usr/bin/python3 -W ignore:setup.py install is deprecated -W ignore:easy_install command is deprecated setup.py develop --editable --build-directory /home/rishiraj/GSOC_Playmotion2_plugin_based_system/ros2_ws/build/my_robot_contoller/build --no-deps symlink_data
[1.470s] INFO:colcon.colcon_core.shell:Creating environment descriptor '/home/rishiraj/GSOC_Playmotion2_plugin_based_system/ros2_ws/build/my_robot_contoller/share/my_robot_contoller/hook/pythonpath_develop.dsv'
[1.471s] INFO:colcon.colcon_core.shell:Creating environment hook '/home/rishiraj/GSOC_Playmotion2_plugin_based_system/ros2_ws/build/my_robot_contoller/share/my_robot_contoller/hook/pythonpath_develop.sh'
[1.471s] Level 1:colcon.colcon_core.environment:checking '/home/rishiraj/GSOC_Playmotion2_plugin_based_system/ros2_ws/install/my_robot_contoller' for CMake module files
[1.471s] Level 1:colcon.colcon_core.environment:checking '/home/rishiraj/GSOC_Playmotion2_plugin_based_system/ros2_ws/install/my_robot_contoller' for CMake config files
[1.472s] Level 1:colcon.colcon_core.environment:checking '/home/rishiraj/GSOC_Playmotion2_plugin_based_system/ros2_ws/install/my_robot_contoller/lib'
[1.472s] Level 1:colcon.colcon_core.environment:checking '/home/rishiraj/GSOC_Playmotion2_plugin_based_system/ros2_ws/install/my_robot_contoller/bin'
[1.472s] Level 1:colcon.colcon_core.environment:checking '/home/rishiraj/GSOC_Playmotion2_plugin_based_system/ros2_ws/install/my_robot_contoller/lib/pkgconfig/my_robot_contoller.pc'
[1.472s] Level 1:colcon.colcon_core.environment:checking '/home/rishiraj/GSOC_Playmotion2_plugin_based_system/ros2_ws/install/my_robot_contoller/lib/python3.10/site-packages'
[1.472s] Level 1:colcon.colcon_core.shell:create_environment_hook('my_robot_contoller', 'pythonpath')
[1.472s] INFO:colcon.colcon_core.shell:Creating environment hook '/home/rishiraj/GSOC_Playmotion2_plugin_based_system/ros2_ws/install/my_robot_contoller/share/my_robot_contoller/hook/pythonpath.ps1'
[1.473s] INFO:colcon.colcon_core.shell:Creating environment descriptor '/home/rishiraj/GSOC_Playmotion2_plugin_based_system/ros2_ws/install/my_robot_contoller/share/my_robot_contoller/hook/pythonpath.dsv'
[1.473s] INFO:colcon.colcon_core.shell:Creating environment hook '/home/rishiraj/GSOC_Playmotion2_plugin_based_system/ros2_ws/install/my_robot_contoller/share/my_robot_contoller/hook/pythonpath.sh'
[1.473s] Level 1:colcon.colcon_core.environment:checking '/home/rishiraj/GSOC_Playmotion2_plugin_based_system/ros2_ws/install/my_robot_contoller/bin'
[1.473s] Level 1:colcon.colcon_core.environment:create_environment_scripts_only(my_robot_contoller)
[1.474s] INFO:colcon.colcon_core.shell:Creating package script '/home/rishiraj/GSOC_Playmotion2_plugin_based_system/ros2_ws/install/my_robot_contoller/share/my_robot_contoller/package.ps1'
[1.474s] INFO:colcon.colcon_core.shell:Creating package descriptor '/home/rishiraj/GSOC_Playmotion2_plugin_based_system/ros2_ws/install/my_robot_contoller/share/my_robot_contoller/package.dsv'
[1.474s] INFO:colcon.colcon_core.shell:Creating package script '/home/rishiraj/GSOC_Playmotion2_plugin_based_system/ros2_ws/install/my_robot_contoller/share/my_robot_contoller/package.sh'
[1.475s] INFO:colcon.colcon_core.shell:Creating package script '/home/rishiraj/GSOC_Playmotion2_plugin_based_system/ros2_ws/install/my_robot_contoller/share/my_robot_contoller/package.bash'
[1.475s] INFO:colcon.colcon_core.shell:Creating package script '/home/rishiraj/GSOC_Playmotion2_plugin_based_system/ros2_ws/install/my_robot_contoller/share/my_robot_contoller/package.zsh'
[1.475s] Level 1:colcon.colcon_core.environment:create_file_with_runtime_dependencies(/home/rishiraj/GSOC_Playmotion2_plugin_based_system/ros2_ws/install/my_robot_contoller/share/colcon-core/packages/my_robot_contoller)
[1.476s] Level 1:colcon.colcon_core.shell:create_environment_hook('rqt_chat', 'pythonpath_develop')
[1.476s] INFO:colcon.colcon_core.shell:Creating environment hook '/home/rishiraj/GSOC_Playmotion2_plugin_based_system/ros2_ws/build/rqt_chat/share/rqt_chat/hook/pythonpath_develop.ps1'
[1.477s] DEBUG:colcon.colcon_core.event_handler.log_command:Invoked command in '/home/rishiraj/GSOC_Playmotion2_plugin_based_system/ros2_ws/build/rqt_chat' returned '0': PYTHONPATH=/home/rishiraj/GSOC_Playmotion2_plugin_based_system/ros2_ws/build/rqt_chat/prefix_override:/usr/lib/python3/dist-packages/colcon_core/task/python/colcon_distutils_commands:/home/rishiraj/GSOC_Playmotion2_plugin_based_system/ros2_ws/install/rqt_chat/lib/python3.10/site-packages:${PYTHONPATH} /usr/bin/python3 -W ignore:setup.py install is deprecated -W ignore:easy_install command is deprecated setup.py develop --editable --build-directory /home/rishiraj/GSOC_Playmotion2_plugin_based_system/ros2_ws/build/rqt_chat/build --no-deps symlink_data
[1.477s] INFO:colcon.colcon_core.shell:Creating environment descriptor '/home/rishiraj/GSOC_Playmotion2_plugin_based_system/ros2_ws/build/rqt_chat/share/rqt_chat/hook/pythonpath_develop.dsv'
[1.477s] INFO:colcon.colcon_core.shell:Creating environment hook '/home/rishiraj/GSOC_Playmotion2_plugin_based_system/ros2_ws/build/rqt_chat/share/rqt_chat/hook/pythonpath_develop.sh'
[1.477s] Level 1:colcon.colcon_core.environment:checking '/home/rishiraj/GSOC_Playmotion2_plugin_based_system/ros2_ws/install/rqt_chat' for CMake module files
[1.478s] Level 1:colcon.colcon_core.environment:checking '/home/rishiraj/GSOC_Playmotion2_plugin_based_system/ros2_ws/install/rqt_chat' for CMake config files
[1.478s] Level 1:colcon.colcon_core.environment:checking '/home/rishiraj/GSOC_Playmotion2_plugin_based_system/ros2_ws/install/rqt_chat/lib'
[1.478s] Level 1:colcon.colcon_core.environment:checking '/home/rishiraj/GSOC_Playmotion2_plugin_based_system/ros2_ws/install/rqt_chat/bin'
[1.478s] Level 1:colcon.colcon_core.environment:checking '/home/rishiraj/GSOC_Playmotion2_plugin_based_system/ros2_ws/install/rqt_chat/lib/pkgconfig/rqt_chat.pc'
[1.478s] Level 1:colcon.colcon_core.environment:checking '/home/rishiraj/GSOC_Playmotion2_plugin_based_system/ros2_ws/install/rqt_chat/lib/python3.10/site-packages'
[1.478s] Level 1:colcon.colcon_core.shell:create_environment_hook('rqt_chat', 'pythonpath')
[1.478s] INFO:colcon.colcon_core.shell:Creating environment hook '/home/rishiraj/GSOC_Playmotion2_plugin_based_system/ros2_ws/install/rqt_chat/share/rqt_chat/hook/pythonpath.ps1'
[1.479s] INFO:colcon.colcon_core.shell:Creating environment descriptor '/home/rishiraj/GSOC_Playmotion2_plugin_based_system/ros2_ws/install/rqt_chat/share/rqt_chat/hook/pythonpath.dsv'
[1.479s] INFO:colcon.colcon_core.shell:Creating environment hook '/home/rishiraj/GSOC_Playmotion2_plugin_based_system/ros2_ws/install/rqt_chat/share/rqt_chat/hook/pythonpath.sh'
[1.479s] Level 1:colcon.colcon_core.environment:checking '/home/rishiraj/GSOC_Playmotion2_plugin_based_system/ros2_ws/install/rqt_chat/bin'
[1.479s] Level 1:colcon.colcon_core.environment:create_environment_scripts_only(rqt_chat)
[1.480s] INFO:colcon.colcon_core.shell:Creating package script '/home/rishiraj/GSOC_Playmotion2_plugin_based_system/ros2_ws/install/rqt_chat/share/rqt_chat/package.ps1'
[1.480s] INFO:colcon.colcon_core.shell:Creating package descriptor '/home/rishiraj/GSOC_Playmotion2_plugin_based_system/ros2_ws/install/rqt_chat/share/rqt_chat/package.dsv'
[1.480s] INFO:colcon.colcon_core.shell:Creating package script '/home/rishiraj/GSOC_Playmotion2_plugin_based_system/ros2_ws/install/rqt_chat/share/rqt_chat/package.sh'
[1.480s] INFO:colcon.colcon_core.shell:Creating package script '/home/rishiraj/GSOC_Playmotion2_plugin_based_system/ros2_ws/install/rqt_chat/share/rqt_chat/package.bash'
[1.481s] INFO:colcon.colcon_core.shell:Creating package script '/home/rishiraj/GSOC_Playmotion2_plugin_based_system/ros2_ws/install/rqt_chat/share/rqt_chat/package.zsh'
[1.481s] Level 1:colcon.colcon_core.environment:create_file_with_runtime_dependencies(/home/rishiraj/GSOC_Playmotion2_plugin_based_system/ros2_ws/install/rqt_chat/share/colcon-core/packages/rqt_chat)
[1.481s] DEBUG:colcon.colcon_parallel_executor.executor.parallel:closing loop
[1.482s] DEBUG:colcon.colcon_parallel_executor.executor.parallel:loop closed
[1.482s] DEBUG:colcon.colcon_parallel_executor.executor.parallel:run_until_complete finished with '0'
[1.482s] DEBUG:colcon.colcon_core.event_reactor:joining thread
[1.486s] INFO:colcon.colcon_core.plugin_system:Skipping extension 'colcon_notification.desktop_notification.terminal_notifier': Not used on non-Darwin systems
[1.486s] INFO:colcon.colcon_core.plugin_system:Skipping extension 'colcon_notification.desktop_notification.win32': Not used on non-Windows systems
[1.486s] INFO:colcon.colcon_notification.desktop_notification:Sending desktop notification using 'notify2'
[1.498s] DEBUG:colcon.colcon_core.event_reactor:joined thread
[1.498s] INFO:colcon.colcon_core.shell:Creating prefix script '/home/rishiraj/GSOC_Playmotion2_plugin_based_system/ros2_ws/install/local_setup.ps1'
[1.499s] INFO:colcon.colcon_core.shell:Creating prefix util module '/home/rishiraj/GSOC_Playmotion2_plugin_based_system/ros2_ws/install/_local_setup_util_ps1.py'
[1.500s] INFO:colcon.colcon_core.shell:Creating prefix chain script '/home/rishiraj/GSOC_Playmotion2_plugin_based_system/ros2_ws/install/setup.ps1'
[1.502s] INFO:colcon.colcon_core.shell:Creating prefix script '/home/rishiraj/GSOC_Playmotion2_plugin_based_system/ros2_ws/install/local_setup.sh'
[1.503s] INFO:colcon.colcon_core.shell:Creating prefix util module '/home/rishiraj/GSOC_Playmotion2_plugin_based_system/ros2_ws/install/_local_setup_util_sh.py'
[1.503s] INFO:colcon.colcon_core.shell:Creating prefix chain script '/home/rishiraj/GSOC_Playmotion2_plugin_based_system/ros2_ws/install/setup.sh'
[1.505s] INFO:colcon.colcon_core.shell:Creating prefix script '/home/rishiraj/GSOC_Playmotion2_plugin_based_system/ros2_ws/install/local_setup.bash'
[1.505s] INFO:colcon.colcon_core.shell:Creating prefix chain script '/home/rishiraj/GSOC_Playmotion2_plugin_based_system/ros2_ws/install/setup.bash'
[1.507s] INFO:colcon.colcon_core.shell:Creating prefix script '/home/rishiraj/GSOC_Playmotion2_plugin_based_system/ros2_ws/install/local_setup.zsh'
[1.507s] INFO:colcon.colcon_core.shell:Creating prefix chain script '/home/rishiraj/GSOC_Playmotion2_plugin_based_system/ros2_ws/install/setup.zsh'
