[0.114s] DEBUG:colcon:Command line arguments: ['/usr/bin/colcon', 'build', '--packages-select', 'tiago_arm_trajectory']
[0.114s] DEBUG:colcon:Parsed command line arguments: Namespace(log_base=None, log_level=None, verb_name='build', build_base='build', install_base='install', merge_install=False, symlink_install=False, test_result_base=None, continue_on_error=False, executor='parallel', parallel_workers=8, event_handlers=None, ignore_user_meta=False, metas=['./colcon.meta'], base_paths=['.'], packages_ignore=None, packages_ignore_regex=None, paths=None, packages_up_to=None, packages_up_to_regex=None, packages_above=None, packages_above_and_dependencies=None, packages_above_depth=None, packages_select_by_dep=None, packages_skip_by_dep=None, packages_skip_up_to=None, packages_select_build_failed=False, packages_skip_build_finished=False, packages_select_test_failures=False, packages_skip_test_passed=False, packages_select=['tiago_arm_trajectory'], packages_skip=None, packages_select_regex=None, packages_skip_regex=None, packages_start=None, packages_end=None, allow_overriding=[], cmake_args=None, cmake_target=None, cmake_target_skip_unavailable=False, cmake_clean_cache=False, cmake_clean_first=False, cmake_force_configure=False, ament_cmake_args=None, catkin_cmake_args=None, catkin_skip_building_tests=False, verb_parser=<colcon_defaults.argument_parser.defaults.DefaultArgumentsDecorator object at 0x7c25c6e62a10>, verb_extension=<colcon_core.verb.build.BuildVerb object at 0x7c25c6e624a0>, main=<bound method BuildVerb.main of <colcon_core.verb.build.BuildVerb object at 0x7c25c6e624a0>>)
[0.299s] Level 1:colcon.colcon_core.package_discovery:discover_packages(colcon_meta) check parameters
[0.299s] Level 1:colcon.colcon_core.package_discovery:discover_packages(recursive) check parameters
[0.299s] Level 1:colcon.colcon_core.package_discovery:discover_packages(ignore) check parameters
[0.299s] Level 1:colcon.colcon_core.package_discovery:discover_packages(path) check parameters
[0.299s] Level 1:colcon.colcon_core.package_discovery:discover_packages(colcon_meta) discover
[0.299s] Level 1:colcon.colcon_core.package_discovery:discover_packages(recursive) discover
[0.300s] INFO:colcon.colcon_core.package_discovery:Crawling recursively for packages in '/home/rishiraj/ros2_ws'
[0.300s] Level 1:colcon.colcon_core.package_identification:_identify(.) by extensions ['ignore', 'ignore_ament_install']
[0.300s] Level 1:colcon.colcon_core.package_identification:_identify(.) by extension 'ignore'
[0.300s] Level 1:colcon.colcon_core.package_identification:_identify(.) by extension 'ignore_ament_install'
[0.300s] Level 1:colcon.colcon_core.package_identification:_identify(.) by extensions ['colcon_pkg']
[0.300s] Level 1:colcon.colcon_core.package_identification:_identify(.) by extension 'colcon_pkg'
[0.300s] Level 1:colcon.colcon_core.package_identification:_identify(.) by extensions ['colcon_meta']
[0.300s] Level 1:colcon.colcon_core.package_identification:_identify(.) by extension 'colcon_meta'
[0.300s] Level 1:colcon.colcon_core.package_identification:_identify(.) by extensions ['ros']
[0.300s] Level 1:colcon.colcon_core.package_identification:_identify(.) by extension 'ros'
[0.312s] Level 1:colcon.colcon_core.package_identification:_identify(.) by extensions ['cmake', 'python']
[0.312s] Level 1:colcon.colcon_core.package_identification:_identify(.) by extension 'cmake'
[0.312s] Level 1:colcon.colcon_core.package_identification:_identify(.) by extension 'python'
[0.312s] Level 1:colcon.colcon_core.package_identification:_identify(.) by extensions ['python_setup_py']
[0.312s] Level 1:colcon.colcon_core.package_identification:_identify(.) by extension 'python_setup_py'
[0.312s] Level 1:colcon.colcon_core.package_identification:_identify(build) by extensions ['ignore', 'ignore_ament_install']
[0.312s] Level 1:colcon.colcon_core.package_identification:_identify(build) by extension 'ignore'
[0.312s] Level 1:colcon.colcon_core.package_identification:_identify(build) ignored
[0.312s] Level 1:colcon.colcon_core.package_identification:_identify(install) by extensions ['ignore', 'ignore_ament_install']
[0.312s] Level 1:colcon.colcon_core.package_identification:_identify(install) by extension 'ignore'
[0.312s] Level 1:colcon.colcon_core.package_identification:_identify(install) ignored
[0.312s] Level 1:colcon.colcon_core.package_identification:_identify(log) by extensions ['ignore', 'ignore_ament_install']
[0.312s] Level 1:colcon.colcon_core.package_identification:_identify(log) by extension 'ignore'
[0.312s] Level 1:colcon.colcon_core.package_identification:_identify(log) ignored
[0.312s] Level 1:colcon.colcon_core.package_identification:_identify(src) by extensions ['ignore', 'ignore_ament_install']
[0.313s] Level 1:colcon.colcon_core.package_identification:_identify(src) by extension 'ignore'
[0.313s] Level 1:colcon.colcon_core.package_identification:_identify(src) by extension 'ignore_ament_install'
[0.313s] Level 1:colcon.colcon_core.package_identification:_identify(src) by extensions ['colcon_pkg']
[0.313s] Level 1:colcon.colcon_core.package_identification:_identify(src) by extension 'colcon_pkg'
[0.313s] Level 1:colcon.colcon_core.package_identification:_identify(src) by extensions ['colcon_meta']
[0.313s] Level 1:colcon.colcon_core.package_identification:_identify(src) by extension 'colcon_meta'
[0.313s] Level 1:colcon.colcon_core.package_identification:_identify(src) by extensions ['ros']
[0.313s] Level 1:colcon.colcon_core.package_identification:_identify(src) by extension 'ros'
[0.313s] Level 1:colcon.colcon_core.package_identification:_identify(src) by extensions ['cmake', 'python']
[0.313s] Level 1:colcon.colcon_core.package_identification:_identify(src) by extension 'cmake'
[0.313s] Level 1:colcon.colcon_core.package_identification:_identify(src) by extension 'python'
[0.313s] Level 1:colcon.colcon_core.package_identification:_identify(src) by extensions ['python_setup_py']
[0.313s] Level 1:colcon.colcon_core.package_identification:_identify(src) by extension 'python_setup_py'
[0.313s] Level 1:colcon.colcon_core.package_identification:_identify(src/my_robot_contoller) by extensions ['ignore', 'ignore_ament_install']
[0.313s] Level 1:colcon.colcon_core.package_identification:_identify(src/my_robot_contoller) by extension 'ignore'
[0.313s] Level 1:colcon.colcon_core.package_identification:_identify(src/my_robot_contoller) by extension 'ignore_ament_install'
[0.313s] Level 1:colcon.colcon_core.package_identification:_identify(src/my_robot_contoller) by extensions ['colcon_pkg']
[0.313s] Level 1:colcon.colcon_core.package_identification:_identify(src/my_robot_contoller) by extension 'colcon_pkg'
[0.313s] Level 1:colcon.colcon_core.package_identification:_identify(src/my_robot_contoller) by extensions ['colcon_meta']
[0.313s] Level 1:colcon.colcon_core.package_identification:_identify(src/my_robot_contoller) by extension 'colcon_meta'
[0.313s] Level 1:colcon.colcon_core.package_identification:_identify(src/my_robot_contoller) by extensions ['ros']
[0.313s] Level 1:colcon.colcon_core.package_identification:_identify(src/my_robot_contoller) by extension 'ros'
[0.316s] DEBUG:colcon.colcon_core.package_identification:Package 'src/my_robot_contoller' with type 'ros.ament_python' and name 'my_robot_contoller'
[0.316s] Level 1:colcon.colcon_core.package_identification:_identify(src/ros4hri) by extensions ['ignore', 'ignore_ament_install']
[0.316s] Level 1:colcon.colcon_core.package_identification:_identify(src/ros4hri) by extension 'ignore'
[0.316s] Level 1:colcon.colcon_core.package_identification:_identify(src/ros4hri) by extension 'ignore_ament_install'
[0.316s] Level 1:colcon.colcon_core.package_identification:_identify(src/ros4hri) by extensions ['colcon_pkg']
[0.316s] Level 1:colcon.colcon_core.package_identification:_identify(src/ros4hri) by extension 'colcon_pkg'
[0.316s] Level 1:colcon.colcon_core.package_identification:_identify(src/ros4hri) by extensions ['colcon_meta']
[0.316s] Level 1:colcon.colcon_core.package_identification:_identify(src/ros4hri) by extension 'colcon_meta'
[0.317s] Level 1:colcon.colcon_core.package_identification:_identify(src/ros4hri) by extensions ['ros']
[0.317s] Level 1:colcon.colcon_core.package_identification:_identify(src/ros4hri) by extension 'ros'
[0.317s] Level 1:colcon.colcon_core.package_identification:_identify(src/ros4hri) by extensions ['cmake', 'python']
[0.317s] Level 1:colcon.colcon_core.package_identification:_identify(src/ros4hri) by extension 'cmake'
[0.317s] Level 1:colcon.colcon_core.package_identification:_identify(src/ros4hri) by extension 'python'
[0.317s] Level 1:colcon.colcon_core.package_identification:_identify(src/ros4hri) by extensions ['python_setup_py']
[0.317s] Level 1:colcon.colcon_core.package_identification:_identify(src/ros4hri) by extension 'python_setup_py'
[0.317s] Level 1:colcon.colcon_core.package_identification:_identify(src/ros4hri/doc) by extensions ['ignore', 'ignore_ament_install']
[0.317s] Level 1:colcon.colcon_core.package_identification:_identify(src/ros4hri/doc) by extension 'ignore'
[0.317s] Level 1:colcon.colcon_core.package_identification:_identify(src/ros4hri/doc) by extension 'ignore_ament_install'
[0.317s] Level 1:colcon.colcon_core.package_identification:_identify(src/ros4hri/doc) by extensions ['colcon_pkg']
[0.317s] Level 1:colcon.colcon_core.package_identification:_identify(src/ros4hri/doc) by extension 'colcon_pkg'
[0.317s] Level 1:colcon.colcon_core.package_identification:_identify(src/ros4hri/doc) by extensions ['colcon_meta']
[0.317s] Level 1:colcon.colcon_core.package_identification:_identify(src/ros4hri/doc) by extension 'colcon_meta'
[0.317s] Level 1:colcon.colcon_core.package_identification:_identify(src/ros4hri/doc) by extensions ['ros']
[0.317s] Level 1:colcon.colcon_core.package_identification:_identify(src/ros4hri/doc) by extension 'ros'
[0.317s] Level 1:colcon.colcon_core.package_identification:_identify(src/ros4hri/doc) by extensions ['cmake', 'python']
[0.317s] Level 1:colcon.colcon_core.package_identification:_identify(src/ros4hri/doc) by extension 'cmake'
[0.317s] Level 1:colcon.colcon_core.package_identification:_identify(src/ros4hri/doc) by extension 'python'
[0.317s] Level 1:colcon.colcon_core.package_identification:_identify(src/ros4hri/doc) by extensions ['python_setup_py']
[0.317s] Level 1:colcon.colcon_core.package_identification:_identify(src/ros4hri/doc) by extension 'python_setup_py'
[0.317s] Level 1:colcon.colcon_core.package_identification:_identify(src/rqt_chat) by extensions ['ignore', 'ignore_ament_install']
[0.318s] Level 1:colcon.colcon_core.package_identification:_identify(src/rqt_chat) by extension 'ignore'
[0.318s] Level 1:colcon.colcon_core.package_identification:_identify(src/rqt_chat) by extension 'ignore_ament_install'
[0.318s] Level 1:colcon.colcon_core.package_identification:_identify(src/rqt_chat) by extensions ['colcon_pkg']
[0.318s] Level 1:colcon.colcon_core.package_identification:_identify(src/rqt_chat) by extension 'colcon_pkg'
[0.318s] Level 1:colcon.colcon_core.package_identification:_identify(src/rqt_chat) by extensions ['colcon_meta']
[0.318s] Level 1:colcon.colcon_core.package_identification:_identify(src/rqt_chat) by extension 'colcon_meta'
[0.318s] Level 1:colcon.colcon_core.package_identification:_identify(src/rqt_chat) by extensions ['ros']
[0.318s] Level 1:colcon.colcon_core.package_identification:_identify(src/rqt_chat) by extension 'ros'
[0.318s] DEBUG:colcon.colcon_core.package_identification:Package 'src/rqt_chat' with type 'ros.ament_python' and name 'rqt_chat'
[0.319s] Level 1:colcon.colcon_core.package_identification:_identify(src/tiago_arm_trajectory) by extensions ['ignore', 'ignore_ament_install']
[0.319s] Level 1:colcon.colcon_core.package_identification:_identify(src/tiago_arm_trajectory) by extension 'ignore'
[0.319s] Level 1:colcon.colcon_core.package_identification:_identify(src/tiago_arm_trajectory) by extension 'ignore_ament_install'
[0.319s] Level 1:colcon.colcon_core.package_identification:_identify(src/tiago_arm_trajectory) by extensions ['colcon_pkg']
[0.319s] Level 1:colcon.colcon_core.package_identification:_identify(src/tiago_arm_trajectory) by extension 'colcon_pkg'
[0.319s] Level 1:colcon.colcon_core.package_identification:_identify(src/tiago_arm_trajectory) by extensions ['colcon_meta']
[0.319s] Level 1:colcon.colcon_core.package_identification:_identify(src/tiago_arm_trajectory) by extension 'colcon_meta'
[0.319s] Level 1:colcon.colcon_core.package_identification:_identify(src/tiago_arm_trajectory) by extensions ['ros']
[0.319s] Level 1:colcon.colcon_core.package_identification:_identify(src/tiago_arm_trajectory) by extension 'ros'
[0.320s] DEBUG:colcon.colcon_core.package_identification:Package 'src/tiago_arm_trajectory' with type 'ros.ament_cmake' and name 'tiago_arm_trajectory'
[0.320s] Level 1:colcon.colcon_core.package_discovery:discover_packages(recursive) using defaults
[0.320s] Level 1:colcon.colcon_core.package_discovery:discover_packages(ignore) discover
[0.320s] Level 1:colcon.colcon_core.package_discovery:discover_packages(ignore) using defaults
[0.320s] Level 1:colcon.colcon_core.package_discovery:discover_packages(path) discover
[0.320s] Level 1:colcon.colcon_core.package_discovery:discover_packages(path) using defaults
[0.356s] INFO:colcon.colcon_core.package_selection:Skipping not selected package 'my_robot_contoller' in 'src/my_robot_contoller'
[0.356s] INFO:colcon.colcon_core.package_selection:Skipping not selected package 'rqt_chat' in 'src/rqt_chat'
[0.356s] Level 1:colcon.colcon_core.package_discovery:discover_packages(prefix_path) check parameters
[0.356s] Level 1:colcon.colcon_core.package_discovery:discover_packages(prefix_path) discover
[0.361s] DEBUG:colcon.colcon_installed_package_information.package_discovery:Found 38 installed packages in /home/rishiraj/tiago_public_ws/install
[0.362s] DEBUG:colcon.colcon_installed_package_information.package_discovery:Found 2 installed packages in /home/rishiraj/ros2_ws/install
[0.364s] DEBUG:colcon.colcon_installed_package_information.package_discovery:Found 428 installed packages in /opt/ros/humble
[0.367s] Level 1:colcon.colcon_core.package_discovery:discover_packages(prefix_path) using defaults
[0.422s] Level 5:colcon.colcon_core.verb:set package 'tiago_arm_trajectory' build argument 'cmake_args' from command line to 'None'
[0.422s] Level 5:colcon.colcon_core.verb:set package 'tiago_arm_trajectory' build argument 'cmake_target' from command line to 'None'
[0.422s] Level 5:colcon.colcon_core.verb:set package 'tiago_arm_trajectory' build argument 'cmake_target_skip_unavailable' from command line to 'False'
[0.422s] Level 5:colcon.colcon_core.verb:set package 'tiago_arm_trajectory' build argument 'cmake_clean_cache' from command line to 'False'
[0.422s] Level 5:colcon.colcon_core.verb:set package 'tiago_arm_trajectory' build argument 'cmake_clean_first' from command line to 'False'
[0.422s] Level 5:colcon.colcon_core.verb:set package 'tiago_arm_trajectory' build argument 'cmake_force_configure' from command line to 'False'
[0.422s] Level 5:colcon.colcon_core.verb:set package 'tiago_arm_trajectory' build argument 'ament_cmake_args' from command line to 'None'
[0.422s] Level 5:colcon.colcon_core.verb:set package 'tiago_arm_trajectory' build argument 'catkin_cmake_args' from command line to 'None'
[0.422s] Level 5:colcon.colcon_core.verb:set package 'tiago_arm_trajectory' build argument 'catkin_skip_building_tests' from command line to 'False'
[0.422s] DEBUG:colcon.colcon_core.verb:Building package 'tiago_arm_trajectory' with the following arguments: {'ament_cmake_args': None, 'build_base': '/home/rishiraj/ros2_ws/build/tiago_arm_trajectory', 'catkin_cmake_args': None, 'catkin_skip_building_tests': False, 'cmake_args': None, 'cmake_clean_cache': False, 'cmake_clean_first': False, 'cmake_force_configure': False, 'cmake_target': None, 'cmake_target_skip_unavailable': False, 'install_base': '/home/rishiraj/ros2_ws/install/tiago_arm_trajectory', 'merge_install': False, 'path': '/home/rishiraj/ros2_ws/src/tiago_arm_trajectory', 'symlink_install': False, 'test_result_base': None}
[0.422s] INFO:colcon.colcon_core.executor:Executing jobs using 'parallel' executor
[0.423s] DEBUG:colcon.colcon_parallel_executor.executor.parallel:run_until_complete
[0.423s] INFO:colcon.colcon_ros.task.ament_cmake.build:Building ROS package in '/home/rishiraj/ros2_ws/src/tiago_arm_trajectory' with build type 'ament_cmake'
[0.423s] INFO:colcon.colcon_cmake.task.cmake.build:Building CMake package in '/home/rishiraj/ros2_ws/src/tiago_arm_trajectory'
[0.426s] INFO:colcon.colcon_core.plugin_system:Skipping extension 'colcon_core.shell.bat': Not used on non-Windows systems
[0.426s] INFO:colcon.colcon_core.shell:Skip shell extension 'powershell' for command environment: Not usable outside of PowerShell
[0.426s] DEBUG:colcon.colcon_core.shell:Skip shell extension 'dsv' for command environment
[0.440s] DEBUG:colcon.colcon_core.event_handler.log_command:Invoking command in '/home/rishiraj/ros2_ws/build/tiago_arm_trajectory': CMAKE_PREFIX_PATH=${CMAKE_PREFIX_PATH}:/home/rishiraj/ros2_ws/install/rqt_chat:/home/rishiraj/ros2_ws/install/my_robot_contoller:/home/rishiraj/tiago_public_ws/install/launch_pal:/opt/ros/humble /usr/bin/cmake /home/rishiraj/ros2_ws/src/tiago_arm_trajectory -DCMAKE_INSTALL_PREFIX=/home/rishiraj/ros2_ws/install/tiago_arm_trajectory
[2.376s] DEBUG:colcon.colcon_core.event_handler.log_command:Invoked command in '/home/rishiraj/ros2_ws/build/tiago_arm_trajectory' returned '0': CMAKE_PREFIX_PATH=${CMAKE_PREFIX_PATH}:/home/rishiraj/ros2_ws/install/rqt_chat:/home/rishiraj/ros2_ws/install/my_robot_contoller:/home/rishiraj/tiago_public_ws/install/launch_pal:/opt/ros/humble /usr/bin/cmake /home/rishiraj/ros2_ws/src/tiago_arm_trajectory -DCMAKE_INSTALL_PREFIX=/home/rishiraj/ros2_ws/install/tiago_arm_trajectory
[2.379s] DEBUG:colcon.colcon_core.event_handler.log_command:Invoking command in '/home/rishiraj/ros2_ws/build/tiago_arm_trajectory': CMAKE_PREFIX_PATH=${CMAKE_PREFIX_PATH}:/home/rishiraj/ros2_ws/install/rqt_chat:/home/rishiraj/ros2_ws/install/my_robot_contoller:/home/rishiraj/tiago_public_ws/install/launch_pal:/opt/ros/humble /usr/bin/cmake --build /home/rishiraj/ros2_ws/build/tiago_arm_trajectory -- -j8 -l8
[8.034s] DEBUG:colcon.colcon_core.event_handler.log_command:Invoked command in '/home/rishiraj/ros2_ws/build/tiago_arm_trajectory' returned '0': CMAKE_PREFIX_PATH=${CMAKE_PREFIX_PATH}:/home/rishiraj/ros2_ws/install/rqt_chat:/home/rishiraj/ros2_ws/install/my_robot_contoller:/home/rishiraj/tiago_public_ws/install/launch_pal:/opt/ros/humble /usr/bin/cmake --build /home/rishiraj/ros2_ws/build/tiago_arm_trajectory -- -j8 -l8
[8.045s] DEBUG:colcon.colcon_core.event_handler.log_command:Invoking command in '/home/rishiraj/ros2_ws/build/tiago_arm_trajectory': CMAKE_PREFIX_PATH=${CMAKE_PREFIX_PATH}:/home/rishiraj/ros2_ws/install/rqt_chat:/home/rishiraj/ros2_ws/install/my_robot_contoller:/home/rishiraj/tiago_public_ws/install/launch_pal:/opt/ros/humble /usr/bin/cmake --install /home/rishiraj/ros2_ws/build/tiago_arm_trajectory
[8.060s] Level 1:colcon.colcon_core.environment:create_environment_scripts_only(tiago_arm_trajectory)
[8.062s] DEBUG:colcon.colcon_core.event_handler.log_command:Invoked command in '/home/rishiraj/ros2_ws/build/tiago_arm_trajectory' returned '0': CMAKE_PREFIX_PATH=${CMAKE_PREFIX_PATH}:/home/rishiraj/ros2_ws/install/rqt_chat:/home/rishiraj/ros2_ws/install/my_robot_contoller:/home/rishiraj/tiago_public_ws/install/launch_pal:/opt/ros/humble /usr/bin/cmake --install /home/rishiraj/ros2_ws/build/tiago_arm_trajectory
[8.064s] Level 1:colcon.colcon_core.environment:checking '/home/rishiraj/ros2_ws/install/tiago_arm_trajectory' for CMake module files
[8.064s] Level 1:colcon.colcon_core.environment:checking '/home/rishiraj/ros2_ws/install/tiago_arm_trajectory' for CMake config files
[8.065s] Level 1:colcon.colcon_core.shell:create_environment_hook('tiago_arm_trajectory', 'cmake_prefix_path')
[8.065s] INFO:colcon.colcon_core.shell:Creating environment hook '/home/rishiraj/ros2_ws/install/tiago_arm_trajectory/share/tiago_arm_trajectory/hook/cmake_prefix_path.ps1'
[8.066s] INFO:colcon.colcon_core.shell:Creating environment descriptor '/home/rishiraj/ros2_ws/install/tiago_arm_trajectory/share/tiago_arm_trajectory/hook/cmake_prefix_path.dsv'
[8.066s] INFO:colcon.colcon_core.shell:Creating environment hook '/home/rishiraj/ros2_ws/install/tiago_arm_trajectory/share/tiago_arm_trajectory/hook/cmake_prefix_path.sh'
[8.067s] Level 1:colcon.colcon_core.environment:checking '/home/rishiraj/ros2_ws/install/tiago_arm_trajectory/lib'
[8.068s] Level 1:colcon.colcon_core.environment:checking '/home/rishiraj/ros2_ws/install/tiago_arm_trajectory/bin'
[8.068s] Level 1:colcon.colcon_core.environment:checking '/home/rishiraj/ros2_ws/install/tiago_arm_trajectory/lib/pkgconfig/tiago_arm_trajectory.pc'
[8.068s] Level 1:colcon.colcon_core.environment:checking '/home/rishiraj/ros2_ws/install/tiago_arm_trajectory/lib/python3.10/site-packages'
[8.068s] Level 1:colcon.colcon_core.environment:checking '/home/rishiraj/ros2_ws/install/tiago_arm_trajectory/bin'
[8.069s] INFO:colcon.colcon_core.shell:Creating package script '/home/rishiraj/ros2_ws/install/tiago_arm_trajectory/share/tiago_arm_trajectory/package.ps1'
[8.070s] INFO:colcon.colcon_core.shell:Creating package descriptor '/home/rishiraj/ros2_ws/install/tiago_arm_trajectory/share/tiago_arm_trajectory/package.dsv'
[8.070s] INFO:colcon.colcon_core.shell:Creating package script '/home/rishiraj/ros2_ws/install/tiago_arm_trajectory/share/tiago_arm_trajectory/package.sh'
[8.071s] INFO:colcon.colcon_core.shell:Creating package script '/home/rishiraj/ros2_ws/install/tiago_arm_trajectory/share/tiago_arm_trajectory/package.bash'
[8.072s] INFO:colcon.colcon_core.shell:Creating package script '/home/rishiraj/ros2_ws/install/tiago_arm_trajectory/share/tiago_arm_trajectory/package.zsh'
[8.073s] Level 1:colcon.colcon_core.environment:create_file_with_runtime_dependencies(/home/rishiraj/ros2_ws/install/tiago_arm_trajectory/share/colcon-core/packages/tiago_arm_trajectory)
[8.074s] Level 1:colcon.colcon_core.environment:create_environment_scripts_only(tiago_arm_trajectory)
[8.074s] Level 1:colcon.colcon_core.environment:checking '/home/rishiraj/ros2_ws/install/tiago_arm_trajectory' for CMake module files
[8.075s] Level 1:colcon.colcon_core.environment:checking '/home/rishiraj/ros2_ws/install/tiago_arm_trajectory' for CMake config files
[8.075s] Level 1:colcon.colcon_core.shell:create_environment_hook('tiago_arm_trajectory', 'cmake_prefix_path')
[8.076s] INFO:colcon.colcon_core.shell:Creating environment hook '/home/rishiraj/ros2_ws/install/tiago_arm_trajectory/share/tiago_arm_trajectory/hook/cmake_prefix_path.ps1'
[8.076s] INFO:colcon.colcon_core.shell:Creating environment descriptor '/home/rishiraj/ros2_ws/install/tiago_arm_trajectory/share/tiago_arm_trajectory/hook/cmake_prefix_path.dsv'
[8.077s] INFO:colcon.colcon_core.shell:Creating environment hook '/home/rishiraj/ros2_ws/install/tiago_arm_trajectory/share/tiago_arm_trajectory/hook/cmake_prefix_path.sh'
[8.077s] Level 1:colcon.colcon_core.environment:checking '/home/rishiraj/ros2_ws/install/tiago_arm_trajectory/lib'
[8.077s] Level 1:colcon.colcon_core.environment:checking '/home/rishiraj/ros2_ws/install/tiago_arm_trajectory/bin'
[8.077s] Level 1:colcon.colcon_core.environment:checking '/home/rishiraj/ros2_ws/install/tiago_arm_trajectory/lib/pkgconfig/tiago_arm_trajectory.pc'
[8.078s] Level 1:colcon.colcon_core.environment:checking '/home/rishiraj/ros2_ws/install/tiago_arm_trajectory/lib/python3.10/site-packages'
[8.078s] Level 1:colcon.colcon_core.environment:checking '/home/rishiraj/ros2_ws/install/tiago_arm_trajectory/bin'
[8.078s] INFO:colcon.colcon_core.shell:Creating package script '/home/rishiraj/ros2_ws/install/tiago_arm_trajectory/share/tiago_arm_trajectory/package.ps1'
[8.079s] INFO:colcon.colcon_core.shell:Creating package descriptor '/home/rishiraj/ros2_ws/install/tiago_arm_trajectory/share/tiago_arm_trajectory/package.dsv'
[8.079s] INFO:colcon.colcon_core.shell:Creating package script '/home/rishiraj/ros2_ws/install/tiago_arm_trajectory/share/tiago_arm_trajectory/package.sh'
[8.080s] INFO:colcon.colcon_core.shell:Creating package script '/home/rishiraj/ros2_ws/install/tiago_arm_trajectory/share/tiago_arm_trajectory/package.bash'
[8.080s] INFO:colcon.colcon_core.shell:Creating package script '/home/rishiraj/ros2_ws/install/tiago_arm_trajectory/share/tiago_arm_trajectory/package.zsh'
[8.080s] Level 1:colcon.colcon_core.environment:create_file_with_runtime_dependencies(/home/rishiraj/ros2_ws/install/tiago_arm_trajectory/share/colcon-core/packages/tiago_arm_trajectory)
[8.081s] DEBUG:colcon.colcon_parallel_executor.executor.parallel:closing loop
[8.081s] DEBUG:colcon.colcon_parallel_executor.executor.parallel:loop closed
[8.081s] DEBUG:colcon.colcon_parallel_executor.executor.parallel:run_until_complete finished with '0'
[8.081s] DEBUG:colcon.colcon_core.event_reactor:joining thread
[8.087s] INFO:colcon.colcon_core.plugin_system:Skipping extension 'colcon_notification.desktop_notification.terminal_notifier': Not used on non-Darwin systems
[8.087s] INFO:colcon.colcon_core.plugin_system:Skipping extension 'colcon_notification.desktop_notification.win32': Not used on non-Windows systems
[8.087s] INFO:colcon.colcon_notification.desktop_notification:Sending desktop notification using 'notify2'
[8.102s] DEBUG:colcon.colcon_core.event_reactor:joined thread
[8.103s] INFO:colcon.colcon_core.shell:Creating prefix script '/home/rishiraj/ros2_ws/install/local_setup.ps1'
[8.105s] INFO:colcon.colcon_core.shell:Creating prefix util module '/home/rishiraj/ros2_ws/install/_local_setup_util_ps1.py'
[8.107s] INFO:colcon.colcon_core.shell:Creating prefix chain script '/home/rishiraj/ros2_ws/install/setup.ps1'
[8.113s] INFO:colcon.colcon_core.shell:Creating prefix script '/home/rishiraj/ros2_ws/install/local_setup.sh'
[8.114s] INFO:colcon.colcon_core.shell:Creating prefix util module '/home/rishiraj/ros2_ws/install/_local_setup_util_sh.py'
[8.115s] INFO:colcon.colcon_core.shell:Creating prefix chain script '/home/rishiraj/ros2_ws/install/setup.sh'
[8.118s] INFO:colcon.colcon_core.shell:Creating prefix script '/home/rishiraj/ros2_ws/install/local_setup.bash'
[8.118s] INFO:colcon.colcon_core.shell:Creating prefix chain script '/home/rishiraj/ros2_ws/install/setup.bash'
[8.121s] INFO:colcon.colcon_core.shell:Creating prefix script '/home/rishiraj/ros2_ws/install/local_setup.zsh'
[8.121s] INFO:colcon.colcon_core.shell:Creating prefix chain script '/home/rishiraj/ros2_ws/install/setup.zsh'
