[0.527s] Invoking command in '/home/rishiraj/ros2_ws/src/rqt_chat': PYTHONPATH=/home/rishiraj/ros2_ws/build/rqt_chat/prefix_override:/usr/lib/python3/dist-packages/colcon_core/task/python/colcon_distutils_commands:/home/rishiraj/ros2_ws/install/rqt_chat/lib/python3.10/site-packages:${PYTHONPATH} /usr/bin/python3 -W ignore:setup.py install is deprecated -W ignore:easy_install command is deprecated setup.py egg_info --egg-base ../../build/rqt_chat build --build-base /home/rishiraj/ros2_ws/build/rqt_chat/build install --record /home/rishiraj/ros2_ws/build/rqt_chat/install.log --single-version-externally-managed install_data
[0.692s] running egg_info
[0.692s] writing ../../build/rqt_chat/rqt_chat.egg-info/PKG-INFO
[0.692s] writing dependency_links to ../../build/rqt_chat/rqt_chat.egg-info/dependency_links.txt
[0.693s] writing entry points to ../../build/rqt_chat/rqt_chat.egg-info/entry_points.txt
[0.693s] writing requirements to ../../build/rqt_chat/rqt_chat.egg-info/requires.txt
[0.693s] writing top-level names to ../../build/rqt_chat/rqt_chat.egg-info/top_level.txt
[0.694s] reading manifest file '../../build/rqt_chat/rqt_chat.egg-info/SOURCES.txt'
[0.694s] adding license file 'LICENSE'
[0.695s] writing manifest file '../../build/rqt_chat/rqt_chat.egg-info/SOURCES.txt'
[0.695s] running build
[0.695s] running build_py
[0.695s] copying rqt_chat/chat_widgets.py -> /home/rishiraj/ros2_ws/build/rqt_chat/build/lib/rqt_chat
[0.695s] copying rqt_chat/chat_widget.py -> /home/rishiraj/ros2_ws/build/rqt_chat/build/lib/rqt_chat
[0.695s] copying rqt_chat/__init__.py -> /home/rishiraj/ros2_ws/build/rqt_chat/build/lib/rqt_chat
[0.695s] copying rqt_chat/chat.py -> /home/rishiraj/ros2_ws/build/rqt_chat/build/lib/rqt_chat
[0.695s] running install
[0.696s] running install_lib
[0.696s] copying /home/rishiraj/ros2_ws/build/rqt_chat/build/lib/rqt_chat/chat_widgets.py -> /home/rishiraj/ros2_ws/install/rqt_chat/lib/python3.10/site-packages/rqt_chat
[0.696s] copying /home/rishiraj/ros2_ws/build/rqt_chat/build/lib/rqt_chat/chat_widget.py -> /home/rishiraj/ros2_ws/install/rqt_chat/lib/python3.10/site-packages/rqt_chat
[0.696s] copying /home/rishiraj/ros2_ws/build/rqt_chat/build/lib/rqt_chat/__init__.py -> /home/rishiraj/ros2_ws/install/rqt_chat/lib/python3.10/site-packages/rqt_chat
[0.696s] copying /home/rishiraj/ros2_ws/build/rqt_chat/build/lib/rqt_chat/chat.py -> /home/rishiraj/ros2_ws/install/rqt_chat/lib/python3.10/site-packages/rqt_chat
[0.697s] byte-compiling /home/rishiraj/ros2_ws/install/rqt_chat/lib/python3.10/site-packages/rqt_chat/chat_widgets.py to chat_widgets.cpython-310.pyc
[0.698s] byte-compiling /home/rishiraj/ros2_ws/install/rqt_chat/lib/python3.10/site-packages/rqt_chat/chat_widget.py to chat_widget.cpython-310.pyc
[0.699s] byte-compiling /home/rishiraj/ros2_ws/install/rqt_chat/lib/python3.10/site-packages/rqt_chat/__init__.py to __init__.cpython-310.pyc
[0.699s] byte-compiling /home/rishiraj/ros2_ws/install/rqt_chat/lib/python3.10/site-packages/rqt_chat/chat.py to chat.cpython-310.pyc
[0.699s] running install_data
[0.699s] copying resource/rqt_chat -> /home/rishiraj/ros2_ws/install/rqt_chat/share/ament_index/resource_index/packages
[0.699s] copying package.xml -> /home/rishiraj/ros2_ws/install/rqt_chat/share/rqt_chat
[0.700s] copying plugin.xml -> /home/rishiraj/ros2_ws/install/rqt_chat/share/rqt_chat
[0.700s] copying resource/chat.ui -> /home/rishiraj/ros2_ws/install/rqt_chat/share/rqt_chat/resource
[0.700s] copying resource/send-circle.svg -> /home/rishiraj/ros2_ws/install/rqt_chat/share/rqt_chat/resource
[0.700s] copying resource/robot.svg -> /home/rishiraj/ros2_ws/install/rqt_chat/share/rqt_chat/resource
[0.700s] copying resource/face.svg -> /home/rishiraj/ros2_ws/install/rqt_chat/share/rqt_chat/resource
[0.700s] copying resource/intent.svg -> /home/rishiraj/ros2_ws/install/rqt_chat/share/rqt_chat/resource
[0.700s] copying resource/spinner.gif -> /home/rishiraj/ros2_ws/install/rqt_chat/share/rqt_chat/resource
[0.700s] copying resource/waiting-icon.svg -> /home/rishiraj/ros2_ws/install/rqt_chat/share/rqt_chat/resource
[0.700s] running install_egg_info
[0.702s] removing '/home/rishiraj/ros2_ws/install/rqt_chat/lib/python3.10/site-packages/rqt_chat-1.4.0-py3.10.egg-info' (and everything under it)
[0.702s] Copying ../../build/rqt_chat/rqt_chat.egg-info to /home/rishiraj/ros2_ws/install/rqt_chat/lib/python3.10/site-packages/rqt_chat-1.4.0-py3.10.egg-info
[0.702s] running install_scripts
[0.717s] writing list of installed files to '/home/rishiraj/ros2_ws/build/rqt_chat/install.log'
[0.735s] Invoked command in '/home/rishiraj/ros2_ws/src/rqt_chat' returned '0': PYTHONPATH=/home/rishiraj/ros2_ws/build/rqt_chat/prefix_override:/usr/lib/python3/dist-packages/colcon_core/task/python/colcon_distutils_commands:/home/rishiraj/ros2_ws/install/rqt_chat/lib/python3.10/site-packages:${PYTHONPATH} /usr/bin/python3 -W ignore:setup.py install is deprecated -W ignore:easy_install command is deprecated setup.py egg_info --egg-base ../../build/rqt_chat build --build-base /home/rishiraj/ros2_ws/build/rqt_chat/build install --record /home/rishiraj/ros2_ws/build/rqt_chat/install.log --single-version-externally-managed install_data
