[0.870s] Invoking command in '/home/rishiraj/GSOC_Playmotion2_plugin_based_system/ros2_ws/build/rqt_chat': PYTHONPATH=/home/rishiraj/GSOC_Playmotion2_plugin_based_system/ros2_ws/build/rqt_chat/prefix_override:/usr/lib/python3/dist-packages/colcon_core/task/python/colcon_distutils_commands:/home/rishiraj/GSOC_Playmotion2_plugin_based_system/ros2_ws/install/rqt_chat/lib/python3.10/site-packages:${PYTHONPATH} /usr/bin/python3 -W ignore:setup.py install is deprecated -W ignore:easy_install command is deprecated setup.py develop --uninstall --editable --build-directory /home/rishiraj/GSOC_Playmotion2_plugin_based_system/ros2_ws/build/rqt_chat/build
[1.180s] running develop
[1.352s] Removing /home/rishiraj/GSOC_Playmotion2_plugin_based_system/ros2_ws/install/rqt_chat/lib/python3.10/site-packages/rqt-chat.egg-link (link to .)
[1.388s] Invoked command in '/home/rishiraj/GSOC_Playmotion2_plugin_based_system/ros2_ws/build/rqt_chat' returned '0': PYTHONPATH=/home/rishiraj/GSOC_Playmotion2_plugin_based_system/ros2_ws/build/rqt_chat/prefix_override:/usr/lib/python3/dist-packages/colcon_core/task/python/colcon_distutils_commands:/home/rishiraj/GSOC_Playmotion2_plugin_based_system/ros2_ws/install/rqt_chat/lib/python3.10/site-packages:${PYTHONPATH} /usr/bin/python3 -W ignore:setup.py install is deprecated -W ignore:easy_install command is deprecated setup.py develop --uninstall --editable --build-directory /home/rishiraj/GSOC_Playmotion2_plugin_based_system/ros2_ws/build/rqt_chat/build
[1.391s] Invoking command in '/home/rishiraj/GSOC_Playmotion2_plugin_based_system/ros2_ws/src/rqt_chat': PYTHONPATH=/home/rishiraj/GSOC_Playmotion2_plugin_based_system/ros2_ws/build/rqt_chat/prefix_override:/usr/lib/python3/dist-packages/colcon_core/task/python/colcon_distutils_commands:/home/rishiraj/GSOC_Playmotion2_plugin_based_system/ros2_ws/install/rqt_chat/lib/python3.10/site-packages:${PYTHONPATH} /usr/bin/python3 -W ignore:setup.py install is deprecated -W ignore:easy_install command is deprecated setup.py egg_info --egg-base ../../build/rqt_chat build --build-base /home/rishiraj/GSOC_Playmotion2_plugin_based_system/ros2_ws/build/rqt_chat/build install --record /home/rishiraj/GSOC_Playmotion2_plugin_based_system/ros2_ws/build/rqt_chat/install.log --single-version-externally-managed install_data --force
[1.642s] running egg_info
[1.643s] writing ../../build/rqt_chat/rqt_chat.egg-info/PKG-INFO
[1.643s] writing dependency_links to ../../build/rqt_chat/rqt_chat.egg-info/dependency_links.txt
[1.643s] writing entry points to ../../build/rqt_chat/rqt_chat.egg-info/entry_points.txt
[1.643s] writing requirements to ../../build/rqt_chat/rqt_chat.egg-info/requires.txt
[1.643s] writing top-level names to ../../build/rqt_chat/rqt_chat.egg-info/top_level.txt
[1.645s] reading manifest file '../../build/rqt_chat/rqt_chat.egg-info/SOURCES.txt'
[1.645s] adding license file 'LICENSE'
[1.646s] writing manifest file '../../build/rqt_chat/rqt_chat.egg-info/SOURCES.txt'
[1.646s] running build
[1.646s] running build_py
[1.646s] creating /home/rishiraj/GSOC_Playmotion2_plugin_based_system/ros2_ws/build/rqt_chat/build
[1.646s] creating /home/rishiraj/GSOC_Playmotion2_plugin_based_system/ros2_ws/build/rqt_chat/build/lib
[1.646s] creating /home/rishiraj/GSOC_Playmotion2_plugin_based_system/ros2_ws/build/rqt_chat/build/lib/rqt_chat
[1.646s] copying rqt_chat/chat_widgets.py -> /home/rishiraj/GSOC_Playmotion2_plugin_based_system/ros2_ws/build/rqt_chat/build/lib/rqt_chat
[1.646s] copying rqt_chat/chat_widget.py -> /home/rishiraj/GSOC_Playmotion2_plugin_based_system/ros2_ws/build/rqt_chat/build/lib/rqt_chat
[1.647s] copying rqt_chat/__init__.py -> /home/rishiraj/GSOC_Playmotion2_plugin_based_system/ros2_ws/build/rqt_chat/build/lib/rqt_chat
[1.647s] copying rqt_chat/chat.py -> /home/rishiraj/GSOC_Playmotion2_plugin_based_system/ros2_ws/build/rqt_chat/build/lib/rqt_chat
[1.647s] running install
[1.647s] running install_lib
[1.648s] creating /home/rishiraj/GSOC_Playmotion2_plugin_based_system/ros2_ws/install/rqt_chat/lib/python3.10/site-packages/rqt_chat
[1.648s] copying /home/rishiraj/GSOC_Playmotion2_plugin_based_system/ros2_ws/build/rqt_chat/build/lib/rqt_chat/chat_widgets.py -> /home/rishiraj/GSOC_Playmotion2_plugin_based_system/ros2_ws/install/rqt_chat/lib/python3.10/site-packages/rqt_chat
[1.648s] copying /home/rishiraj/GSOC_Playmotion2_plugin_based_system/ros2_ws/build/rqt_chat/build/lib/rqt_chat/chat_widget.py -> /home/rishiraj/GSOC_Playmotion2_plugin_based_system/ros2_ws/install/rqt_chat/lib/python3.10/site-packages/rqt_chat
[1.648s] copying /home/rishiraj/GSOC_Playmotion2_plugin_based_system/ros2_ws/build/rqt_chat/build/lib/rqt_chat/__init__.py -> /home/rishiraj/GSOC_Playmotion2_plugin_based_system/ros2_ws/install/rqt_chat/lib/python3.10/site-packages/rqt_chat
[1.648s] copying /home/rishiraj/GSOC_Playmotion2_plugin_based_system/ros2_ws/build/rqt_chat/build/lib/rqt_chat/chat.py -> /home/rishiraj/GSOC_Playmotion2_plugin_based_system/ros2_ws/install/rqt_chat/lib/python3.10/site-packages/rqt_chat
[1.649s] byte-compiling /home/rishiraj/GSOC_Playmotion2_plugin_based_system/ros2_ws/install/rqt_chat/lib/python3.10/site-packages/rqt_chat/chat_widgets.py to chat_widgets.cpython-310.pyc
[1.651s] byte-compiling /home/rishiraj/GSOC_Playmotion2_plugin_based_system/ros2_ws/install/rqt_chat/lib/python3.10/site-packages/rqt_chat/chat_widget.py to chat_widget.cpython-310.pyc
[1.651s] byte-compiling /home/rishiraj/GSOC_Playmotion2_plugin_based_system/ros2_ws/install/rqt_chat/lib/python3.10/site-packages/rqt_chat/__init__.py to __init__.cpython-310.pyc
[1.651s] byte-compiling /home/rishiraj/GSOC_Playmotion2_plugin_based_system/ros2_ws/install/rqt_chat/lib/python3.10/site-packages/rqt_chat/chat.py to chat.cpython-310.pyc
[1.652s] running install_data
[1.652s] copying resource/rqt_chat -> /home/rishiraj/GSOC_Playmotion2_plugin_based_system/ros2_ws/install/rqt_chat/share/ament_index/resource_index/packages
[1.652s] copying package.xml -> /home/rishiraj/GSOC_Playmotion2_plugin_based_system/ros2_ws/install/rqt_chat/share/rqt_chat
[1.652s] copying plugin.xml -> /home/rishiraj/GSOC_Playmotion2_plugin_based_system/ros2_ws/install/rqt_chat/share/rqt_chat
[1.652s] copying resource/chat.ui -> /home/rishiraj/GSOC_Playmotion2_plugin_based_system/ros2_ws/install/rqt_chat/share/rqt_chat/resource
[1.652s] copying resource/send-circle.svg -> /home/rishiraj/GSOC_Playmotion2_plugin_based_system/ros2_ws/install/rqt_chat/share/rqt_chat/resource
[1.653s] copying resource/robot.svg -> /home/rishiraj/GSOC_Playmotion2_plugin_based_system/ros2_ws/install/rqt_chat/share/rqt_chat/resource
[1.653s] copying resource/face.svg -> /home/rishiraj/GSOC_Playmotion2_plugin_based_system/ros2_ws/install/rqt_chat/share/rqt_chat/resource
[1.653s] copying resource/intent.svg -> /home/rishiraj/GSOC_Playmotion2_plugin_based_system/ros2_ws/install/rqt_chat/share/rqt_chat/resource
[1.653s] copying resource/spinner.gif -> /home/rishiraj/GSOC_Playmotion2_plugin_based_system/ros2_ws/install/rqt_chat/share/rqt_chat/resource
[1.653s] copying resource/waiting-icon.svg -> /home/rishiraj/GSOC_Playmotion2_plugin_based_system/ros2_ws/install/rqt_chat/share/rqt_chat/resource
[1.654s] running install_egg_info
[1.655s] Copying ../../build/rqt_chat/rqt_chat.egg-info to /home/rishiraj/GSOC_Playmotion2_plugin_based_system/ros2_ws/install/rqt_chat/lib/python3.10/site-packages/rqt_chat-1.4.0-py3.10.egg-info
[1.656s] running install_scripts
[1.673s] writing list of installed files to '/home/rishiraj/GSOC_Playmotion2_plugin_based_system/ros2_ws/build/rqt_chat/install.log'
