[0.120s] DEBUG:colcon:Command line arguments: ['/usr/bin/colcon', 'list', '-p', '--base-paths', '/home/rishiraj/ros2_ws']
[0.120s] DEBUG:colcon:Parsed command line arguments: Namespace(log_base=None, log_level=None, verb_name='list', build_base='build', ignore_user_meta=False, metas=['./colcon.meta'], base_paths=['/home/rishiraj/ros2_ws'], packages_ignore=None, packages_ignore_regex=None, paths=None, packages_up_to=None, packages_up_to_regex=None, packages_above=None, packages_above_and_dependencies=None, packages_above_depth=None, packages_select_by_dep=None, packages_skip_by_dep=None, packages_skip_up_to=None, packages_select_build_failed=False, packages_skip_build_finished=False, packages_select_test_failures=False, packages_skip_test_passed=False, packages_select=None, packages_skip=None, packages_select_regex=None, packages_skip_regex=None, packages_start=None, packages_end=None, allow_overriding=[], topological_order=False, names_only=False, paths_only=True, topological_graph=False, topological_graph_dot=False, topological_graph_density=False, topological_graph_legend=False, topological_graph_dot_cluster=False, topological_graph_dot_include_skipped=False, verb_parser=<colcon_defaults.argument_parser.defaults.DefaultArgumentsDecorator object at 0x768f544bf4f0>, verb_extension=<colcon_package_information.verb.list.ListVerb object at 0x768f544be6b0>, main=<bound method ListVerb.main of <colcon_package_information.verb.list.ListVerb object at 0x768f544be6b0>>)
[0.341s] Level 1:colcon.colcon_core.package_discovery:discover_packages(colcon_meta) check parameters
[0.341s] Level 1:colcon.colcon_core.package_discovery:discover_packages(recursive) check parameters
[0.341s] Level 1:colcon.colcon_core.package_discovery:discover_packages(ignore) check parameters
[0.341s] Level 1:colcon.colcon_core.package_discovery:discover_packages(path) check parameters
[0.341s] Level 1:colcon.colcon_core.package_discovery:discover_packages(recursive) discover
[0.341s] INFO:colcon.colcon_core.package_discovery:Crawling recursively for packages in '/home/rishiraj/ros2_ws'
[0.341s] Level 1:colcon.colcon_core.package_identification:_identify(/home/rishiraj/ros2_ws) by extensions ['ignore', 'ignore_ament_install']
[0.342s] Level 1:colcon.colcon_core.package_identification:_identify(/home/rishiraj/ros2_ws) by extension 'ignore'
[0.342s] Level 1:colcon.colcon_core.package_identification:_identify(/home/rishiraj/ros2_ws) by extension 'ignore_ament_install'
[0.342s] Level 1:colcon.colcon_core.package_identification:_identify(/home/rishiraj/ros2_ws) by extensions ['colcon_pkg']
[0.342s] Level 1:colcon.colcon_core.package_identification:_identify(/home/rishiraj/ros2_ws) by extension 'colcon_pkg'
[0.342s] Level 1:colcon.colcon_core.package_identification:_identify(/home/rishiraj/ros2_ws) by extensions ['colcon_meta']
[0.342s] Level 1:colcon.colcon_core.package_identification:_identify(/home/rishiraj/ros2_ws) by extension 'colcon_meta'
[0.342s] Level 1:colcon.colcon_core.package_identification:_identify(/home/rishiraj/ros2_ws) by extensions ['ros']
[0.342s] Level 1:colcon.colcon_core.package_identification:_identify(/home/rishiraj/ros2_ws) by extension 'ros'
[0.357s] Level 1:colcon.colcon_core.package_identification:_identify(/home/rishiraj/ros2_ws) by extensions ['cmake', 'python']
[0.357s] Level 1:colcon.colcon_core.package_identification:_identify(/home/rishiraj/ros2_ws) by extension 'cmake'
[0.357s] Level 1:colcon.colcon_core.package_identification:_identify(/home/rishiraj/ros2_ws) by extension 'python'
[0.357s] Level 1:colcon.colcon_core.package_identification:_identify(/home/rishiraj/ros2_ws) by extensions ['python_setup_py']
[0.357s] Level 1:colcon.colcon_core.package_identification:_identify(/home/rishiraj/ros2_ws) by extension 'python_setup_py'
[0.357s] Level 1:colcon.colcon_core.package_identification:_identify(/home/rishiraj/ros2_ws/build) by extensions ['ignore', 'ignore_ament_install']
[0.357s] Level 1:colcon.colcon_core.package_identification:_identify(/home/rishiraj/ros2_ws/build) by extension 'ignore'
[0.357s] Level 1:colcon.colcon_core.package_identification:_identify(/home/rishiraj/ros2_ws/build) ignored
[0.358s] Level 1:colcon.colcon_core.package_identification:_identify(/home/rishiraj/ros2_ws/install) by extensions ['ignore', 'ignore_ament_install']
[0.358s] Level 1:colcon.colcon_core.package_identification:_identify(/home/rishiraj/ros2_ws/install) by extension 'ignore'
[0.358s] Level 1:colcon.colcon_core.package_identification:_identify(/home/rishiraj/ros2_ws/install) ignored
[0.358s] Level 1:colcon.colcon_core.package_identification:_identify(/home/rishiraj/ros2_ws/log) by extensions ['ignore', 'ignore_ament_install']
[0.358s] Level 1:colcon.colcon_core.package_identification:_identify(/home/rishiraj/ros2_ws/log) by extension 'ignore'
[0.358s] Level 1:colcon.colcon_core.package_identification:_identify(/home/rishiraj/ros2_ws/log) ignored
[0.358s] Level 1:colcon.colcon_core.package_identification:_identify(/home/rishiraj/ros2_ws/src) by extensions ['ignore', 'ignore_ament_install']
[0.358s] Level 1:colcon.colcon_core.package_identification:_identify(/home/rishiraj/ros2_ws/src) by extension 'ignore'
[0.358s] Level 1:colcon.colcon_core.package_identification:_identify(/home/rishiraj/ros2_ws/src) by extension 'ignore_ament_install'
[0.358s] Level 1:colcon.colcon_core.package_identification:_identify(/home/rishiraj/ros2_ws/src) by extensions ['colcon_pkg']
[0.358s] Level 1:colcon.colcon_core.package_identification:_identify(/home/rishiraj/ros2_ws/src) by extension 'colcon_pkg'
[0.358s] Level 1:colcon.colcon_core.package_identification:_identify(/home/rishiraj/ros2_ws/src) by extensions ['colcon_meta']
[0.358s] Level 1:colcon.colcon_core.package_identification:_identify(/home/rishiraj/ros2_ws/src) by extension 'colcon_meta'
[0.358s] Level 1:colcon.colcon_core.package_identification:_identify(/home/rishiraj/ros2_ws/src) by extensions ['ros']
[0.358s] Level 1:colcon.colcon_core.package_identification:_identify(/home/rishiraj/ros2_ws/src) by extension 'ros'
[0.358s] Level 1:colcon.colcon_core.package_identification:_identify(/home/rishiraj/ros2_ws/src) by extensions ['cmake', 'python']
[0.358s] Level 1:colcon.colcon_core.package_identification:_identify(/home/rishiraj/ros2_ws/src) by extension 'cmake'
[0.358s] Level 1:colcon.colcon_core.package_identification:_identify(/home/rishiraj/ros2_ws/src) by extension 'python'
[0.359s] Level 1:colcon.colcon_core.package_identification:_identify(/home/rishiraj/ros2_ws/src) by extensions ['python_setup_py']
[0.359s] Level 1:colcon.colcon_core.package_identification:_identify(/home/rishiraj/ros2_ws/src) by extension 'python_setup_py'
[0.359s] Level 1:colcon.colcon_core.package_identification:_identify(/home/rishiraj/ros2_ws/src/my_robot_contoller) by extensions ['ignore', 'ignore_ament_install']
[0.359s] Level 1:colcon.colcon_core.package_identification:_identify(/home/rishiraj/ros2_ws/src/my_robot_contoller) by extension 'ignore'
[0.359s] Level 1:colcon.colcon_core.package_identification:_identify(/home/rishiraj/ros2_ws/src/my_robot_contoller) by extension 'ignore_ament_install'
[0.359s] Level 1:colcon.colcon_core.package_identification:_identify(/home/rishiraj/ros2_ws/src/my_robot_contoller) by extensions ['colcon_pkg']
[0.359s] Level 1:colcon.colcon_core.package_identification:_identify(/home/rishiraj/ros2_ws/src/my_robot_contoller) by extension 'colcon_pkg'
[0.359s] Level 1:colcon.colcon_core.package_identification:_identify(/home/rishiraj/ros2_ws/src/my_robot_contoller) by extensions ['colcon_meta']
[0.359s] Level 1:colcon.colcon_core.package_identification:_identify(/home/rishiraj/ros2_ws/src/my_robot_contoller) by extension 'colcon_meta'
[0.359s] Level 1:colcon.colcon_core.package_identification:_identify(/home/rishiraj/ros2_ws/src/my_robot_contoller) by extensions ['ros']
[0.359s] Level 1:colcon.colcon_core.package_identification:_identify(/home/rishiraj/ros2_ws/src/my_robot_contoller) by extension 'ros'
[0.362s] DEBUG:colcon.colcon_core.package_identification:Package '/home/rishiraj/ros2_ws/src/my_robot_contoller' with type 'ros.ament_python' and name 'my_robot_contoller'
[0.362s] Level 1:colcon.colcon_core.package_identification:_identify(/home/rishiraj/ros2_ws/src/ros4hri) by extensions ['ignore', 'ignore_ament_install']
[0.362s] Level 1:colcon.colcon_core.package_identification:_identify(/home/rishiraj/ros2_ws/src/ros4hri) by extension 'ignore'
[0.363s] Level 1:colcon.colcon_core.package_identification:_identify(/home/rishiraj/ros2_ws/src/ros4hri) by extension 'ignore_ament_install'
[0.363s] Level 1:colcon.colcon_core.package_identification:_identify(/home/rishiraj/ros2_ws/src/ros4hri) by extensions ['colcon_pkg']
[0.363s] Level 1:colcon.colcon_core.package_identification:_identify(/home/rishiraj/ros2_ws/src/ros4hri) by extension 'colcon_pkg'
[0.363s] Level 1:colcon.colcon_core.package_identification:_identify(/home/rishiraj/ros2_ws/src/ros4hri) by extensions ['colcon_meta']
[0.363s] Level 1:colcon.colcon_core.package_identification:_identify(/home/rishiraj/ros2_ws/src/ros4hri) by extension 'colcon_meta'
[0.363s] Level 1:colcon.colcon_core.package_identification:_identify(/home/rishiraj/ros2_ws/src/ros4hri) by extensions ['ros']
[0.363s] Level 1:colcon.colcon_core.package_identification:_identify(/home/rishiraj/ros2_ws/src/ros4hri) by extension 'ros'
[0.363s] Level 1:colcon.colcon_core.package_identification:_identify(/home/rishiraj/ros2_ws/src/ros4hri) by extensions ['cmake', 'python']
[0.363s] Level 1:colcon.colcon_core.package_identification:_identify(/home/rishiraj/ros2_ws/src/ros4hri) by extension 'cmake'
[0.363s] Level 1:colcon.colcon_core.package_identification:_identify(/home/rishiraj/ros2_ws/src/ros4hri) by extension 'python'
[0.363s] Level 1:colcon.colcon_core.package_identification:_identify(/home/rishiraj/ros2_ws/src/ros4hri) by extensions ['python_setup_py']
[0.363s] Level 1:colcon.colcon_core.package_identification:_identify(/home/rishiraj/ros2_ws/src/ros4hri) by extension 'python_setup_py'
[0.363s] Level 1:colcon.colcon_core.package_identification:_identify(/home/rishiraj/ros2_ws/src/ros4hri/doc) by extensions ['ignore', 'ignore_ament_install']
[0.363s] Level 1:colcon.colcon_core.package_identification:_identify(/home/rishiraj/ros2_ws/src/ros4hri/doc) by extension 'ignore'
[0.363s] Level 1:colcon.colcon_core.package_identification:_identify(/home/rishiraj/ros2_ws/src/ros4hri/doc) by extension 'ignore_ament_install'
[0.363s] Level 1:colcon.colcon_core.package_identification:_identify(/home/rishiraj/ros2_ws/src/ros4hri/doc) by extensions ['colcon_pkg']
[0.363s] Level 1:colcon.colcon_core.package_identification:_identify(/home/rishiraj/ros2_ws/src/ros4hri/doc) by extension 'colcon_pkg'
[0.363s] Level 1:colcon.colcon_core.package_identification:_identify(/home/rishiraj/ros2_ws/src/ros4hri/doc) by extensions ['colcon_meta']
[0.363s] Level 1:colcon.colcon_core.package_identification:_identify(/home/rishiraj/ros2_ws/src/ros4hri/doc) by extension 'colcon_meta'
[0.363s] Level 1:colcon.colcon_core.package_identification:_identify(/home/rishiraj/ros2_ws/src/ros4hri/doc) by extensions ['ros']
[0.363s] Level 1:colcon.colcon_core.package_identification:_identify(/home/rishiraj/ros2_ws/src/ros4hri/doc) by extension 'ros'
[0.364s] Level 1:colcon.colcon_core.package_identification:_identify(/home/rishiraj/ros2_ws/src/ros4hri/doc) by extensions ['cmake', 'python']
[0.364s] Level 1:colcon.colcon_core.package_identification:_identify(/home/rishiraj/ros2_ws/src/ros4hri/doc) by extension 'cmake'
[0.364s] Level 1:colcon.colcon_core.package_identification:_identify(/home/rishiraj/ros2_ws/src/ros4hri/doc) by extension 'python'
[0.364s] Level 1:colcon.colcon_core.package_identification:_identify(/home/rishiraj/ros2_ws/src/ros4hri/doc) by extensions ['python_setup_py']
[0.364s] Level 1:colcon.colcon_core.package_identification:_identify(/home/rishiraj/ros2_ws/src/ros4hri/doc) by extension 'python_setup_py'
[0.364s] Level 1:colcon.colcon_core.package_identification:_identify(/home/rishiraj/ros2_ws/src/rqt_chat) by extensions ['ignore', 'ignore_ament_install']
[0.364s] Level 1:colcon.colcon_core.package_identification:_identify(/home/rishiraj/ros2_ws/src/rqt_chat) by extension 'ignore'
[0.364s] Level 1:colcon.colcon_core.package_identification:_identify(/home/rishiraj/ros2_ws/src/rqt_chat) by extension 'ignore_ament_install'
[0.364s] Level 1:colcon.colcon_core.package_identification:_identify(/home/rishiraj/ros2_ws/src/rqt_chat) by extensions ['colcon_pkg']
[0.364s] Level 1:colcon.colcon_core.package_identification:_identify(/home/rishiraj/ros2_ws/src/rqt_chat) by extension 'colcon_pkg'
[0.364s] Level 1:colcon.colcon_core.package_identification:_identify(/home/rishiraj/ros2_ws/src/rqt_chat) by extensions ['colcon_meta']
[0.364s] Level 1:colcon.colcon_core.package_identification:_identify(/home/rishiraj/ros2_ws/src/rqt_chat) by extension 'colcon_meta'
[0.364s] Level 1:colcon.colcon_core.package_identification:_identify(/home/rishiraj/ros2_ws/src/rqt_chat) by extensions ['ros']
[0.364s] Level 1:colcon.colcon_core.package_identification:_identify(/home/rishiraj/ros2_ws/src/rqt_chat) by extension 'ros'
[0.365s] DEBUG:colcon.colcon_core.package_identification:Package '/home/rishiraj/ros2_ws/src/rqt_chat' with type 'ros.ament_python' and name 'rqt_chat'
[0.365s] Level 1:colcon.colcon_core.package_discovery:discover_packages(recursive) using defaults
