[2.333s] Invoking command in '/home/rishiraj/GSOC_Playmotion2_plugin_based_system/ros2_ws/src/my_robot_contoller': PYTHONPATH=/home/rishiraj/GSOC_Playmotion2_plugin_based_system/ros2_ws/build/my_robot_contoller/prefix_override:/usr/lib/python3/dist-packages/colcon_core/task/python/colcon_distutils_commands:/home/rishiraj/GSOC_Playmotion2_plugin_based_system/ros2_ws/install/my_robot_contoller/lib/python3.10/site-packages:${PYTHONPATH} /usr/bin/python3 -W ignore:setup.py install is deprecated -W ignore:easy_install command is deprecated setup.py egg_info --egg-base ../../build/my_robot_contoller build --build-base /home/rishiraj/GSOC_Playmotion2_plugin_based_system/ros2_ws/build/my_robot_contoller/build install --record /home/rishiraj/GSOC_Playmotion2_plugin_based_system/ros2_ws/build/my_robot_contoller/install.log --single-version-externally-managed install_data
[2.970s] running egg_info
[2.973s] writing ../../build/my_robot_contoller/my_robot_contoller.egg-info/PKG-INFO
[2.973s] writing dependency_links to ../../build/my_robot_contoller/my_robot_contoller.egg-info/dependency_links.txt
[2.973s] writing entry points to ../../build/my_robot_contoller/my_robot_contoller.egg-info/entry_points.txt
[2.973s] writing requirements to ../../build/my_robot_contoller/my_robot_contoller.egg-info/requires.txt
[2.977s] writing top-level names to ../../build/my_robot_contoller/my_robot_contoller.egg-info/top_level.txt
[2.982s] reading manifest file '../../build/my_robot_contoller/my_robot_contoller.egg-info/SOURCES.txt'
[2.986s] writing manifest file '../../build/my_robot_contoller/my_robot_contoller.egg-info/SOURCES.txt'
[2.986s] running build
[2.986s] running build_py
[2.988s] running install
[2.991s] running install_lib
[2.996s] running install_data
[2.997s] running install_egg_info
[3.003s] removing '/home/rishiraj/GSOC_Playmotion2_plugin_based_system/ros2_ws/install/my_robot_contoller/lib/python3.10/site-packages/my_robot_contoller-0.0.0-py3.10.egg-info' (and everything under it)
[3.009s] Copying ../../build/my_robot_contoller/my_robot_contoller.egg-info to /home/rishiraj/GSOC_Playmotion2_plugin_based_system/ros2_ws/install/my_robot_contoller/lib/python3.10/site-packages/my_robot_contoller-0.0.0-py3.10.egg-info
[3.011s] running install_scripts
[3.070s] Installing draw_circle script to /home/rishiraj/GSOC_Playmotion2_plugin_based_system/ros2_ws/install/my_robot_contoller/lib/my_robot_contoller
[3.072s] Installing pose_subscriber script to /home/rishiraj/GSOC_Playmotion2_plugin_based_system/ros2_ws/install/my_robot_contoller/lib/my_robot_contoller
[3.076s] Installing test_node script to /home/rishiraj/GSOC_Playmotion2_plugin_based_system/ros2_ws/install/my_robot_contoller/lib/my_robot_contoller
[3.076s] writing list of installed files to '/home/rishiraj/GSOC_Playmotion2_plugin_based_system/ros2_ws/build/my_robot_contoller/install.log'
[3.184s] Invoked command in '/home/rishiraj/GSOC_Playmotion2_plugin_based_system/ros2_ws/src/my_robot_contoller' returned '0': PYTHONPATH=/home/rishiraj/GSOC_Playmotion2_plugin_based_system/ros2_ws/build/my_robot_contoller/prefix_override:/usr/lib/python3/dist-packages/colcon_core/task/python/colcon_distutils_commands:/home/rishiraj/GSOC_Playmotion2_plugin_based_system/ros2_ws/install/my_robot_contoller/lib/python3.10/site-packages:${PYTHONPATH} /usr/bin/python3 -W ignore:setup.py install is deprecated -W ignore:easy_install command is deprecated setup.py egg_info --egg-base ../../build/my_robot_contoller build --build-base /home/rishiraj/GSOC_Playmotion2_plugin_based_system/ros2_ws/build/my_robot_contoller/build install --record /home/rishiraj/GSOC_Playmotion2_plugin_based_system/ros2_ws/build/my_robot_contoller/install.log --single-version-externally-managed install_data
