[0.448s] Invoking command in '/home/rishiraj/ros2_ws/src/rqt_chat': PYTHONPATH=/home/rishiraj/ros2_ws/build/rqt_chat/prefix_override:/usr/lib/python3/dist-packages/colcon_core/task/python/colcon_distutils_commands:/home/rishiraj/ros2_ws/install/rqt_chat/lib/python3.10/site-packages:${PYTHONPATH} /usr/bin/python3 -W ignore:setup.py install is deprecated -W ignore:easy_install command is deprecated setup.py egg_info --egg-base ../../build/rqt_chat build --build-base /home/rishiraj/ros2_ws/build/rqt_chat/build install --record /home/rishiraj/ros2_ws/build/rqt_chat/install.log --single-version-externally-managed install_data
[0.619s] running egg_info
[0.619s] writing ../../build/rqt_chat/rqt_chat.egg-info/PKG-INFO
[0.620s] writing dependency_links to ../../build/rqt_chat/rqt_chat.egg-info/dependency_links.txt
[0.620s] writing entry points to ../../build/rqt_chat/rqt_chat.egg-info/entry_points.txt
[0.620s] writing requirements to ../../build/rqt_chat/rqt_chat.egg-info/requires.txt
[0.620s] writing top-level names to ../../build/rqt_chat/rqt_chat.egg-info/top_level.txt
[0.621s] reading manifest file '../../build/rqt_chat/rqt_chat.egg-info/SOURCES.txt'
[0.621s] adding license file 'LICENSE'
[0.622s] writing manifest file '../../build/rqt_chat/rqt_chat.egg-info/SOURCES.txt'
[0.622s] running build
[0.622s] running build_py
[0.622s] running install
[0.622s] running install_lib
[0.623s] running install_data
[0.623s] running install_egg_info
[0.625s] removing '/home/rishiraj/ros2_ws/install/rqt_chat/lib/python3.10/site-packages/rqt_chat-1.4.0-py3.10.egg-info' (and everything under it)
[0.625s] Copying ../../build/rqt_chat/rqt_chat.egg-info to /home/rishiraj/ros2_ws/install/rqt_chat/lib/python3.10/site-packages/rqt_chat-1.4.0-py3.10.egg-info
[0.625s] running install_scripts
[0.641s] writing list of installed files to '/home/rishiraj/ros2_ws/build/rqt_chat/install.log'
[0.660s] Invoked command in '/home/rishiraj/ros2_ws/src/rqt_chat' returned '0': PYTHONPATH=/home/rishiraj/ros2_ws/build/rqt_chat/prefix_override:/usr/lib/python3/dist-packages/colcon_core/task/python/colcon_distutils_commands:/home/rishiraj/ros2_ws/install/rqt_chat/lib/python3.10/site-packages:${PYTHONPATH} /usr/bin/python3 -W ignore:setup.py install is deprecated -W ignore:easy_install command is deprecated setup.py egg_info --egg-base ../../build/rqt_chat build --build-base /home/rishiraj/ros2_ws/build/rqt_chat/build install --record /home/rishiraj/ros2_ws/build/rqt_chat/install.log --single-version-externally-managed install_data
