[0.837s] Invoking command in '/home/rishiraj/GSOC_Playmotion2_plugin_based_system/ros2_ws/src/rqt_chat': PYTHONPATH=/home/rishiraj/GSOC_Playmotion2_plugin_based_system/ros2_ws/build/rqt_chat/prefix_override:/usr/lib/python3/dist-packages/colcon_core/task/python/colcon_distutils_commands:/home/rishiraj/GSOC_Playmotion2_plugin_based_system/ros2_ws/install/rqt_chat/lib/python3.10/site-packages:${PYTHONPATH} /usr/bin/python3 -W ignore:setup.py install is deprecated -W ignore:easy_install command is deprecated setup.py egg_info --egg-base ../../build/rqt_chat build --build-base /home/rishiraj/GSOC_Playmotion2_plugin_based_system/ros2_ws/build/rqt_chat/build install --record /home/rishiraj/GSOC_Playmotion2_plugin_based_system/ros2_ws/build/rqt_chat/install.log --single-version-externally-managed install_data
[1.067s] running egg_info
[1.068s] creating ../../build/rqt_chat/rqt_chat.egg-info
[1.068s] writing ../../build/rqt_chat/rqt_chat.egg-info/PKG-INFO
[1.068s] writing dependency_links to ../../build/rqt_chat/rqt_chat.egg-info/dependency_links.txt
[1.068s] writing entry points to ../../build/rqt_chat/rqt_chat.egg-info/entry_points.txt
[1.068s] writing requirements to ../../build/rqt_chat/rqt_chat.egg-info/requires.txt
[1.068s] writing top-level names to ../../build/rqt_chat/rqt_chat.egg-info/top_level.txt
[1.068s] writing manifest file '../../build/rqt_chat/rqt_chat.egg-info/SOURCES.txt'
[1.070s] reading manifest file '../../build/rqt_chat/rqt_chat.egg-info/SOURCES.txt'
[1.070s] adding license file 'LICENSE'
[1.071s] writing manifest file '../../build/rqt_chat/rqt_chat.egg-info/SOURCES.txt'
[1.071s] running build
[1.071s] running build_py
[1.071s] creating /home/rishiraj/GSOC_Playmotion2_plugin_based_system/ros2_ws/build/rqt_chat/build
[1.071s] creating /home/rishiraj/GSOC_Playmotion2_plugin_based_system/ros2_ws/build/rqt_chat/build/lib
[1.071s] creating /home/rishiraj/GSOC_Playmotion2_plugin_based_system/ros2_ws/build/rqt_chat/build/lib/rqt_chat
[1.071s] copying rqt_chat/chat_widgets.py -> /home/rishiraj/GSOC_Playmotion2_plugin_based_system/ros2_ws/build/rqt_chat/build/lib/rqt_chat
[1.072s] copying rqt_chat/chat_widget.py -> /home/rishiraj/GSOC_Playmotion2_plugin_based_system/ros2_ws/build/rqt_chat/build/lib/rqt_chat
[1.072s] copying rqt_chat/__init__.py -> /home/rishiraj/GSOC_Playmotion2_plugin_based_system/ros2_ws/build/rqt_chat/build/lib/rqt_chat
[1.072s] copying rqt_chat/chat.py -> /home/rishiraj/GSOC_Playmotion2_plugin_based_system/ros2_ws/build/rqt_chat/build/lib/rqt_chat
[1.072s] running install
[1.072s] running install_lib
[1.073s] creating /home/rishiraj/GSOC_Playmotion2_plugin_based_system/ros2_ws/install/rqt_chat/lib/python3.10/site-packages/rqt_chat
[1.073s] copying /home/rishiraj/GSOC_Playmotion2_plugin_based_system/ros2_ws/build/rqt_chat/build/lib/rqt_chat/chat_widgets.py -> /home/rishiraj/GSOC_Playmotion2_plugin_based_system/ros2_ws/install/rqt_chat/lib/python3.10/site-packages/rqt_chat
[1.073s] copying /home/rishiraj/GSOC_Playmotion2_plugin_based_system/ros2_ws/build/rqt_chat/build/lib/rqt_chat/chat_widget.py -> /home/rishiraj/GSOC_Playmotion2_plugin_based_system/ros2_ws/install/rqt_chat/lib/python3.10/site-packages/rqt_chat
[1.073s] copying /home/rishiraj/GSOC_Playmotion2_plugin_based_system/ros2_ws/build/rqt_chat/build/lib/rqt_chat/__init__.py -> /home/rishiraj/GSOC_Playmotion2_plugin_based_system/ros2_ws/install/rqt_chat/lib/python3.10/site-packages/rqt_chat
[1.073s] copying /home/rishiraj/GSOC_Playmotion2_plugin_based_system/ros2_ws/build/rqt_chat/build/lib/rqt_chat/chat.py -> /home/rishiraj/GSOC_Playmotion2_plugin_based_system/ros2_ws/install/rqt_chat/lib/python3.10/site-packages/rqt_chat
[1.074s] byte-compiling /home/rishiraj/GSOC_Playmotion2_plugin_based_system/ros2_ws/install/rqt_chat/lib/python3.10/site-packages/rqt_chat/chat_widgets.py to chat_widgets.cpython-310.pyc
[1.076s] byte-compiling /home/rishiraj/GSOC_Playmotion2_plugin_based_system/ros2_ws/install/rqt_chat/lib/python3.10/site-packages/rqt_chat/chat_widget.py to chat_widget.cpython-310.pyc
[1.077s] byte-compiling /home/rishiraj/GSOC_Playmotion2_plugin_based_system/ros2_ws/install/rqt_chat/lib/python3.10/site-packages/rqt_chat/__init__.py to __init__.cpython-310.pyc
[1.077s] byte-compiling /home/rishiraj/GSOC_Playmotion2_plugin_based_system/ros2_ws/install/rqt_chat/lib/python3.10/site-packages/rqt_chat/chat.py to chat.cpython-310.pyc
[1.077s] running install_data
[1.077s] creating /home/rishiraj/GSOC_Playmotion2_plugin_based_system/ros2_ws/install/rqt_chat/share/ament_index
[1.077s] creating /home/rishiraj/GSOC_Playmotion2_plugin_based_system/ros2_ws/install/rqt_chat/share/ament_index/resource_index
[1.077s] creating /home/rishiraj/GSOC_Playmotion2_plugin_based_system/ros2_ws/install/rqt_chat/share/ament_index/resource_index/packages
[1.077s] copying resource/rqt_chat -> /home/rishiraj/GSOC_Playmotion2_plugin_based_system/ros2_ws/install/rqt_chat/share/ament_index/resource_index/packages
[1.078s] copying package.xml -> /home/rishiraj/GSOC_Playmotion2_plugin_based_system/ros2_ws/install/rqt_chat/share/rqt_chat
[1.078s] copying plugin.xml -> /home/rishiraj/GSOC_Playmotion2_plugin_based_system/ros2_ws/install/rqt_chat/share/rqt_chat
[1.078s] creating /home/rishiraj/GSOC_Playmotion2_plugin_based_system/ros2_ws/install/rqt_chat/share/rqt_chat/resource
[1.078s] copying resource/chat.ui -> /home/rishiraj/GSOC_Playmotion2_plugin_based_system/ros2_ws/install/rqt_chat/share/rqt_chat/resource
[1.078s] copying resource/send-circle.svg -> /home/rishiraj/GSOC_Playmotion2_plugin_based_system/ros2_ws/install/rqt_chat/share/rqt_chat/resource
[1.078s] copying resource/robot.svg -> /home/rishiraj/GSOC_Playmotion2_plugin_based_system/ros2_ws/install/rqt_chat/share/rqt_chat/resource
[1.078s] copying resource/face.svg -> /home/rishiraj/GSOC_Playmotion2_plugin_based_system/ros2_ws/install/rqt_chat/share/rqt_chat/resource
[1.078s] copying resource/intent.svg -> /home/rishiraj/GSOC_Playmotion2_plugin_based_system/ros2_ws/install/rqt_chat/share/rqt_chat/resource
[1.078s] copying resource/spinner.gif -> /home/rishiraj/GSOC_Playmotion2_plugin_based_system/ros2_ws/install/rqt_chat/share/rqt_chat/resource
[1.078s] copying resource/waiting-icon.svg -> /home/rishiraj/GSOC_Playmotion2_plugin_based_system/ros2_ws/install/rqt_chat/share/rqt_chat/resource
[1.078s] running install_egg_info
[1.080s] Copying ../../build/rqt_chat/rqt_chat.egg-info to /home/rishiraj/GSOC_Playmotion2_plugin_based_system/ros2_ws/install/rqt_chat/lib/python3.10/site-packages/rqt_chat-1.4.0-py3.10.egg-info
[1.081s] running install_scripts
[1.098s] writing list of installed files to '/home/rishiraj/GSOC_Playmotion2_plugin_based_system/ros2_ws/build/rqt_chat/install.log'
[1.131s] Invoked command in '/home/rishiraj/GSOC_Playmotion2_plugin_based_system/ros2_ws/src/rqt_chat' returned '0': PYTHONPATH=/home/rishiraj/GSOC_Playmotion2_plugin_based_system/ros2_ws/build/rqt_chat/prefix_override:/usr/lib/python3/dist-packages/colcon_core/task/python/colcon_distutils_commands:/home/rishiraj/GSOC_Playmotion2_plugin_based_system/ros2_ws/install/rqt_chat/lib/python3.10/site-packages:${PYTHONPATH} /usr/bin/python3 -W ignore:setup.py install is deprecated -W ignore:easy_install command is deprecated setup.py egg_info --egg-base ../../build/rqt_chat build --build-base /home/rishiraj/GSOC_Playmotion2_plugin_based_system/ros2_ws/build/rqt_chat/build install --record /home/rishiraj/GSOC_Playmotion2_plugin_based_system/ros2_ws/build/rqt_chat/install.log --single-version-externally-managed install_data
