-- Found ament_cmake: 1.3.11 (/opt/ros/humble/share/ament_cmake/cmake)
-- Override CMake install command with custom implementation using symlinks instead of copying resources
-- Found rclcpp: 16.0.11 (/opt/ros/humble/share/rclcpp/cmake)
-- Found rosidl_generator_c: 3.1.6 (/opt/ros/humble/share/rosidl_generator_c/cmake)
-- Found rosidl_adapter: 3.1.6 (/opt/ros/humble/share/rosidl_adapter/cmake)
-- Found rosidl_generator_cpp: 3.1.6 (/opt/ros/humble/share/rosidl_generator_cpp/cmake)
-- Using all available rosidl_typesupport_c: rosidl_typesupport_fastrtps_c;rosidl_typesupport_introspection_c
-- Using all available rosidl_typesupport_cpp: rosidl_typesupport_fastrtps_cpp;rosidl_typesupport_introspection_cpp
-- Found rmw_implementation_cmake: 6.1.2 (/opt/ros/humble/share/rmw_implementation_cmake/cmake)
-- Found rmw_fastrtps_cpp: 6.2.7 (/opt/ros/humble/share/rmw_fastrtps_cpp/cmake)
-- Using RMW implementation 'rmw_fastrtps_cpp' as default
-- Found pluginlib: 5.1.0 (/opt/ros/humble/share/pluginlib/cmake)
-- Configuring done
-- Generating done
-- Build files have been written to: /home/rishiraj/GSOC_Playmotion2_plugin_based_system/ros2_ws/build/string_plugin_system
[ 16%] [32mBuilding CXX object CMakeFiles/reverse_plugin.dir/src/plugins/reverse_plugin.cpp.o[0m
[ 33%] [32mBuilding CXX object CMakeFiles/count_plugin.dir/src/plugins/count_plugin.cpp.o[0m
[ 50%] [32mBuilding CXX object CMakeFiles/main_node.dir/src/main_node.cpp.o[0m
[01m[K/home/rishiraj/GSOC_Playmotion2_plugin_based_system/ros2_ws/src/string_plugin_system/src/plugins/reverse_plugin.cpp:1:10:[m[K [01;31m[Kfatal error: [m[Kstring_plugin_system/string_plugin_base.hpp: No such file or directory
    1 | #include [01;31m[K"string_plugin_system/string_plugin_base.hpp"[m[K
      |          [01;31m[K^~~~~~~~~~~~~~~~~~~~~~~~~~~~~~~~~~~~~~~~~~~~~[m[K
compilation terminated.
gmake[2]: *** [CMakeFiles/reverse_plugin.dir/build.make:76: CMakeFiles/reverse_plugin.dir/src/plugins/reverse_plugin.cpp.o] Error 1
gmake[1]: *** [CMakeFiles/Makefile2:141: CMakeFiles/reverse_plugin.dir/all] Error 2
gmake[1]: *** Waiting for unfinished jobs....
[01m[K/home/rishiraj/GSOC_Playmotion2_plugin_based_system/ros2_ws/src/string_plugin_system/src/plugins/count_plugin.cpp:1:10:[m[K [01;31m[Kfatal error: [m[Kstring_plugin_system/string_plugin_base.hpp: No such file or directory
    1 | #include [01;31m[K"string_plugin_system/string_plugin_base.hpp"[m[K
      |          [01;31m[K^~~~~~~~~~~~~~~~~~~~~~~~~~~~~~~~~~~~~~~~~~~~~[m[K
compilation terminated.
gmake[2]: *** [CMakeFiles/count_plugin.dir/build.make:76: CMakeFiles/count_plugin.dir/src/plugins/count_plugin.cpp.o] Error 1
gmake[1]: *** [CMakeFiles/Makefile2:167: CMakeFiles/count_plugin.dir/all] Error 2
[01m[K/home/rishiraj/GSOC_Playmotion2_plugin_based_system/ros2_ws/src/string_plugin_system/src/main_node.cpp:3:10:[m[K [01;31m[Kfatal error: [m[Kstring_plugin_system/string_plugin_base.hpp: No such file or directory
    3 | #include [01;31m[K"string_plugin_system/string_plugin_base.hpp"[m[K
      |          [01;31m[K^~~~~~~~~~~~~~~~~~~~~~~~~~~~~~~~~~~~~~~~~~~~~[m[K
compilation terminated.
gmake[2]: *** [CMakeFiles/main_node.dir/build.make:76: CMakeFiles/main_node.dir/src/main_node.cpp.o] Error 1
gmake[1]: *** [CMakeFiles/Makefile2:193: CMakeFiles/main_node.dir/all] Error 2
gmake: *** [Makefile:146: all] Error 2
