[0.500s] Invoking command in '/home/rishiraj/GSOC_Playmotion2_plugin_based_system/ros2_ws/build/string_plugin_system': CMAKE_PREFIX_PATH=${CMAKE_PREFIX_PATH}:/home/rishiraj/ros2_ws/install/rqt_chat:/home/rishiraj/ros2_ws/install/tiago_arm_trajectory:/home/rishiraj/ros2_ws/install/my_robot_contoller:/home/rishiraj/tiago_public_ws/install/launch_pal:/opt/ros/humble /usr/bin/cmake /home/rishiraj/GSOC_Playmotion2_plugin_based_system/ros2_ws/src/string_plugin_system -DAMENT_CMAKE_SYMLINK_INSTALL=1 -DCMAKE_INSTALL_PREFIX=/home/rishiraj/GSOC_Playmotion2_plugin_based_system/ros2_ws/install/string_plugin_system
[0.510s] -- Found ament_cmake: 1.3.11 (/opt/ros/humble/share/ament_cmake/cmake)
[0.667s] -- Override CMake install command with custom implementation using symlinks instead of copying resources
[0.676s] -- Found rclcpp: 16.0.11 (/opt/ros/humble/share/rclcpp/cmake)
[0.723s] -- Found rosidl_generator_c: 3.1.6 (/opt/ros/humble/share/rosidl_generator_c/cmake)
[0.725s] -- Found rosidl_adapter: 3.1.6 (/opt/ros/humble/share/rosidl_adapter/cmake)
[0.729s] -- Found rosidl_generator_cpp: 3.1.6 (/opt/ros/humble/share/rosidl_generator_cpp/cmake)
[0.743s] -- Using all available rosidl_typesupport_c: rosidl_typesupport_fastrtps_c;rosidl_typesupport_introspection_c
[0.755s] -- Using all available rosidl_typesupport_cpp: rosidl_typesupport_fastrtps_cpp;rosidl_typesupport_introspection_cpp
[0.785s] -- Found rmw_implementation_cmake: 6.1.2 (/opt/ros/humble/share/rmw_implementation_cmake/cmake)
[0.788s] -- Found rmw_fastrtps_cpp: 6.2.7 (/opt/ros/humble/share/rmw_fastrtps_cpp/cmake)
[0.911s] -- Using RMW implementation 'rmw_fastrtps_cpp' as default
[0.961s] -- Found pluginlib: 5.1.0 (/opt/ros/humble/share/pluginlib/cmake)
[1.104s] -- Configuring done
[1.151s] -- Generating done
[1.160s] -- Build files have been written to: /home/rishiraj/GSOC_Playmotion2_plugin_based_system/ros2_ws/build/string_plugin_system
[1.183s] Invoked command in '/home/rishiraj/GSOC_Playmotion2_plugin_based_system/ros2_ws/build/string_plugin_system' returned '0': CMAKE_PREFIX_PATH=${CMAKE_PREFIX_PATH}:/home/rishiraj/ros2_ws/install/rqt_chat:/home/rishiraj/ros2_ws/install/tiago_arm_trajectory:/home/rishiraj/ros2_ws/install/my_robot_contoller:/home/rishiraj/tiago_public_ws/install/launch_pal:/opt/ros/humble /usr/bin/cmake /home/rishiraj/GSOC_Playmotion2_plugin_based_system/ros2_ws/src/string_plugin_system -DAMENT_CMAKE_SYMLINK_INSTALL=1 -DCMAKE_INSTALL_PREFIX=/home/rishiraj/GSOC_Playmotion2_plugin_based_system/ros2_ws/install/string_plugin_system
[1.184s] Invoking command in '/home/rishiraj/GSOC_Playmotion2_plugin_based_system/ros2_ws/build/string_plugin_system': CMAKE_PREFIX_PATH=${CMAKE_PREFIX_PATH}:/home/rishiraj/ros2_ws/install/rqt_chat:/home/rishiraj/ros2_ws/install/tiago_arm_trajectory:/home/rishiraj/ros2_ws/install/my_robot_contoller:/home/rishiraj/tiago_public_ws/install/launch_pal:/opt/ros/humble /usr/bin/cmake --build /home/rishiraj/GSOC_Playmotion2_plugin_based_system/ros2_ws/build/string_plugin_system -- -j8 -l8
[1.244s] [ 16%] [32mBuilding CXX object CMakeFiles/reverse_plugin.dir/src/plugins/reverse_plugin.cpp.o[0m
[1.256s] [ 33%] [32mBuilding CXX object CMakeFiles/count_plugin.dir/src/plugins/count_plugin.cpp.o[0m
[1.256s] [ 50%] [32mBuilding CXX object CMakeFiles/main_node.dir/src/main_node.cpp.o[0m
[1.265s] [01m[K/home/rishiraj/GSOC_Playmotion2_plugin_based_system/ros2_ws/src/string_plugin_system/src/plugins/reverse_plugin.cpp:1:10:[m[K [01;31m[Kfatal error: [m[Kstring_plugin_system/string_plugin_base.hpp: No such file or directory
[1.265s]     1 | #include [01;31m[K"string_plugin_system/string_plugin_base.hpp"[m[K
[1.265s]       |          [01;31m[K^~~~~~~~~~~~~~~~~~~~~~~~~~~~~~~~~~~~~~~~~~~~~[m[K
[1.265s] compilation terminated.
[1.265s] gmake[2]: *** [CMakeFiles/reverse_plugin.dir/build.make:76: CMakeFiles/reverse_plugin.dir/src/plugins/reverse_plugin.cpp.o] Error 1
[1.266s] gmake[1]: *** [CMakeFiles/Makefile2:141: CMakeFiles/reverse_plugin.dir/all] Error 2
[1.266s] gmake[1]: *** Waiting for unfinished jobs....
[1.274s] [01m[K/home/rishiraj/GSOC_Playmotion2_plugin_based_system/ros2_ws/src/string_plugin_system/src/plugins/count_plugin.cpp:1:10:[m[K [01;31m[Kfatal error: [m[Kstring_plugin_system/string_plugin_base.hpp: No such file or directory
[1.274s]     1 | #include [01;31m[K"string_plugin_system/string_plugin_base.hpp"[m[K
[1.274s]       |          [01;31m[K^~~~~~~~~~~~~~~~~~~~~~~~~~~~~~~~~~~~~~~~~~~~~[m[K
[1.274s] compilation terminated.
[1.275s] gmake[2]: *** [CMakeFiles/count_plugin.dir/build.make:76: CMakeFiles/count_plugin.dir/src/plugins/count_plugin.cpp.o] Error 1
[1.275s] gmake[1]: *** [CMakeFiles/Makefile2:167: CMakeFiles/count_plugin.dir/all] Error 2
[1.662s] [01m[K/home/rishiraj/GSOC_Playmotion2_plugin_based_system/ros2_ws/src/string_plugin_system/src/main_node.cpp:3:10:[m[K [01;31m[Kfatal error: [m[Kstring_plugin_system/string_plugin_base.hpp: No such file or directory
[1.662s]     3 | #include [01;31m[K"string_plugin_system/string_plugin_base.hpp"[m[K
[1.662s]       |          [01;31m[K^~~~~~~~~~~~~~~~~~~~~~~~~~~~~~~~~~~~~~~~~~~~~[m[K
[1.662s] compilation terminated.
[1.664s] gmake[2]: *** [CMakeFiles/main_node.dir/build.make:76: CMakeFiles/main_node.dir/src/main_node.cpp.o] Error 1
[1.665s] gmake[1]: *** [CMakeFiles/Makefile2:193: CMakeFiles/main_node.dir/all] Error 2
[1.665s] gmake: *** [Makefile:146: all] Error 2
[1.666s] Invoked command in '/home/rishiraj/GSOC_Playmotion2_plugin_based_system/ros2_ws/build/string_plugin_system' returned '2': CMAKE_PREFIX_PATH=${CMAKE_PREFIX_PATH}:/home/rishiraj/ros2_ws/install/rqt_chat:/home/rishiraj/ros2_ws/install/tiago_arm_trajectory:/home/rishiraj/ros2_ws/install/my_robot_contoller:/home/rishiraj/tiago_public_ws/install/launch_pal:/opt/ros/humble /usr/bin/cmake --build /home/rishiraj/GSOC_Playmotion2_plugin_based_system/ros2_ws/build/string_plugin_system -- -j8 -l8
