running egg_info
writing ../../build/my_robot_contoller/my_robot_contoller.egg-info/PKG-INFO
writing dependency_links to ../../build/my_robot_contoller/my_robot_contoller.egg-info/dependency_links.txt
writing entry points to ../../build/my_robot_contoller/my_robot_contoller.egg-info/entry_points.txt
writing requirements to ../../build/my_robot_contoller/my_robot_contoller.egg-info/requires.txt
writing top-level names to ../../build/my_robot_contoller/my_robot_contoller.egg-info/top_level.txt
reading manifest file '../../build/my_robot_contoller/my_robot_contoller.egg-info/SOURCES.txt'
writing manifest file '../../build/my_robot_contoller/my_robot_contoller.egg-info/SOURCES.txt'
running build
running build_py
copying my_robot_contoller/my_first_node.py -> /home/rishiraj/ros2_ws/build/my_robot_contoller/build/lib/my_robot_contoller
running install
running install_lib
copying /home/rishiraj/ros2_ws/build/my_robot_contoller/build/lib/my_robot_contoller/my_first_node.py -> /home/rishiraj/ros2_ws/install/my_robot_contoller/lib/python3.10/site-packages/my_robot_contoller
byte-compiling /home/rishiraj/ros2_ws/install/my_robot_contoller/lib/python3.10/site-packages/my_robot_contoller/my_first_node.py to my_first_node.cpython-310.pyc
running install_data
running install_egg_info
removing '/home/rishiraj/ros2_ws/install/my_robot_contoller/lib/python3.10/site-packages/my_robot_contoller-0.0.0-py3.10.egg-info' (and everything under it)
Copying ../../build/my_robot_contoller/my_robot_contoller.egg-info to /home/rishiraj/ros2_ws/install/my_robot_contoller/lib/python3.10/site-packages/my_robot_contoller-0.0.0-py3.10.egg-info
running install_scripts
Installing test_node script to /home/rishiraj/ros2_ws/install/my_robot_contoller/lib/my_robot_contoller
writing list of installed files to '/home/rishiraj/ros2_ws/build/my_robot_contoller/install.log'
